#spike pk sha3.rv
./sha3
Starting
00000000000000ff 0000000000000000 0000000000000000 0000000000000000 0000000000000000 
0000000000000000 0000000000000000 0000000000000000 0000000000000000 0000000000000000 
0000000000000000 0000000000000000 0000000000000000 0000000000000000 0000000000000000 
0000000000000000 0000000000000000 0000000000000000 0000000000000000 0000000000000000 
0000000000000000 0000000000000000 0000000000000000 0000000000000000 0000000000000000 

After Theta:
00000000000000ff 0000000000000000 0000000000000000 0000000000000000 0000000000000000 
00000000000000ff 00000000000000ff 00000000000000ff 00000000000000ff 00000000000000ff 
0000000000000000 0000000000000000 0000000000000000 0000000000000000 0000000000000000 
0000000000000000 0000000000000000 0000000000000000 0000000000000000 0000000000000000 
00000000000001fe 00000000000001fe 00000000000001fe 00000000000001fe 00000000000001fe 

After RhoPi:
00000000000000ff 0000000000000000 00000000000001fe 0000000ff0000000 0000000000000000 
000ff00000000000 000000001fe00000 0000000000000000 0000000000000000 0000000000000000 
0000000000000000 0000000000000000 0000000000000000 000000000003fc00 0000ff0000000000 
0000000000000000 001fe00000000000 000000000001fe00 0000000000000000 0000000000000000 
00000000007f8000 0000000000000000 0000000000000000 0000000000000000 00000000000003fc 

After Chi:
00000000000000ff 0000000000000000 00000000000001fe 0000000ff003fc00 0000ff0000000000 
000ff00000000000 001fe0001fe00000 000000000001fe00 0000000000000000 0000000000000000 
00000000007f8000 0000000000000000 0000000000000000 000000000003fc00 0000ff00000003fc 
00000000000000ff 001fe00000000000 000000000001fffe 0000000ff0000000 0000000000000000 
000ff000007f8000 000000001fe00000 0000000000000000 0000000000000000 00000000000003fc 

After Iota:
00000000000000fe 0000000000000000 00000000000001fe 0000000ff003fc00 0000ff0000000000 
000ff00000000000 001fe0001fe00000 000000000001fe00 0000000000000000 0000000000000000 
00000000007f8000 0000000000000000 0000000000000000 000000000003fc00 0000ff00000003fc 
00000000000000ff 001fe00000000000 000000000001fffe 0000000ff0000000 0000000000000000 
000ff000007f8000 000000001fe00000 0000000000000000 0000000000000000 00000000000003fc 

After Theta:
002fd000205c7f02 002fd000205c7ffc 002fd000205c7e02 002fd00fd05f83fc 002f2f00205c7ffc 
000ef10ff0fb02f8 001ee10fef1b02f8 0001010ff0fafcf8 0001010ff0fb02f8 0001010ff0fb02f8 
002fd01fff9d8002 002fd01fffe20002 002fd01fffe20002 002fd01fffe1fc02 002f2f1fffe203fe 
001f1f003f4378fb 0000ff003f437804 001f1f003f4287fa 001f1f0fcf437804 001f1f003f437804 
0011ee1010798501 001e1e100fe60501 001e1e1010060501 001e1e1010060501 001e1e10100606fd 

After RhoPi:
002fd000205c7f02 03f4378fb001f1f0 001de21fe1f605f0 8083cc2808008f70 800bf407ffe76000 
b02f8001ee10fef1 e100fe60501001e1 0bf407fff8800080 05c7ffc002fd0002 0200007f801fa1bc 
100010017e80ffff 017e800102e3f010 007e850ff4003e3e 04043fc3ebf3e000 030280800f0f0808 
e1f9e86f008003e3 605f00002021fe1f 1e1e101006050100 e80ffff0fe010017 bf07f8005fa01fa0 
8784040181bf4007 c005e5e3fffc407f bc008171fff000bc 04001f1f003f4378 0004043fc3ec0be0 

After Chi:
002fc00030dc7e0c 038a378eb2e201e0 0017621fe5f63bce 8083cc2be1026f70 81097487f0e76800 
51d6686fee10fef1 8101fe6070100fee 15f417effa850180 edcc3ff016fd0015 be05787fd0bfb61c 
16041401ffbfbffb 817e65e2dd3ff070 a07e046e0df03e82 00043fccebcda368 030284bf8f430848 
e1d2386f20c03ce3 63af120c20204f9f 1e03721e06030440 688c3fd0f6018c17 3f0c080063a37fa0 
378404004fbfc0f6 20052d83bfec407e b7e08491e7f000bc 01442cdf02c2437a 02040447c3f48a5c 

After Iota:
002fc00030dcfe8e 038a378eb2e201e0 0017621fe5f63bce 8083cc2be1026f70 81097487f0e76800 
51d6686fee10fef1 8101fe6070100fee 15f417effa850180 edcc3ff016fd0015 be05787fd0bfb61c 
16041401ffbfbffb 817e65e2dd3ff070 a07e046e0df03e82 00043fccebcda368 030284bf8f430848 
e1d2386f20c03ce3 63af120c20204f9f 1e03721e06030440 688c3fd0f6018c17 3f0c080063a37fa0 
378404004fbfc0f6 20052d83bfec407e b7e08491e7f000bc 01442cdf02c2437a 02040447c3f48a5c 

After Theta:
8edbc955a3c73ab1 8d7e3edb21f9c5df 8ee36b4a76edfff1 0e77c57e7219ab4f 0ffd7dd263fcac3f 
3bebd8ae0fc08973 eb3c4ea191c0786c 7fc9a72e1b557602 87f18f31f72d7797 d438c8be316fc19e 
17120d357bfbf07a 80687cd6597bbff1 a1681d5a89b47103 011226f86f89ece9 02149d8b0b0747c9 
9393fd84c61474ef 11eed7e7c6f40793 6c42b7f5e0d74c4c 1acdfa3b10d5c41b 4d4dcdeb857737ac 
f80a31d730a5c3dd ef8b1854c0f64355 786eb14698ea0397 ceca19087dd84051 cd8a3190bcee8977 

After RhoPi:
8edbc955a3c73ab1 4c61474ef9393fd8 77d7b15c1f8112e6 b9852e1eefc0518e 85c4834d5efefc1e 
0786ceb3c4ea191c 854c0f64355ef8b1 1a1f35965eeffc60 1f9c5df8d7e3edb2 c988f76bf3e37a03 
a3881d0b40ead44d 771b5a53b76fff8c ebc1ae9898d8856f 269cb86d55d809ff 7501cbbc3758a34c 
47621ab8836359bf aef2f0fe31e63ee5 ca19087dd84051ce 137c37c4f6748089 33569e1cef8afce4 
8c642f3ba25df362 204293b16160e8f9 f7498ff2b0fc3ff5 ac4d4dcdeb857737 50e322f8c5bf067b 

After Chi:
2ed3d85da3c7fef0 3e72175d7b1838d4 96173b549f9113e9 99858e1befd851c3 b1c58bd95ae67d52 
43e4cc0347eb10ae 0dacafc835def8d0 1a0735f31eeface0 0efc5a7875c76db2 cbdee36b3b6126a3 
2b8c380860f6760d 771b5952f76f3f94 de81291ab864ab5e 8a9df0645c597ec9 35a0eb5c376da157 
45f9dafc82e1512e e2d3b4b0a9ff29e5 ca8f3871d74151cc 02fc15d6f2348001 b6521f19f5ca04e0 
8d602999e675f26e a14e9b91652628d8 ff418b70f092d3f5 aa551c2dfba6db07 18eb56da64be047a 

After Iota:
aed3d85da3c77e7a 3e72175d7b1838d4 96173b549f9113e9 99858e1befd851c3 b1c58bd95ae67d52 
43e4cc0347eb10ae 0dacafc835def8d0 1a0735f31eeface0 0efc5a7875c76db2 cbdee36b3b6126a3 
2b8c380860f6760d 771b5952f76f3f94 de81291ab864ab5e 8a9df0645c597ec9 35a0eb5c376da157 
45f9dafc82e1512e e2d3b4b0a9ff29e5 ca8f3871d74151cc 02fc15d6f2348001 b6521f19f5ca04e0 
8d602999e675f26e a14e9b91652628d8 ff418b70f092d3f5 aa551c2dfba6db07 18eb56da64be047a 

After Theta:
edd975840be6b75b 7d78ba84d339f1f5 d51d968d37b0dac8 da8f23c247f998e2 f2cf2600f2c7b473 
17449b653c0913ca 590cf8ae4e3cfbb4 4ea76295650daf84 5a5c0d1e0e256ed6 9f7eb40d408325c7 
08f76ec6b5c9224f 54600f9c22506bd6 fdfa7fd46d5bff1c a9e6a6aa89662a8b 16dbbd92e252f515 
bb706e9b1f9bc00b 1c5a00d73485b8c0 34068c164a3bc0e9 fc75a1b16f4e1124 48dbab7e68b095c5 
09869646f934ac24 25a8244e7a677692 7ba734afefd38dbf 2eb3a3f2e4e7854d 9c0de9057bff5a30 

After RhoPi:
edd975840be6b75b b1f9bc00bbb706e9 2e8936ca78122794 37c9a561204c34b2 c23ddbb1ad724893 
cfbb4590cf8ae4e3 44e7a67769225a82 1803e708941af595 339f1f57d78ba84d 600e2d006b9a42dc 
dff8e7efd3fea36a a8ecb469bd86d646 2c947781d2680d18 9d8a559436be113a e9c6dfbdd39a57f7 
362de9c2249f8eb4 addacb4b81a3c1c4 b3a3f2e4e7854d2e 535544b31545d4f3 f331c5b51e47848f 
7a415effd68c2703 a2db77b25c4a5ea2 9803cb1ed1cfcb3c c548dbab7e68b095 7dfad035020c971e 

After Chi:
fd99d7eb1b92b453 19f1ac082f3382ad 0a1d264b3a722f9c bbc9e5e100782580 4bfd090c3d725db0 
efbe4d90eb8be877 41f5ed7569035b02 8b20676cb19fb5b3 71ca1f74d6ca6c8c 723f2d0067dfc2d4 
97b8f1d201fe8269 aaed80d9e1cec864 24947e9bc2228f08 1982ce9c5c96313e e50ccfbdd39244e7 
b3b5c8c22dfd1eec bcfa434b2216c18d 952bc624cf9569ae 61d460f31541d0d1 7134ce35b335cc0e 
78635eef128467a3 e6dd75c51c4a06a0 88010a1e55c71b3d c55ec1bda9eb38d8 5df8f43540849552 

After Iota:
7d99d7eb9b923453 19f1ac082f3382ad 0a1d264b3a722f9c bbc9e5e100782580 4bfd090c3d725db0 
efbe4d90eb8be877 41f5ed7569035b02 8b20676cb19fb5b3 71ca1f74d6ca6c8c 723f2d0067dfc2d4 
97b8f1d201fe8269 aaed80d9e1cec864 24947e9bc2228f08 1982ce9c5c96313e e50ccfbdd39244e7 
b3b5c8c22dfd1eec bcfa434b2216c18d 952bc624cf9569ae 61d460f31541d0d1 7134ce35b335cc0e 
78635eef128467a3 e6dd75c51c4a06a0 88010a1e55c71b3d c55ec1bda9eb38d8 5df8f43540849552 

After Theta:
bebd28ac2df1b2db dad5534f99500425 c939d90c8c11a914 78ed1aa6b61ba308 88d9f64b8b11db38 
bb61e1b6027f689c 152a415380f7dbe9 dfffcb4a586b3558 2515b3523f3eec67 26e081268e2b423f 
a42fc2f94fe97ed6 997ab3f2afd934db 17034db08c3573b7 2a15fdb71281cd81 d69bfc969d85b858 
4ac8ef0ae4260159 45876483ebcdde38 6c56e1ec064e761b 98a9473bdc9acf64 8849e9fd7aeed3bb 
ce64df0f133d0f16 50daf4251df36e15 3e068bfe547e7388 7359405da852506d ebff75d5413dfde7 

After RhoPi:
bebd28ac2df1b2db ae42601594ac8ef0 76c3c36c04fed139 7899e878b67326f8 a90bf0be53fa5fb5 
7dbe9152a415380f 4251df36e1550daf 5eacfcabf64d36e6 9500425dad5534f9 1c22c3b241f5e6ef 
ab9db8b81a6d8461 49cec864608d48a6 d80c9cec36d8adc3 ff2d2961acd5637f 3f39c41f0345ff2a 
e77b9359ec931528 dd8ce4a2b66a47e7 59405da852506d73 fedb8940e6c0950a 374610f1da354d6c 
dd75504f7f79faff 1ad37f92d3b0b70b d92e2c476ce22367 bb8849e9fd7aeed3 9b82049a38ad08fc 

After Chi:
3cbc0004379936bb a7cc60559424cef0 f6c3c328046e5838 12b4c158b6f365fe 8a12f4b351fa46b5 
39dc921340872907 d651fbb477370aee 5fecbdabb64d76d6 95d2c25def55a0f9 1c64d35299c5e6ab 
b399f8be09056eb6 4b9dd374211df8ae 5822bcab1a7aafc7 fe2d69c8b5ef09ae b7b9c01523cdffba 
c5f3bbf9ec131528 798ce4a7b2664f17 7f819e80524cbd6b beca2950e4c19522 174fe0d599671a6d 
9c77c11dff7df2fb 5ac2e0b0b2e1b604 d10210c49ee305a1 3e884becf47efed2 8fa2079a38a8a8b6 

After Iota:
3cbc00043799b630 a7cc60559424cef0 f6c3c328046e5838 12b4c158b6f365fe 8a12f4b351fa46b5 
39dc921340872907 d651fbb477370aee 5fecbdabb64d76d6 95d2c25def55a0f9 1c64d35299c5e6ab 
b399f8be09056eb6 4b9dd374211df8ae 5822bcab1a7aafc7 fe2d69c8b5ef09ae b7b9c01523cdffba 
c5f3bbf9ec131528 798ce4a7b2664f17 7f819e80524cbd6b beca2950e4c19522 174fe0d599671a6d 
9c77c11dff7df2fb 5ac2e0b0b2e1b604 d10210c49ee305a1 3e884becf47efed2 8fa2079a38a8a8b6 

After Theta:
e98ef71cc6ea87d0 72fe974d6557ff10 23f13430f51d69d8 c78636404780541e 5f2003aba0897755 
1fad79f848dcb523 f020105f7f6c96ca 799d5640be16eaf2 b3a329b6e70e3cdd 3a1538b9919e7a8f 
5eb82d0b1d56aded a6bc06c1354e3bf5 b503691e0e296c9c 130cbc7da1bccaf5 5a9815a0379e3ce1 
617b7f7b7701f496 dd0420252974aea9 db095a02c95e5cd5 1a42edd27fd3749c b3c724570275fbd3 
1c27e4620f569d87 da92c5cf42cad978 515235bb6ec86add bed86e93045591ae 0ff222e5c883c7ca 

After RhoPi:
e98ef71cc6ea87d0 b7701f496617b7f7 3f5af3f091b96a46 107ab4ec38e13f23 57ae0b42c755ab7b 
c96caf020105f7f6 5cf42cad978da92c af01b04d538efd69 557ff1072fe974d6 54ee82101294ba57 
4b64e5a81b48f071 1f89a187a8eb4ec1 0592bcb9abb612b4 755902f85babc9e6 64356ea8a91addb7 
ba4ffa6e9383485d c79bb6746536dce1 d86e93045591aebe 5e3ed0de657a8986 00a83d8f0c6c808f 
88b97220f1f283fc 2b5302b406f3c79c 0eae8225dd557c80 d3b3c724570275fb e854e2e64679ea3c 

After Chi:
eb8eb7b4dca287d1 b4799e4b4e75f136 3fc8ff40398968d2 307ab61468e3b603 77bf67ea6e5feedb 
7967b5448186fffa 9ce63addd299390c 776db349078f5163 5f5921010bb974d6 5466931716f0ba5f 
4bd4e5a87b3873d1 37c9a107aa2a4ddd 0312bc9823f242b4 f4d805d849abbd9f 8c61acc8eb0bb787 
db497f72958b4c5d 53bbab3d0532ec82 e93ee2d45539acf8 5e76e0164d9b8386 1702348f8d6881cc 
88d97a22f0f7f3da 63d72210977bcf94 8eaf82289f53e9a9 96b68627500a352f e81462f656f9fa38 

After Iota:
eb8eb7b45ca287d0 b4799e4b4e75f136 3fc8ff40398968d2 307ab61468e3b603 77bf67ea6e5feedb 
7967b5448186fffa 9ce63addd299390c 776db349078f5163 5f5921010bb974d6 5466931716f0ba5f 
4bd4e5a87b3873d1 37c9a107aa2a4ddd 0312bc9823f242b4 f4d805d849abbd9f 8c61acc8eb0bb787 
db497f72958b4c5d 53bbab3d0532ec82 e93ee2d45539acf8 5e76e0164d9b8386 1702348f8d6881cc 
88d97a22f0f7f3da 63d72210977bcf94 8eaf82289f53e9a9 96b68627500a352f e81462f656f9fa38 

After Theta:
c32a94f3313c2f19 9cddbd0c23eb59ff 176cdc075417c01b 18de9553057d1eca 5f1b44ad03c14612 
51f1104b0ce45456 b4709fd25ffb92a0 5ffb16468aedfacf 77cf840e86dbdf7a 7cf036189b9211f3 
8376af6a38073617 ff6bebc5e915081b cbb0f65a60cd0772 3c7a4f1a0a94f859 44c3e60aa834f241 
eaf953c239930f1d 620b878da92aafc2 d88ece64f921efb8 6fc6cca6e183c0c6 26b2183f2170c28c 
ef9596a2ae40706f 049bce90c9cc4c21 e9e36ea8c1e46a1c f1fa6aa70ebdb69a 8f588e76084e798d 

After RhoPi:
c32a94f3313c2f19 239930f1deaf953c a3e2209619c8a8ac 157203837f7cacb5 e0ddabda8e01cd85 
b92a0b4709fd25ff e90c9cc4c21049bc dafaf17a454206ff 3eb59ff9cddbd0c2 e13105c3c6d49557 
683b965d87b2d306 bb66e03aa0be00d8 c9f243df71b11d9c ec591a2bb7eb3d7f f2350e74f1b75460 
94dc307818cdf8d9 7bef4ef9f081d0db fa6aa70ebdb69af1 278d054a7c2c9e3d fa3d9431bd2aa60a 
239d82139e6363d6 28987cc155069e48 12b40f0518497c6d 8c26b2183f2170c2 f3c0d8626e4847cd 

After Chi:
833b00ebb73efd19 31fb50cbfe01957c a2e222132979b1ac d53a03814d5c8188 f2d9a1eebf228da5 
2dee2b6711b00d26 a9859205921199bf e8f2557ac944849e 3d319ab985df52c2 e93995c2cadc375d 
4b3a145e0190d000 bb76d03aa5b80ed8 c9664bde71f87990 647ba83bb4ea5dbd f3f54636b3f715a5 
54fe249839d1f4d0 78ee4ec97a28d1ef 5b28879cbc361a71 36dd04c93c701208 fa20b7a93d2b2e0a 
1b9d891796a26330 e09cf0c55516d6c8 4aacde6d5c4b7a3e a6a32e60bfa22080 f2e0dc632e9c579f 

After Iota:
033b00eb373e7d98 31fb50cbfe01957c a2e222132979b1ac d53a03814d5c8188 f2d9a1eebf228da5 
2dee2b6711b00d26 a9859205921199bf e8f2557ac944849e 3d319ab985df52c2 e93995c2cadc375d 
4b3a145e0190d000 bb76d03aa5b80ed8 c9664bde71f87990 647ba83bb4ea5dbd f3f54636b3f715a5 
54fe249839d1f4d0 78ee4ec97a28d1ef 5b28879cbc361a71 36dd04c93c701208 fa20b7a93d2b2e0a 
1b9d891796a26330 e09cf0c55516d6c8 4aacde6d5c4b7a3e a6a32e60bfa22080 f2e0dc632e9c579f 

After Theta:
97f6939132332e70 a536c3b1fb0cc694 362fb1692c74e244 41f790fb4851d260 66143294ba2fde4d 
c7673854a61386e2 430c813625b2127b 027b46497ee70f5a d7b8898a327cd906 03b086f17d7fbc99 
84214a66f95ea301 746d8e025d767dd9 067d15e689360a91 ab60f6034c242ebc 3cee180e4b3966a4 
3186ee57f69f6a33 1d968406b5664f0c 3e504d5373788492 53a5ce06f33e8ceb 9f587d66f265b0e9 
cfdb77024c46cab7 34da0ed08ff27f4f 9eea207886afd3b9 72e5d07565468907 26a62276f478fe18 

After RhoPi:
97f6939132332e70 7f69f6a333186ee5 8ece70a94c270dc5 12623655be7edbb8 61085299be57a8c0 
2127b430c813625b ed08ff27f4f34da0 1b6380975d9f765d b0cc694a536c3b1f 860ecb42035ab327 
b0548833e8af3449 b17d8b4963a71221 a6e6f109247ca09a ed1925fb9c3d6809 57e9dccf75103c43 
c0de67d19d6a74b9 9b20daf71131464f e5d0756546890772 7b01a612175e55b0 a3a4c083ef21f690 
889dbd1e3f8609a9 879dc301c9672cd4 ca52e8bf79359850 e99f587d66f265b0 0ec21bc5f5fef264 

After Chi:
07a69b92129f3a70 6f1cf6eb301c7ce4 2a4a01a16c478d47 5f7332e4326f9bb8 30e94614ca57a480 
61add3f0dd5322eb e708af91e4e309ee 5a7384f31f1e713d a2cceb4a502e2eaf 260acb42897b71b7 
b855103dca2b3d49 b5e08a49abe13ab1 ace479931d48389a 6d877d96fc9d4809 5babc78b65ce3c27 
d7bc65509d5b52e9 e340ee552329046e e15c6565428b02f7 696180128f52cfb8 c2ac809be520fe10 
a89c993ef78649a2 079dca050d842dd4 db7368a968adea48 4913117727f245b7 88c49287f4f6e143 

After Iota:
87a69b92129fba79 6f1cf6eb301c7ce4 2a4a01a16c478d47 5f7332e4326f9bb8 30e94614ca57a480 
61add3f0dd5322eb e708af91e4e309ee 5a7384f31f1e713d a2cceb4a502e2eaf 260acb42897b71b7 
b855103dca2b3d49 b5e08a49abe13ab1 ace479931d48389a 6d877d96fc9d4809 5babc78b65ce3c27 
d7bc65509d5b52e9 e340ee552329046e e15c6565428b02f7 696180128f52cfb8 c2ac809be520fe10 
a89c993ef78649a2 079dca050d842dd4 db7368a968adea48 4913117727f245b7 88c49287f4f6e143 

After Theta:
822292c5acc29af3 6a98ffbc8e415c6e 2fce08f6d21aadcd 5af73bb38c32bb32 356d4f43740a840a 
e23d782da00dc090 6498044c99bdeb95 d9e32f2e62409346 215c40972d70ccd4 a59a609ff42593cc 
1c9e157418c6f3d9 112b8f00790cf421 082f7cdacfa5f60a c94c78df2e708699 ff60c2c2b723f2b7 
2b8a4c6efbdc4c30 1f76c76b45ae1ab7 1d6a4c5b240c1c2e 9557a92ce9d5d161 3e9aa9a583a7e0c9 
8c2547860cf5c5bf 232414bdf6f7a1c9 ffcab61193de6655 6daacfcfdc81c9aa ac7d4c3f0f856d5e 

After RhoPi:
822292c5acc29af3 efbdc4c302b8a4c6 c47af05b401b8121 3067ae2dfc612a3c 4727855d0631bcf6 
deb956498044c99b 4bdf6f7a1c923241 4ae3c01e433d0844 e415c6e6a98ffbc8 5b8fbb63b5a2d70d 
2fb050417be6d67d 7e7047b690d56e69 b64818385c3ad498 8cbcb989024d1b67 ef332affe55b08c9 
259d3aba2c32aaf5 199a842b8812e5ae aacfcfdc81c9aa6d 3c6f9738434ce4a6 657664b5ee776718 
530fc3e15b57ab1f ffec185856e47e56 3d0dd02a1028d5b5 c93e9aa9a583a7e0 9669827fd0964f32 

After Chi:
a32292c5d7608c97 db9dc44782fde8ee 7072e87b5c1955b9 38cf9724fe212a1b e31785c14668b436 
deb47cf38454e11b 4a55ef731490b3c7 426407dac2fc2221 d456c0d6e88f1f48 5bcbff63bf86b01d 
7db2910028a3d777 98145fe6c6317439 a348081a4c1a8108 4dacb108a6ce1827 7d3aa8b5f5db00eb 
a5bd2abe88b2ba15 198b40a8880a652e 6abdef8dc1daaa6d 0c2eb33c1b2cecba 247061b5e856d7dc 
0f9687e95b53ea17 ffae33604ae66c57 378cd02e130cddf1 0d2eda6ba40d7620 8ee1b85d61140c3b 

After Iota:
a32292c5d7608c1d db9dc44782fde8ee 7072e87b5c1955b9 38cf9724fe212a1b e31785c14668b436 
deb47cf38454e11b 4a55ef731490b3c7 426407dac2fc2221 d456c0d6e88f1f48 5bcbff63bf86b01d 
7db2910028a3d777 98145fe6c6317439 a348081a4c1a8108 4dacb108a6ce1827 7d3aa8b5f5db00eb 
a5bd2abe88b2ba15 198b40a8880a652e 6abdef8dc1daaa6d 0c2eb33c1b2cecba 247061b5e856d7dc 
0f9687e95b53ea17 ffae33604ae66c57 378cd02e130cddf1 0d2eda6ba40d7620 8ee1b85d61140c3b 

After Theta:
5568c38a1aa312e7 2dd795084f3e7614 8638b93491dacb43 ce85c66b33e2b4e1 155dd48e8bab2acc 
e1506e6cd6a33b68 75b1fdec466769b4 7d801545900bf852 ebb2d249ba78c53b 642fedfced716a6e 
d90094cb49a294be 3ca65a2da73037f0 07fa0dd12d1bc2c1 e91eb4c3c7cf5bee d988ad7e94da4322 
5b33f8dcf66fc3cb e70592caf6d71cf0 94333defbf07d3b3 f2a0615e65f19564 dafeb3d7968bae02 
576888c20ad0fae8 a7503c4b1b657ca8 6f72df05428fcd0e 55d0d540f58e66df d61fb77630971cc4 

After RhoPi:
5568c38a1aa312e7 cf66fc3cb5b33f8d c2a0dcd9ad4676d1 105687d742bb4446 b6402532d268a52f 
769b475b1fdec466 c4b1b657ca8a7503 29968b69cc0dfc0f f3e76142dd795084 787382c9657b6b8e 
de16083fd06e8968 31c5c9a48ed65a1c df7e0fa76728667b 005516402fe149f6 47e68737b96f82a1 
2bccbe32ac9e540c 18a77d765a49374f d0d540f58e66df55 5a61e3e7adf7748f c569c39d0b8cd667 
eddd8c25c7313587 5b3115afd29b4864 523a2eacab305577 02dafeb3d7968bae 90bfb7f3b5c5a9b9 

After Chi:
dd6ccbaeda831bef fe22b59cb1e73591 14c8d85f8e6674a1 104691d7603b4d34 b1c420044a6c250e 
5753f15b334e9062 cc9382059a835040 2917cb39444b650b a9c780e55d6f648d f87ac24167fb3fc8 
1a07083a934fa8eb 72d5c92d0e44123c dd5421af46386659 00cf0a507de1c2d6 5770b3550d2eab39 
3becfdb8b41c566c 9ce195667f6900c6 505590a48a20fdd5 4a65e2a3adde30cf e329c39d49a4d261 
cf4e8874c26df187 5ba017ec98930866 7b2c2d8ceb39dd79 e17b9eb34ad69b2e d88c353a90d6e339 

After Iota:
dd6ccbaeda831b67 fe22b59cb1e73591 14c8d85f8e6674a1 104691d7603b4d34 b1c420044a6c250e 
5753f15b334e9062 cc9382059a835040 2917cb39444b650b a9c780e55d6f648d f87ac24167fb3fc8 
1a07083a934fa8eb 72d5c92d0e44123c dd5421af46386659 00cf0a507de1c2d6 5770b3550d2eab39 
3becfdb8b41c566c 9ce195667f6900c6 505590a48a20fdd5 4a65e2a3adde30cf e329c39d49a4d261 
cf4e8874c26df187 5ba017ec98930866 7b2c2d8ceb39dd79 e17b9eb34ad69b2e d88c353a90d6e339 

After Theta:
cd8c27b41f61bb31 eec25986740595c7 042834454b84d4f7 00a67dcda5d9ed62 a124cc1e8f8e8558 
0525559eabe2c8cc 9ee526c0022f08ee 7b616ffcdce73da5 fbb12420c5c33c23 aa0c6684ff576766 
454440700e03c525 2d96816793087ff2 821769e5db740b97 5f8c421ae0adaf18 0833fb1f9062c6f7 
75bf973fc86e5a12 d2b2ffe1031b0cb8 1e06fa23f652f1ab 04368824d1ac3cb1 ad7aa91a35d6de1f 
bd527e4df9e8dc8d 29bce1d5a316256c 0930dbb5d0bcf073 9367688a7153b624 aa90c303ab53ce33 

After RhoPi:
cd8c27b41f61bb31 fc86e5a1275bf973 0a4aab3d57c59198 6fcf46e46dea93f2 5151101c0380f149 
f08ee9ee526c0022 1d5a316256c29bce 65a059e4c21ffc8b 40595c7eec259867 5c69597ff0818d86 
a05cbc10bb4f2edb 2141a22a5c26a7b8 47eca5e3563c0df4 85bff3739cf695ed 5e783984986ddae8 
049a3587962086d1 67847f76248418b8 67688a7153b62493 210d7056d78c2fc6 b3dac4014cfb9b4b 
30c0ead4f38ceaa4 e1067f63f20c58de 307a3e3a15628493 1fad7aa91a35d6de a8319a13fd5d9d9a 

After Chi:
cddc33a4b66295e8 dc8767a92f7fdd43 08060f3e43e590ec ea69e5e57d38967a 5341309c0beca321 
f40ce869564c8022 5bde6c36764283ce 45a053f4c39ddc88 60595c7aaf2db265 fdeb9d7eb4138c85 
901c7640dac346ff a143a22b8e2ee7fe 57fe91e9527c8df4 9b1ff9da94c745f5 565923962969de78 
c99630a79a4197c0 7b04fff621d7b999 6d680b741133359b 414f7412b2462ee6 e29ac40d4e7bfb0a 
00c2229eb380eaa6 e05e6f21a28c5a52 55da6efa9578e890 1fbd62b39a30dedb a419d3700d5c911c 

After Iota:
cddc33a4366215e1 dc8767a92f7fdd43 08060f3e43e590ec ea69e5e57d38967a 5341309c0beca321 
f40ce869564c8022 5bde6c36764283ce 45a053f4c39ddc88 60595c7aaf2db265 fdeb9d7eb4138c85 
901c7640dac346ff a143a22b8e2ee7fe 57fe91e9527c8df4 9b1ff9da94c745f5 565923962969de78 
c99630a79a4197c0 7b04fff621d7b999 6d680b741133359b 414f7412b2462ee6 e29ac40d4e7bfb0a 
00c2229eb380eaa6 e05e6f21a28c5a52 55da6efa9578e890 1fbd62b39a30dedb a419d3700d5c911c 

After Theta:
2cbe8c7dd421c14a 3de5d870cd3c09e8 e964b0e7a1a64447 0b0b5a3c9f7b42d1 b2238f45e9af778a 
03b659be0c1f83c6 ac64dde12c11802a b21ae22399cedf6c 97e3edadf57eb181 0a512ca9ee408f61 
1f82889b8f5f3b27 2edd5cf0dbb29a26 d8606f3207e0f02c 14810701c15b382d d9c7dd4d7cf5a3a0 
7fb48a65074e0ffe cd264534bcd821a7 db4ab1b68c3cada5 f76dced02f49b6d8 54b87ecfd3746334 
3c064a30bd40fea3 dc9a078fac4c4e57 691e06549bb8fc95 23790a1d94f0cade 98ddbbde039c8519 

After RhoPi:
2cbe8c7dd421c14a 5074e0ffe7fb48a6 076cb37c183f078c 85ea07f519e03251 c7e0a226e3d7cec9 
1802aac64dde12c1 78fac4c4e57dc9a0 b7573c36eca6898b d3c09e83de5d870c d3e693229a5e6c10 
078166c30379903f 4b25873d0d32223f 6d18795b4bb69563 6b888e673b7db2c8 dc7e4ab48f032a4d 
da05e936db1eedb9 d63032fc7db5beaf 790a1d94f0cade23 8380e0ad9c168a40 f685a21616b4793e 
6ef780e721466637 1b38fba9af9eb474 3d17a6bdde2ac88e 3454b87ecfd37463 2944b2a7b9023d84 

After Chi:
2b3fc87cd6004174 5371e3c6eff96ab9 4f64f2351b2f13ec ade2079138c00291 cbf8eab2e6d6cc84 
c00623f295d87f41 eceaf40495f85520 a75538b25ceec38b 53c0fe0b5a5f8f0c f16733208aea3d22 
2373660223399239 422d4e3c8f38226f 690ddb72459695ef 5fdc963578bcc6eb d53e5a1526012ecd 
da0de52e0f3f6cf1 967432aa3dd4f62d 7b620cd4f0dfd923 022ae72c8c368850 3025a2165461bb77 
7ef7a265289874b6 33b2ffa9af9a3574 8d04aabf3aaa408d 6654207c09cef16f 3942a3a7a10a1d94 

After Iota:
2b3fc87c5600417e 5371e3c6eff96ab9 4f64f2351b2f13ec ade2079138c00291 cbf8eab2e6d6cc84 
c00623f295d87f41 eceaf40495f85520 a75538b25ceec38b 53c0fe0b5a5f8f0c f16733208aea3d22 
2373660223399239 422d4e3c8f38226f 690ddb72459695ef 5fdc963578bcc6eb d53e5a1526012ecd 
da0de52e0f3f6cf1 967432aa3dd4f62d 7b620cd4f0dfd923 022ae72c8c368850 3025a2165461bb77 
7ef7a265289874b6 33b2ffa9af9a3574 8d04aabf3aaa408d 6654207c09cef16f 3942a3a7a10a1d94 

After Theta:
e654f80b5b9a1b42 9e1ad3b1e2633085 820fc24216b549d0 608937e6355a58ad 0693dac5eb4c96b8 
94546987874d1240 b8b8be71876d3821 f30772c74e7bae8a 0792b47e48cae20d a5357955987f5023 
004478b99b84284d 611a50873785981b 4a3ac5c9fd2b2f9b 7ceb888ec0017c9f f60944ae9ebc94b9 
6612331292cc7a07 2a6be496a027e0db c77ddae86d2ccfd5 be35311011c59ea6 8c3a742ac992ad81 
d9835557cb7ae812 94c6089b4c78a9d0 2a705d8dd948dc29 c120d74eea2c6dcb 9e36549542e88130 

After RhoPi:
e654f80b5b9a1b42 292cc7a076612331 28a8d30f0e9a2481 be5bd74096cc1aaa 40111e2e66e10a13 
d3821b8b8be71876 89b4c78a9d094c60 469421cde16606d8 26330859e1ad3b1e 6d9535f24b5013f0 
597cda51d62e4fe9 107e1210b5aa4e84 d0da599fab8efbb5 1dcb1d39eeba2bcc a46e1495382ec6ec 
220238b3d4d7c6a6 5c41a0f2568fc919 20d74eea2c6dcbc1 c4476000be4fbe75 b4b15ac1126fcc6a 
952550ba204c278d 3ec12895d3d79297 6b17ad325ae01a4f 818c3a742ac992ad 94d5e55661fd408e 

After Chi:
ee28385b0f925ccb 3966d7b056c321b5 b8e28b1d0412dda4 a793c26098de1a6a c07b1e2b56cfce1f 
f1803b298b369870 c5b56768df0ccd79 669127ade5070698 e6376859f1e8af2f 7d047fb249111bf2 
cc599a59f6266ee0 32fe1a1534fa5c02 9bdaf88ff90eebbb 1c43074dee3a2b44 a42ab18359bec668 
405290b28f45dee4 5d6d67d272afe839 207f1ce72877ef41 fa14a5002a4bb677 f4b140e9146fc67b 
84a7533aa02927b9 be51289f5adfded7 2d038df2bb841817 81ac326d4be8b3b9 b951c48668ed516e 

After Iota:
ee28385b8f92dc40 3966d7b056c321b5 b8e28b1d0412dda4 a793c26098de1a6a c07b1e2b56cfce1f 
f1803b298b369870 c5b56768df0ccd79 669127ade5070698 e6376859f1e8af2f 7d047fb249111bf2 
cc599a59f6266ee0 32fe1a1534fa5c02 9bdaf88ff90eebbb 1c43074dee3a2b44 a42ab18359bec668 
405290b28f45dee4 5d6d67d272afe839 207f1ce72877ef41 fa14a5002a4bb677 f4b140e9146fc67b 
84a7533aa02927b9 be51289f5adfded7 2d038df2bb841817 81ac326d4be8b3b9 b951c48668ed516e 

After Theta:
520ee0e9fe6c1177 85400f02273dec82 04c453af75ec1093 1bb51ad2e920d75d 7c5dc69927310328 
43ed1f8f80c804bf 77d843ced4f251b6 d4fc030beef99a57 545a4cfffa1633e0 cf695b1442ef873d 
6204ea832891da8c 9ca36acfea4de86e 3587885527b95fd7 b21e7797308d9f28 0a77c15987097204 
c3565fc7c7fdedcd de69a8a73a17db10 a37bd39260cfdc68 79106a7562f3855e 77b58f9c5cd7f552 
a7cb2c2e6d356661 9d3d578b97c39f0f 0e6ff2e6769859cf a2c04d7986f4f261 9a3dbb92a5f110b6 

After RhoPi:
520ee0e9fe6c1177 7c7fdedcdc3565fc 87da3f1f0190097e 7369ab330d3e5961 18813aa0ca2476a3 
251b677d843ced4f 78b97c39f0f9d3d5 28dab3fa937a1ba7 73dec8285400f022 886f34d4539d0bed 
cafeb9ac3c42a93d 26229d7baf608498 24c19fb8d146f7a7 f00c2fbbe6695f53 4c2ce78737f9733b 
4eac5e70abcf220d c67c0a8b499fff42 c04d7986f4f261a2 3bcb9846cf94590f 41aeba376a35a5d2 
6ee4a97c442da68f 814ef82b30e12e40 1a649cc40ca1f177 5277b58f9c5cd7f5 3da56c510bbe1cf7 

After Chi:
98ea7869c62e1147 7a7d5f9ed33561f4 83db331f4194ed7e f3698ca0af575630 5c81f9a3ee4406b1 
211b212d07b1ef4f b8e57eb9b066a897 e8d6d3fcb7ca1ba7 781d586c5d94f02e 89ed2ce41b998f2d 
eabe18a078622dbf 27206d5b9f008498 3ee11bf8d94767f2 b0380a32f621d9a3 702da3c736736b1e 
5ea61ef1118f337d ba4d0c5f858bbefe 45d75a9df5e269aa 1ac39276ceb6510f 41aea897aa35c7d2 
4bf5ae68443d4a87 81ced80a1029bc41 32641c249ecbe3f6 52e1f587cc5c77f7 bdcb68051a2715bb 

After Iota:
18ea7869c62e11cc 7a7d5f9ed33561f4 83db331f4194ed7e f3698ca0af575630 5c81f9a3ee4406b1 
211b212d07b1ef4f b8e57eb9b066a897 e8d6d3fcb7ca1ba7 781d586c5d94f02e 89ed2ce41b998f2d 
eabe18a078622dbf 27206d5b9f008498 3ee11bf8d94767f2 b0380a32f621d9a3 702da3c736736b1e 
5ea61ef1118f337d ba4d0c5f858bbefe 45d75a9df5e269aa 1ac39276ceb6510f 41aea897aa35c7d2 
4bf5ae68443d4a87 81ced80a1029bc41 32641c249ecbe3f6 52e1f587cc5c77f7 bdcb68051a2715bb 

After Theta:
0e2e7e6d56aa2049 6cb9599a43b15071 951f351bd110dcfb e5ad8aa43fd367b5 4a45ffa77ec03734 
096acf2beec3da58 909490bf59149d80 c0a73dfa5eb82eb0 506cb66ab4e6c539 a19cc2e2f2ebba3a 
9ec405e434b8eb2a 535a701fd3da420d 4a9b06bc959da167 c4421776bafb1f36 0457be837aa9ad8b 
4327368fd6b0a1ed a7cc242142b42c6e 585672e332ddfb3a 0742ba080989c39f 5c2f80e96d0a5542 
2cec1f6c6a61a3fd e6d7690e3e75553b 557dad20b0970a8c 35f84483e2009e8d dad2d901347bfcc1 

After RhoPi:
0e2e7e6d56aa2049 fd6b0a1ed4327368 12d59e57dd87b4b0 63530d1fe96760fb a7b101790d2e3aca 
49d80909490bf591 90e3e75553be6d76 d69c07f4f6908354 3b150716cb9599a4 3753e61210a15a16 
ed0b3a54d835e4ac a8f9a8de8886e7dc c665bbf674b0ace5 9cf7e97ae0bac302 4b85462abed69058 
4101313873e0e857 d8a72a0d96cd569c f84483e2009e8d35 0bbb5d7d8f9b6221 a6cf6bcb5b15487f 
b6404d1eff3076b4 608af7d06f5535b1 fe9dfb00dcd12917 425c2f80e96d0a55 86730b8bcbaee8ea 

After Chi:
aa2d4c39c69e2065 d57302945c32f1e0 12b42655dda79811 e7b1e577c94d22f9 ef350151a378ba82 
49d808216acbfdc2 c0e5e55445f77d76 ee9c07f4f69e8244 381d1313c494b985 9319cfd351a01231 
5b4b76525425f20c 88f17d0ee196c6fd c0fcc3f6a8f18ce7 dcb3cbfa80decb56 4bb5462a3e7c30d8 
492f0359736ae81e 45c6220306ef14d4 f80487b501981995 2ab85d628f99028b 874f6bbb5f155a7f 
f7904c1ef631a324 600a12916cd939a7 3a95faa0fec12a53 5a582d80ebfd9351 9631ed89db2fa8fe 

After Iota:
2a2d4c39c69ea0ec d57302945c32f1e0 12b42655dda79811 e7b1e577c94d22f9 ef350151a378ba82 
49d808216acbfdc2 c0e5e55445f77d76 ee9c07f4f69e8244 381d1313c494b985 9319cfd351a01231 
5b4b76525425f20c 88f17d0ee196c6fd c0fcc3f6a8f18ce7 dcb3cbfa80decb56 4bb5462a3e7c30d8 
492f0359736ae81e 45c6220306ef14d4 f80487b501981995 2ab85d628f99028b 874f6bbb5f155a7f 
f7904c1ef631a324 600a12916cd939a7 3a95faa0fec12a53 5a582d80ebfd9351 9631ed89db2fa8fe 

After Theta:
d201449d0b48791a 2d5f0a3091e42816 ea982ef1107141e7 1f9dedd3049bfb0f 171909f56eae6374 
a4360e0a00352b95 2d0be37f2f09ab21 037201df9c605413 d5f31538ae6a6fd2 7ef7c9f83b5ec466 
25db607e5190201e f6616b22e42314ef be6cd5daad445ef5 a223ddd6856b1944 352550063bc9e2ca 
0fa38e6f797dbd78 034aaf350cf841b2 be880a830b8f4cf3 6c34d054858e57ed c1c3e68d55020f19 
6457c59408dcbc42 f3cd9b1b923426c1 a952732a002c3535 c99fa40a15108c37 05f6640325c2b798 

After RhoPi:
d201449d0b48791a f797dbd780fa38e6 486c1c14006a572b a046e5e21322be2c 8976d81f94640807 
9ab212d0be37f2f0 b1b923426c1f3cd9 985ac8b908c53bfd 1e428162d5f0a309 d901a5579a867c20 
22f7adf366aed56a 54c17788838a0f3f 06171e99e77d1015 c8077e7181504c0d 161a9ad4a9399500 
0a90b1cafdad869a 4dfa5abe62a715cd 9fa40a15108c37c9 eeeb42b58ca25111 37f61e3f3bdba609 
9900c970ade6017d 46a4aa00c7793c59 27d5bab98dd05c64 19c1c3e68d55020f fbdf27e0ed7b1199 

After Chi:
f244e9be4bc07c10 b3d78f5f037a3bc0 4e690a14e752572b 60439bf31322f228 8f6cc29fb55d8907 
92b202d82736f060 b8832b740c3a2c19 01fac8bd18451c35 38aa81e6d952b219 f8e5a17c88445e29 
b3f7e5c366ecd40f 56c5d78806d2272f 2646ae316a2d5831 d907ff3380054e03 de13bb146d198490 
4891b547ffa5fe98 fce90b696225156b d78c0e1110a634c2 4eed66b59e80ed31 37d6c6202bdfae0f 
91b2db3019d1839d 468c8a00ab7c3840 b7c77a10855574b0 07c1c3e64985030e abde02a0e7f965b9 

After Iota:
7244e9be4bc0fc13 b3d78f5f037a3bc0 4e690a14e752572b 60439bf31322f228 8f6cc29fb55d8907 
92b202d82736f060 b8832b740c3a2c19 01fac8bd18451c35 38aa81e6d952b219 f8e5a17c88445e29 
b3f7e5c366ecd40f 56c5d78806d2272f 2646ae316a2d5831 d907ff3380054e03 de13bb146d198490 
4891b547ffa5fe98 fce90b696225156b d78c0e1110a634c2 4eed66b59e80ed31 37d6c6202bdfae0f 
91b2db3019d1839d 468c8a00ab7c3840 b7c77a10855574b0 07c1c3e64985030e abde02a0e7f965b9 

After Theta:
69ab80ce16fa0d30 a838e62f5e40cae3 55866364ba68a608 7bacf2834e18030b 9483abefe8677824 
7aa687fae0bfd8b2 5097ae56cbb304cb e9ee4d9fdfcc34e7 d0be04c41edb9acb 10f1245e4fcd76fb 
6ded051c7440c06d 88df3757147e334d f85c4eee78814c53 071d1fec92a95a61 00095bcb7fb590f2 
153cb9d72ba3ccaf a14407f9b623275c 8a210281c4a006f5 13406a254a86df06 6a7bcab0ffd99c38 
4ad7a0a83287c83c 9de9f198802a73e1 6ca20188ae033f11 dca4b87e62d348af 70bb7938ccaf2e18 

After RhoPi:
69ab80ce16fa0d30 72ba3ccaf153cb9d f54d0ff5c17fb164 41943e41e256bd05 5b7b41471d10301b 
304cb5097ae56cbb 198802a73e19de9f 37cdd5c51f8cd362 e40cae3a838e62f5 ae50a203fcdb1193 
0a629fc2e27773c4 ac331b25d3453042 0389400deb144205 b9367f7f30d39fa7 019f88b65100c457 
44a950dbe0c2680d 73597a17c09883db a4b87e62d348afdc 8ff64954ad30838e 300616f759e5069c 
de4e332bcb861c2e 40012b796ff6b21e afbfa19de092520e 386a7bcab0ffd99c 43c491793f35dbec 

After Chi:
63898a0c96e81e74 d68925ca3017ebdd f54d0ffd216fb161 58a66f04d2072007 5af449f31c10f45f 
74c5f5107a6564b2 4ac062b53e815d06 93fdeba70fc47eba e2ccae3a0eae62fd 9e50b442f43e131b 
9024bce2e97367e6 ac331a4dfc230046 088ec190cb861207 893e4df5201cc7b7 425f09be77101d37 
6508d01ff4ba691d 41e36e955099ca5a f4f87002d2250ebc ce624d55ef30a78f 283d56f159e5268f 
ce0a062aa3837ca5 4901295c61fea61c ad3f719dfe12100c 9c62fbf0b1779b6c e7c43379dffeda6c 

After Iota:
e3898a0c96e89e76 d68925ca3017ebdd f54d0ffd216fb161 58a66f04d2072007 5af449f31c10f45f 
74c5f5107a6564b2 4ac062b53e815d06 93fdeba70fc47eba e2ccae3a0eae62fd 9e50b442f43e131b 
9024bce2e97367e6 ac331a4dfc230046 088ec190cb861207 893e4df5201cc7b7 425f09be77101d37 
6508d01ff4ba691d 41e36e955099ca5a f4f87002d2250ebc ce624d55ef30a78f 283d56f159e5268f 
ce0a062aa3837ca5 4901295c61fea61c ad3f719dfe12100c 9c62fbf0b1779b6c e7c43379dffeda6c 

After Theta:
10d3d09ba76e7812 25d37f5d01910db9 0617556a10e95705 abfc3593e381c663 a9ae13642d96123b 
492a353520572a6f 772fa29064b313db ae122b8255f63067 df236e1f549c2c20 a3bf7467ae0c5dc6 
2dd970c1d96508f8 11ced66ecc356f58 b5730db3fb907d19 34c381d6100aa8a9 ffa2c59d47067229 
39d5dfafd8add150 1d3e61257c8e7217 a8257fb2fe32b6f1 92bf42e5c3271fc2 74e0594175f29ec2 
7c79de9ef05e717b fb72f1e83223abc2 1f4ca929adcf1dd2 2e112344e2aa96b2 55b7ebcd8c23d7b2 

After RhoPi:
10d3d09ba76e7812 fd8add15039d5dfa 92546a6a40ae54de f782f38bdbe3cef4 0b765c307659423e 
313db772fa29064b 1e83223abc2fb72f 73b59bb30d5bd604 1910db925d37f5d0 0b8e9f3092be4739 
83e8cdab986d9fdc 30baab50874ab828 65fc656de3504aff 48ae0957d8c19eb8 e78ee90fa65494d6 
5cb864e3f85257e8 85841be46dc3ea93 112344e2aa96b22e c0eb080554549a61 038cc757f86b27c7 
faf36308f5ec956d 3ff458b3a8e0ce45 4d90b65848eea6b8 c274e0594175f29e 8efdd19eb831771a 

After Chi:
92139812a72ae186 ddb2545500dd55fa 961c0e26a2ae5c25 b72cf3ce5b23c4dc ef763c3f5219d2f8 
6d2d97329a3b466b 9b87329ed4aef5bc 63b69b3105dd6604 9951db925923f591 0b8e9960ca956438 
21abcea39dc11fd9 0acaeb43076abc6c 296cd775a3384e6f 4abae90fd9e0fe26 6bfff987a644c4ce 
5cb8f470fa503ffa 458e9ee06edefb29 83670cc0aa96e268 f5691b87ced69601 028ecb77be2327e3 
dbdf4468aded9324 3df57a9914c26c40 2c3127c945bf24b8 ca64e8494561c39e 8e75529e3897721b 

After Iota:
12139812a72ae106 ddb2545500dd55fa 961c0e26a2ae5c25 b72cf3ce5b23c4dc ef763c3f5219d2f8 
6d2d97329a3b466b 9b87329ed4aef5bc 63b69b3105dd6604 9951db925923f591 0b8e9960ca956438 
21abcea39dc11fd9 0acaeb43076abc6c 296cd775a3384e6f 4abae90fd9e0fe26 6bfff987a644c4ce 
5cb8f470fa503ffa 458e9ee06edefb29 83670cc0aa96e268 f5691b87ced69601 028ecb77be2327e3 
dbdf4468aded9324 3df57a9914c26c40 2c3127c945bf24b8 ca64e8494561c39e 8e75529e3897721b 

After Theta:
939fc32297b003ab 5c3e0f653047b757 179055169234be88 36a0a8fe6bb92671 6efa670f62833055 
2a5b5e981a3716f2 dcf1fb3454a2a525 24c0529b85d1369d de271238d92fa508 4cf850ca4a9934a1 
fd05df8cd8e47511 d664fa6c424fd6a4 f5c2c65ae61d24a7 9614f8209cc594ee b751e8a8e361ae06 
63e551b2beab3c7b 7ad33b222a25f8a8 bc3aa902ee6de1e9 ca34be458a2d9580 3dd36eb5fad82462 
b5a7e9e8fbc7f987 538dd71942e806e3 42498a4913954e1b a41c45c9134ba93d e00dff1e6ebd18b8 

After RhoPi:
939fc32297b003ab 2beab3c7b63e551b 54b6bd30346e2de4 47de3fcc3dad3f4f 7f4177e336391d44 
2a525dcf1fb3454a 71942e806e3538dd 993e9b1093f5a935 047b7575c3e0f653 543d699d911512fc 
e9253fae1632d730 bc82a8b491a5f440 05dcdbc3d3787552 014a6e1744da7493 caa70da124c52489 
c8b145b2b0194697 f4a11bc4e2471b25 1c45c9134ba93da4 7c104e62ca774b0a 724ce26d4151fcd7 
7fc79baf462e3803 d6ea3d151c6c35c0 9c3d8a0cc155bbe9 623dd36eb5fad824 33e143292a64d285 

After Chi:
52bae10297b0919b a7e833f327be911b 5076fdf3746679a6 46de35ce39b73fcf f5c373c312f93945 
2ac21ddfbfba45cd 31b53dc00c7733f8 813f9b009b74a191 786b751549c5fd5b 64758bd1d005caaa 
de63a5a35014ef30 bec88ca58d8dd080 85e4d9cf532cf71b 0367ff1b7152e4b7 cb060ca10ee12689 
48a905b22189453f dda1990640555b3e 5cc7fc237f8339a0 79d262e2c2726c41 3e4cd6af5548f197 
578787624e2d7c43 86fe3115546d1d04 1535880c42c43bf8 621c935f77ba1834 33dd4b35ab60d03d 

After Iota:
52bae10297b01191 a7e833f327be911b 5076fdf3746679a6 46de35ce39b73fcf f5c373c312f93945 
2ac21ddfbfba45cd 31b53dc00c7733f8 813f9b009b74a191 786b751549c5fd5b 64758bd1d005caaa 
de63a5a35014ef30 bec88ca58d8dd080 85e4d9cf532cf71b 0367ff1b7152e4b7 cb060ca10ee12689 
48a905b22189453f dda1990640555b3e 5cc7fc237f8339a0 79d262e2c2726c41 3e4cd6af5548f197 
578787624e2d7c43 86fe3115546d1d04 1535880c42c43bf8 621c935f77ba1834 33dd4b35ab60d03d 

After Theta:
cb9b8ca4711d438c 3ec95e55c113c306 c957905592cb2bbb dfff5868df1a6dd2 6ce21e65f4546b58 
66a77237b290af41 7dd05228015dd974 cd5af4e8965e4b1d 340e1afd44ef17d7 2810e439dd2f2026 
449649cdf3a67b8a 243d60cb2e3f443a 1f1135a1f09e63a1 99921375d2e0700d 51f3e0cfad53b233 
4e9ccae2d8326ac7 db945656b9ee74c6 5af2337386381658 7fe7adb23bc943b9 387919ffacf3de6f 
f5a481a719053978 24dd37d00345583f b7168ec915ec7ec3 c03f959a20925d0f 91fe4df0fc489506 

After RhoPi:
cb9b8ca4711d438c 2d8326ac74e9ccae cd4ee46f65215e82 38c829cbc7ad240d 912592737ce99ee2 
dd9747dd05228015 7d00345583f24dd3 0f5832cb8fd10e89 113c3063ec95e55c 636dca2b2b5cf73a 
f31d08f889ad0f84 4abc82ac96595dde e70c702cb0b5e466 6bd3a259792c7735 f63f61db8b47648a 
b6477928772ffcf5 e2fae681c35fa89d 3f959a20925d0fc0 09bae9703806ccc9 34dba5bffeb0d1be 
937c3f122541a47f 6a3e7c19f5aa7646 7997d151ad61b388 6f387919ffacf3de a04390e774bc8098 

After Chi:
e9938484f9904c0c 2f3fa40460e0dca2 2d4aa44b5505bee4 520babd3d685362c 0537b3a3fcea9e62 
d9d536dd73207064 dd425054c2f4edd2 17c9b8cb8d990509 11147943ec976d94 63ad4e0f5fec660e 
f2250eea89ed0f8e 42b89ab4a2f90b9c a70e317d9d95546e 0dd3b250be844423 763f719b8b4b648a 
fec4f98c2733bf75 e77be425c31e2035 bbddbe0ed25d43c2 197ae9b23807c8c8 25ffa7aff6f1cfdc 
87787c4b2163246e 3a3e6c4876b87717 7b87c3d127b1b381 6e0c6939d7bc328e c20bd8ef77a8e180 

After Iota:
6993848479904c06 2f3fa40460e0dca2 2d4aa44b5505bee4 520babd3d685362c 0537b3a3fcea9e62 
d9d536dd73207064 dd425054c2f4edd2 17c9b8cb8d990509 11147943ec976d94 63ad4e0f5fec660e 
f2250eea89ed0f8e 42b89ab4a2f90b9c a70e317d9d95546e 0dd3b250be844423 763f719b8b4b648a 
fec4f98c2733bf75 e77be425c31e2035 bbddbe0ed25d43c2 197ae9b23807c8c8 25ffa7aff6f1cfdc 
87787c4b2163246e 3a3e6c4876b87717 7b87c3d127b1b381 6e0c6939d7bc328e c20bd8ef77a8e180 

After Theta:
c09a349db78359ba 8636141daef3c91e 844314529b16ab58 fb021bca18962390 ac3e03ba32f98bde 
3df167b713a617c0 3966013ea2728a76 f3ede9a1ed1f62ad f53028298c110a30 87891f653f6a01aa 
ae0d3c91f7d62b86 1e90a8cfdcc22f94 fb260306e3ae7066 51fb802bc0bf602b 2a1743e0f5704082 
47375b6d0481a84c 5e8846c4e0ac370c 022e1ceff1ef54fb a0894b531bb5dff1 9c0c054ed543d8e5 
602aa88715d0f3e4 dd6cb884420ba09d 9cd5171d1302640b 895ebdf5e30fe504 25590c23431b360a 

After RhoPi:
c09a349db78359ba d0481a84c47375b6 7be2cf6e274c2f80 38ae879f23015544 ab834f247df58ae1 
28a763966013ea27 884420ba09ddd6cb a42a33f7308be507 ef3c91e8636141da 862f44236270561b 
738337d93018371d 2218a294d8b55ac4 dfe3dea9f6045c39 b7a687b47d8ab7cf 813205ce6a8b8e89 
6a6376bbfe341129 21461ea605053182 5ebdf5e30fe50489 c015e05fb015a8fd 2c4721f604379431 
4308d0c6cd828956 4542e87c1eae0810 0ee8cbe62f7ab0f8 e59c0c054ed543d8 1e247d94fda806aa 

After Chi:
939a20d4a78b4ca2 f250988014537db2 20230366e14837b8 282c818b3f8be341 aa934ee8757e0261 
20c723b4ae37ea07 89023c980cddf7c9 a43612b5396ae587 af2df1a3e37449ea aa6a64136644462b 
728bb79d319abf4b 661842ccc21f52d4 dfa3d4add61eec49 922e8bb4334af4cf 931259ce93038c03 
eaf152a2cc354181 b14e0c26c5544424 2fbff1eb0fe10b89 d83763c59115bcf9 8dc423d604621c70 
6b2d93c48d922b53 4d46c84617228a59 8ae0fb773ff970ff 228c1c650eb54342 1a087d97ffa852b0 

After Iota:
139a20d4278bcc23 f250988014537db2 20230366e14837b8 282c818b3f8be341 aa934ee8757e0261 
20c723b4ae37ea07 89023c980cddf7c9 a43612b5396ae587 af2df1a3e37449ea aa6a64136644462b 
728bb79d319abf4b 661842ccc21f52d4 dfa3d4add61eec49 922e8bb4334af4cf 931259ce93038c03 
eaf152a2cc354181 b14e0c26c5544424 2fbff1eb0fe10b89 d83763c59115bcf9 8dc423d604621c70 
6b2d93c48d922b53 4d46c84617228a59 8ae0fb773ff970ff 228c1c650eb54342 1a087d97ffa852b0 

After Theta:
96fcd1814ebee334 773669d57d6652a5 a545f233887d18af ad4a70de56becc56 2ff5bfbd1c4b2d76 
f788b0e83df67f3b 5e4dafc49f1c62f5 737981e9aaab70bb 786262ff70b5dcd6 7d25f74ff585d317 
39d8f14d08c51589 2d4b041cfb40f816 94f0927def41468b d97dcd640a155e0d d8411f1eaa5c26c1 
08e2232ae14eb894 535d7daee82fbd31 cdac8063229af29c 3a24124dbc6e45ec 6fd7525e2919e565 
cc72941b2eaf4be4 ea19cf99b41feaee 2dbffca89cc41048 85d31bbaad8823f5 bd577a485c953207 

After RhoPi:
96fcd1814ebee334 ae14eb89408e2232 ef1161d07becfe77 d9757a5f266394a0 4e763c5342314562 
c62f55e4dafc49f1 f99b41feaeeea19c 52c1073ed03e058b d6652a5773669d57 98a9aebed77417de 
0a345ca78493ef7a 2a2f919c43e8c57d c64535e5399b5900 e607a6aaadc2edcd 62082416dffe544e 
49b78dc8bd874482 bb9acf0c4c5fee16 d31bbaad8823f585 e6b2050aaf06ecbe 7d98ad5a94e1bcad 
de9217254c81ef55 3b0823e3d54b84d8 fef4712cb5d8bfd6 656fd7525e2919e5 f497dd3fd6174c5d 

After Chi:
9eecd9824abd453e ac307b89018e6653 6b155111526da677 f977fef7aae3f428 2c763c534abb0562 
87acd4ace3f84971 680b0ffea2f98b9e 43db8d36501ea10e d6d52b5771629d65 853927f6d775bf7f 
9c344e82c493442f 2a2fb17fd2e8c5b5 eaa174e50c435352 e74a74fafdebfc8c e20f74339de8141e 
49db4d48bfb944a2 3f8e07044cdbcc34 d21aba7dc207b5a4 7ea22d078f4468be 77f88d1a94c1bd8f 
9e911341dcc1e794 6a8323957b2b0554 ee34770235cabe5e 636fd7520f2d10b2 641e5f9343535ec1 

After Iota:
1eecd9824abdc5be ac307b89018e6653 6b155111526da677 f977fef7aae3f428 2c763c534abb0562 
87acd4ace3f84971 680b0ffea2f98b9e 43db8d36501ea10e d6d52b5771629d65 853927f6d775bf7f 
9c344e82c493442f 2a2fb17fd2e8c5b5 eaa174e50c435352 e74a74fafdebfc8c e20f74339de8141e 
49db4d48bfb944a2 3f8e07044cdbcc34 d21aba7dc207b5a4 7ea22d078f4468be 77f88d1a94c1bd8f 
9e911341dcc1e794 6a8323957b2b0554 ee34770235cabe5e 636fd7520f2d10b2 641e5f9343535ec1 

After Theta:
fc9ba31efaf354a4 4e470115b1c0f749 89622b8de223376d 1b00846b1aad6532 ce0146cffaf59478 
389bf2b0ee88c915 d73c29e2af890bfa fcecab2a5d6e216a 69e20d4b7c121d01 3a0e01eada053f1b 
398eb41f265ad5d3 8f954be230215449 4f1b8e78ee8ac2ae 42f08e671f226d70 47b58eae7f2185e2 
2a8b58b6793e5b22 5cde12fa8a5cd3b4 b14aaf830480aa24 1df238f949c3773e 14a898e45246a20f 
2a142010042ce637 de0610c4a3c604f7 5ab14453ed27bffd d7eae403d7c01111 d09b6cc29bbe5f62 

After RhoPi:
fc9ba31efaf354a4 6793e5b222a8b58b 7137e561dd11922a 80216731b950a100 ce63ad07c996b574 
90bfad73c29e2af8 0c4a3c604f7de061 e552f88c08551263 1c0f7494e470115b da2e6f097d452e69 
56157278dc73c774 4b115c6f1119bb6c 060901544962955f b2aca975b885abf3 93dffead58a229f6 
1f29386ee7c3be47 43a02d3c41a96f82 eae403d7c01111d7 47338f9136b82178 5aca64360108d635 
db30a6ef97d8b426 48f6b1d5cfe430bc 1b3febd651e33805 0f14a898e45246a2 e83807ab6814fc6c 

After Chi:
ba9bf116e69291a0 2482a5bd32a8ae87 733ee4319c331736 2281ee50a1d50ba0 cfb23da3c934b4e2 
9997a575e11e12fb 0cea1d700fdda4e3 0db6fa0f884412e3 591c7214e2481153 922e6f1b7c4df868 
9605f4f9cc6bc754 4347ccae9f5dab50 1712e9545880bd5f baa8897d78c7ed71 33effd2430b601be 
3ba2397e8fe0fec7 64a1691e61a1ea81 8ae407f64c0193fd c712c8b02fb88078 5c89cc32808ad725 
db14aa8e97d49e7e 40bea99582b170dc 9f7ff35a51a73844 131ab81ca07256f9 f83445a35c55f665 

After Iota:
ba9bf116669291a1 2482a5bd32a8ae87 733ee4319c331736 2281ee50a1d50ba0 cfb23da3c934b4e2 
9997a575e11e12fb 0cea1d700fdda4e3 0db6fa0f884412e3 591c7214e2481153 922e6f1b7c4df868 
9605f4f9cc6bc754 4347ccae9f5dab50 1712e9545880bd5f baa8897d78c7ed71 33effd2430b601be 
3ba2397e8fe0fec7 64a1691e61a1ea81 8ae407f64c0193fd c712c8b02fb88078 5c89cc32808ad725 
db14aa8e97d49e7e 40bea99582b170dc 9f7ff35a51a73844 131ab81ca07256f9 f83445a35c55f665 

After Theta:
f29242e32f737c5b 6c8b16487b49437d 3b3757c4d5d2facc 6a885da5e834e65a 87bb8e5680d55918 
0fac8ca8c678fe81 9ad134ad28bb4899 9b8dd3d2af22fe99 cf275bc9c52efd29 041546c65b2b1412 
59040dd42e0c2b58 8c4635837d3a475c d8131079bae75153 75a970509aa0017d fcee0409d2d1edb2 
af4387d9bded2fa6 f040d7b953ac3be0 1e05b9517e0c429c 53f376171db55119 c8687295b2870644 
95403f49db77603c 0eea3c52ce128e9e d12b669d1d04c606 5d4e2ddbecd1a8bb b660d06410f60827 

After RhoPi:
f29242e32f737c5b 9bded2fa6af4387d 1f5919518cf1fd02 4edbbb01e4aa01fa 164103750b830ad6 
b48999ad134ad28b c52ce128e9e0eea3 118d60df4e91d723 b49437d6c8b16487 f078206bdca9d61d 
3a8a9ec09883cdd7 d9babe26ae97d661 a2fc1885383c0b72 374f4abc8bfa666e 8263036895b34e8e 
c2e3b6aa232a7e6e dfa539e4eb7938a5 4e2ddbecd1a8bb5d b8284d5000bebad4 69ccb4d510bb4bd0 
3419043d8209ed98 5f9dc0813a5a3db6 395a035564621eee 44c8687295b28706 10551b196cac5048 

After Chi:
f89044a3a7f2710f 834cccfc6ce3283d bd290151bcddf552 4d90f329e7e00392 144200750a910254 
74e8b9873062e0a3 c329e0e8a888c627 5d8ca3b78f11672e 3cb43296c8b5fc17 99f494fedca1d74d 
0e929ed518824c47 d9a27e27be95d373 93ae18941c7e0fd0 738f6a9e1efa636c 92720860f9b75e86 
0061f4680e586e2d 5fe72b9eabdd38ec 482cc3ec59395a5d b23bde5160b6ba2c 6fccb4b113b84146 
30109d3192016f18 1bbde181bb5afb34 39de63db26621ccf f4cc6ca49da3e303 f06d3b13b8848441 

After Iota:
789044a327f2f107 834cccfc6ce3283d bd290151bcddf552 4d90f329e7e00392 144200750a910254 
74e8b9873062e0a3 c329e0e8a888c627 5d8ca3b78f11672e 3cb43296c8b5fc17 99f494fedca1d74d 
0e929ed518824c47 d9a27e27be95d373 93ae18941c7e0fd0 738f6a9e1efa636c 92720860f9b75e86 
0061f4680e586e2d 5fe72b9eabdd38ec 482cc3ec59395a5d b23bde5160b6ba2c 6fccb4b113b84146 
30109d3192016f18 1bbde181bb5afb34 39de63db26621ccf f4cc6ca49da3e303 f06d3b13b8848441 

