#spike pk sha3.rv
./sha3
Starting
00000000000000ff 0000000000000000 0000000000000000 0000000000000000 0000000000000000 
0000000000000000 0000000000000000 0000000000000000 0000000000000000 0000000000000000 
0000000000000000 0000000000000000 0000000000000000 0000000000000000 0000000000000000 
0000000000000000 0000000000000000 0000000000000000 0000000000000000 0000000000000000 
0000000000000000 0000000000000000 0000000000000000 0000000000000000 0000000000000000 

After Theta:
00000000000000ff 0000000000000000 0000000000000000 0000000000000000 0000000000000000 
00000000000000ff 00000000000000ff 00000000000000ff 00000000000000ff 00000000000000ff 
0000000000000000 0000000000000000 0000000000000000 0000000000000000 0000000000000000 
0000000000000000 0000000000000000 0000000000000000 0000000000000000 0000000000000000 
00000000000001fe 00000000000001fe 00000000000001fe 00000000000001fe 00000000000001fe 

After RhoPi:
00000000000000ff 0000000000000000 00000000000001fe 0000000ff0000000 0000000000000000 
000ff00000000000 000000001fe00000 0000000000000000 0000000000000000 0000000000000000 
0000000000000000 0000000000000000 0000000000000000 000000000003fc00 0000ff0000000000 
0000000000000000 001fe00000000000 000000000001fe00 0000000000000000 0000000000000000 
00000000007f8000 0000000000000000 0000000000000000 0000000000000000 00000000000003fc 

After Chi:
00000000000000ff 0000000000000000 00000000000001fe 0000000ff003fc00 0000ff0000000000 
000ff00000000000 001fe0001fe00000 000000000001fe00 0000000000000000 0000000000000000 
00000000007f8000 0000000000000000 0000000000000000 000000000003fc00 0000ff00000003fc 
00000000000000ff 001fe00000000000 000000000001fffe 0000000ff0000000 0000000000000000 
000ff000007f8000 000000001fe00000 0000000000000000 0000000000000000 00000000000003fc 

After Iota:
00000000000000fe 0000000000000000 00000000000001fe 0000000ff003fc00 0000ff0000000000 
000ff00000000000 001fe0001fe00000 000000000001fe00 0000000000000000 0000000000000000 
00000000007f8000 0000000000000000 0000000000000000 000000000003fc00 0000ff00000003fc 
00000000000000ff 001fe00000000000 000000000001fffe 0000000ff0000000 0000000000000000 
000ff000007f8000 000000001fe00000 0000000000000000 0000000000000000 00000000000003fc 

After Theta:
002fd000205c7f02 002fd000205c7ffc 002fd000205c7e02 002fd00fd05f83fc 002f2f00205c7ffc 
000ef10ff0fb02f8 001ee10fef1b02f8 0001010ff0fafcf8 0001010ff0fb02f8 0001010ff0fb02f8 
002fd01fff9d8002 002fd01fffe20002 002fd01fffe20002 002fd01fffe1fc02 002f2f1fffe203fe 
001f1f003f4378fb 0000ff003f437804 001f1f003f4287fa 001f1f0fcf437804 001f1f003f437804 
0011ee1010798501 001e1e100fe60501 001e1e1010060501 001e1e1010060501 001e1e10100606fd 

After RhoPi:
002fd000205c7f02 03f4378fb001f1f0 001de21fe1f605f0 8083cc2808008f70 800bf407ffe76000 
b02f8001ee10fef1 e100fe60501001e1 0bf407fff8800080 05c7ffc002fd0002 0200007f801fa1bc 
100010017e80ffff 017e800102e3f010 007e850ff4003e3e 04043fc3ebf3e000 030280800f0f0808 
e1f9e86f008003e3 605f00002021fe1f 1e1e101006050100 e80ffff0fe010017 bf07f8005fa01fa0 
8784040181bf4007 c005e5e3fffc407f bc008171fff000bc 04001f1f003f4378 0004043fc3ec0be0 

After Chi:
002fc00030dc7e0c 038a378eb2e201e0 0017621fe5f63bce 8083cc2be1026f70 81097487f0e76800 
51d6686fee10fef1 8101fe6070100fee 15f417effa850180 edcc3ff016fd0015 be05787fd0bfb61c 
16041401ffbfbffb 817e65e2dd3ff070 a07e046e0df03e82 00043fccebcda368 030284bf8f430848 
e1d2386f20c03ce3 63af120c20204f9f 1e03721e06030440 688c3fd0f6018c17 3f0c080063a37fa0 
378404004fbfc0f6 20052d83bfec407e b7e08491e7f000bc 01442cdf02c2437a 02040447c3f48a5c 

After Iota:
002fc00030dcfe8e 038a378eb2e201e0 0017621fe5f63bce 8083cc2be1026f70 81097487f0e76800 
51d6686fee10fef1 8101fe6070100fee 15f417effa850180 edcc3ff016fd0015 be05787fd0bfb61c 
16041401ffbfbffb 817e65e2dd3ff070 a07e046e0df03e82 00043fccebcda368 030284bf8f430848 
e1d2386f20c03ce3 63af120c20204f9f 1e03721e06030440 688c3fd0f6018c17 3f0c080063a37fa0 
378404004fbfc0f6 20052d83bfec407e b7e08491e7f000bc 01442cdf02c2437a 02040447c3f48a5c 

After Theta:
8edbc955a3c73ab1 8d7e3edb21f9c5df 8ee36b4a76edfff1 0e77c57e7219ab4f 0ffd7dd263fcac3f 
3bebd8ae0fc08973 eb3c4ea191c0786c 7fc9a72e1b557602 87f18f31f72d7797 d438c8be316fc19e 
17120d357bfbf07a 80687cd6597bbff1 a1681d5a89b47103 011226f86f89ece9 02149d8b0b0747c9 
9393fd84c61474ef 11eed7e7c6f40793 6c42b7f5e0d74c4c 1acdfa3b10d5c41b 4d4dcdeb857737ac 
f80a31d730a5c3dd ef8b1854c0f64355 786eb14698ea0397 ceca19087dd84051 cd8a3190bcee8977 

After RhoPi:
8edbc955a3c73ab1 4c61474ef9393fd8 77d7b15c1f8112e6 b9852e1eefc0518e 85c4834d5efefc1e 
0786ceb3c4ea191c 854c0f64355ef8b1 1a1f35965eeffc60 1f9c5df8d7e3edb2 c988f76bf3e37a03 
a3881d0b40ead44d 771b5a53b76fff8c ebc1ae9898d8856f 269cb86d55d809ff 7501cbbc3758a34c 
47621ab8836359bf aef2f0fe31e63ee5 ca19087dd84051ce 137c37c4f6748089 33569e1cef8afce4 
8c642f3ba25df362 204293b16160e8f9 f7498ff2b0fc3ff5 ac4d4dcdeb857737 50e322f8c5bf067b 

After Chi:
2ed3d85da3c7fef0 3e72175d7b1838d4 96173b549f9113e9 99858e1befd851c3 b1c58bd95ae67d52 
43e4cc0347eb10ae 0dacafc835def8d0 1a0735f31eeface0 0efc5a7875c76db2 cbdee36b3b6126a3 
2b8c380860f6760d 771b5952f76f3f94 de81291ab864ab5e 8a9df0645c597ec9 35a0eb5c376da157 
45f9dafc82e1512e e2d3b4b0a9ff29e5 ca8f3871d74151cc 02fc15d6f2348001 b6521f19f5ca04e0 
8d602999e675f26e a14e9b91652628d8 ff418b70f092d3f5 aa551c2dfba6db07 18eb56da64be047a 

After Iota:
aed3d85da3c77e7a 3e72175d7b1838d4 96173b549f9113e9 99858e1befd851c3 b1c58bd95ae67d52 
43e4cc0347eb10ae 0dacafc835def8d0 1a0735f31eeface0 0efc5a7875c76db2 cbdee36b3b6126a3 
2b8c380860f6760d 771b5952f76f3f94 de81291ab864ab5e 8a9df0645c597ec9 35a0eb5c376da157 
45f9dafc82e1512e e2d3b4b0a9ff29e5 ca8f3871d74151cc 02fc15d6f2348001 b6521f19f5ca04e0 
8d602999e675f26e a14e9b91652628d8 ff418b70f092d3f5 aa551c2dfba6db07 18eb56da64be047a 

After Theta:
edd975840be6b75b 7d78ba84d339f1f5 d51d968d37b0dac8 da8f23c247f998e2 f2cf2600f2c7b473 
17449b653c0913ca 590cf8ae4e3cfbb4 4ea76295650daf84 5a5c0d1e0e256ed6 9f7eb40d408325c7 
08f76ec6b5c9224f 54600f9c22506bd6 fdfa7fd46d5bff1c a9e6a6aa89662a8b 16dbbd92e252f515 
bb706e9b1f9bc00b 1c5a00d73485b8c0 34068c164a3bc0e9 fc75a1b16f4e1124 48dbab7e68b095c5 
09869646f934ac24 25a8244e7a677692 7ba734afefd38dbf 2eb3a3f2e4e7854d 9c0de9057bff5a30 

After RhoPi:
edd975840be6b75b b1f9bc00bbb706e9 2e8936ca78122794 37c9a561204c34b2 c23ddbb1ad724893 
cfbb4590cf8ae4e3 44e7a67769225a82 1803e708941af595 339f1f57d78ba84d 600e2d006b9a42dc 
dff8e7efd3fea36a a8ecb469bd86d646 2c947781d2680d18 9d8a559436be113a e9c6dfbdd39a57f7 
362de9c2249f8eb4 addacb4b81a3c1c4 b3a3f2e4e7854d2e 535544b31545d4f3 f331c5b51e47848f 
7a415effd68c2703 a2db77b25c4a5ea2 9803cb1ed1cfcb3c c548dbab7e68b095 7dfad035020c971e 

After Chi:
fd99d7eb1b92b453 19f1ac082f3382ad 0a1d264b3a722f9c bbc9e5e100782580 4bfd090c3d725db0 
efbe4d90eb8be877 41f5ed7569035b02 8b20676cb19fb5b3 71ca1f74d6ca6c8c 723f2d0067dfc2d4 
97b8f1d201fe8269 aaed80d9e1cec864 24947e9bc2228f08 1982ce9c5c96313e e50ccfbdd39244e7 
b3b5c8c22dfd1eec bcfa434b2216c18d 952bc624cf9569ae 61d460f31541d0d1 7134ce35b335cc0e 
78635eef128467a3 e6dd75c51c4a06a0 88010a1e55c71b3d c55ec1bda9eb38d8 5df8f43540849552 

After Iota:
7d99d7eb9b923453 19f1ac082f3382ad 0a1d264b3a722f9c bbc9e5e100782580 4bfd090c3d725db0 
efbe4d90eb8be877 41f5ed7569035b02 8b20676cb19fb5b3 71ca1f74d6ca6c8c 723f2d0067dfc2d4 
97b8f1d201fe8269 aaed80d9e1cec864 24947e9bc2228f08 1982ce9c5c96313e e50ccfbdd39244e7 
b3b5c8c22dfd1eec bcfa434b2216c18d 952bc624cf9569ae 61d460f31541d0d1 7134ce35b335cc0e 
78635eef128467a3 e6dd75c51c4a06a0 88010a1e55c71b3d c55ec1bda9eb38d8 5df8f43540849552 

After Theta:
bebd28ac2df1b2db dad5534f99500425 c939d90c8c11a914 78ed1aa6b61ba308 88d9f64b8b11db38 
bb61e1b6027f689c 152a415380f7dbe9 dfffcb4a586b3558 2515b3523f3eec67 26e081268e2b423f 
a42fc2f94fe97ed6 997ab3f2afd934db 17034db08c3573b7 2a15fdb71281cd81 d69bfc969d85b858 
4ac8ef0ae4260159 45876483ebcdde38 6c56e1ec064e761b 98a9473bdc9acf64 8849e9fd7aeed3bb 
ce64df0f133d0f16 50daf4251df36e15 3e068bfe547e7388 7359405da852506d ebff75d5413dfde7 

After RhoPi:
bebd28ac2df1b2db ae42601594ac8ef0 76c3c36c04fed139 7899e878b67326f8 a90bf0be53fa5fb5 
7dbe9152a415380f 4251df36e1550daf 5eacfcabf64d36e6 9500425dad5534f9 1c22c3b241f5e6ef 
ab9db8b81a6d8461 49cec864608d48a6 d80c9cec36d8adc3 ff2d2961acd5637f 3f39c41f0345ff2a 
e77b9359ec931528 dd8ce4a2b66a47e7 59405da852506d73 fedb8940e6c0950a 374610f1da354d6c 
dd75504f7f79faff 1ad37f92d3b0b70b d92e2c476ce22367 bb8849e9fd7aeed3 9b82049a38ad08fc 

After Chi:
3cbc0004379936bb a7cc60559424cef0 f6c3c328046e5838 12b4c158b6f365fe 8a12f4b351fa46b5 
39dc921340872907 d651fbb477370aee 5fecbdabb64d76d6 95d2c25def55a0f9 1c64d35299c5e6ab 
b399f8be09056eb6 4b9dd374211df8ae 5822bcab1a7aafc7 fe2d69c8b5ef09ae b7b9c01523cdffba 
c5f3bbf9ec131528 798ce4a7b2664f17 7f819e80524cbd6b beca2950e4c19522 174fe0d599671a6d 
9c77c11dff7df2fb 5ac2e0b0b2e1b604 d10210c49ee305a1 3e884becf47efed2 8fa2079a38a8a8b6 

After Iota:
3cbc00043799b630 a7cc60559424cef0 f6c3c328046e5838 12b4c158b6f365fe 8a12f4b351fa46b5 
39dc921340872907 d651fbb477370aee 5fecbdabb64d76d6 95d2c25def55a0f9 1c64d35299c5e6ab 
b399f8be09056eb6 4b9dd374211df8ae 5822bcab1a7aafc7 fe2d69c8b5ef09ae b7b9c01523cdffba 
c5f3bbf9ec131528 798ce4a7b2664f17 7f819e80524cbd6b beca2950e4c19522 174fe0d599671a6d 
9c77c11dff7df2fb 5ac2e0b0b2e1b604 d10210c49ee305a1 3e884becf47efed2 8fa2079a38a8a8b6 

After Theta:
e98ef71cc6ea87d0 72fe974d6557ff10 23f13430f51d69d8 c78636404780541e 5f2003aba0897755 
1fad79f848dcb523 f020105f7f6c96ca 799d5640be16eaf2 b3a329b6e70e3cdd 3a1538b9919e7a8f 
5eb82d0b1d56aded a6bc06c1354e3bf5 b503691e0e296c9c 130cbc7da1bccaf5 5a9815a0379e3ce1 
617b7f7b7701f496 dd0420252974aea9 db095a02c95e5cd5 1a42edd27fd3749c b3c724570275fbd3 
1c27e4620f569d87 da92c5cf42cad978 515235bb6ec86add bed86e93045591ae 0ff222e5c883c7ca 

After RhoPi:
e98ef71cc6ea87d0 b7701f496617b7f7 3f5af3f091b96a46 107ab4ec38e13f23 57ae0b42c755ab7b 
c96caf020105f7f6 5cf42cad978da92c af01b04d538efd69 557ff1072fe974d6 54ee82101294ba57 
4b64e5a81b48f071 1f89a187a8eb4ec1 0592bcb9abb612b4 755902f85babc9e6 64356ea8a91addb7 
ba4ffa6e9383485d c79bb6746536dce1 d86e93045591aebe 5e3ed0de657a8986 00a83d8f0c6c808f 
88b97220f1f283fc 2b5302b406f3c79c 0eae8225dd557c80 d3b3c724570275fb e854e2e64679ea3c 

After Chi:
eb8eb7b4dca287d1 b4799e4b4e75f136 3fc8ff40398968d2 307ab61468e3b603 77bf67ea6e5feedb 
7967b5448186fffa 9ce63addd299390c 776db349078f5163 5f5921010bb974d6 5466931716f0ba5f 
4bd4e5a87b3873d1 37c9a107aa2a4ddd 0312bc9823f242b4 f4d805d849abbd9f 8c61acc8eb0bb787 
db497f72958b4c5d 53bbab3d0532ec82 e93ee2d45539acf8 5e76e0164d9b8386 1702348f8d6881cc 
88d97a22f0f7f3da 63d72210977bcf94 8eaf82289f53e9a9 96b68627500a352f e81462f656f9fa38 

After Iota:
eb8eb7b45ca287d0 b4799e4b4e75f136 3fc8ff40398968d2 307ab61468e3b603 77bf67ea6e5feedb 
7967b5448186fffa 9ce63addd299390c 776db349078f5163 5f5921010bb974d6 5466931716f0ba5f 
4bd4e5a87b3873d1 37c9a107aa2a4ddd 0312bc9823f242b4 f4d805d849abbd9f 8c61acc8eb0bb787 
db497f72958b4c5d 53bbab3d0532ec82 e93ee2d45539acf8 5e76e0164d9b8386 1702348f8d6881cc 
88d97a22f0f7f3da 63d72210977bcf94 8eaf82289f53e9a9 96b68627500a352f e81462f656f9fa38 

After Theta:
c32a94f3313c2f19 9cddbd0c23eb59ff 176cdc075417c01b 18de9553057d1eca 5f1b44ad03c14612 
51f1104b0ce45456 b4709fd25ffb92a0 5ffb16468aedfacf 77cf840e86dbdf7a 7cf036189b9211f3 
8376af6a38073617 ff6bebc5e915081b cbb0f65a60cd0772 3c7a4f1a0a94f859 44c3e60aa834f241 
eaf953c239930f1d 620b878da92aafc2 d88ece64f921efb8 6fc6cca6e183c0c6 26b2183f2170c28c 
ef9596a2ae40706f 049bce90c9cc4c21 e9e36ea8c1e46a1c f1fa6aa70ebdb69a 8f588e76084e798d 

After RhoPi:
c32a94f3313c2f19 239930f1deaf953c a3e2209619c8a8ac 157203837f7cacb5 e0ddabda8e01cd85 
b92a0b4709fd25ff e90c9cc4c21049bc dafaf17a454206ff 3eb59ff9cddbd0c2 e13105c3c6d49557 
683b965d87b2d306 bb66e03aa0be00d8 c9f243df71b11d9c ec591a2bb7eb3d7f f2350e74f1b75460 
94dc307818cdf8d9 7bef4ef9f081d0db fa6aa70ebdb69af1 278d054a7c2c9e3d fa3d9431bd2aa60a 
239d82139e6363d6 28987cc155069e48 12b40f0518497c6d 8c26b2183f2170c2 f3c0d8626e4847cd 

After Chi:
833b00ebb73efd19 31fb50cbfe01957c a2e222132979b1ac d53a03814d5c8188 f2d9a1eebf228da5 
2dee2b6711b00d26 a9859205921199bf e8f2557ac944849e 3d319ab985df52c2 e93995c2cadc375d 
4b3a145e0190d000 bb76d03aa5b80ed8 c9664bde71f87990 647ba83bb4ea5dbd f3f54636b3f715a5 
54fe249839d1f4d0 78ee4ec97a28d1ef 5b28879cbc361a71 36dd04c93c701208 fa20b7a93d2b2e0a 
1b9d891796a26330 e09cf0c55516d6c8 4aacde6d5c4b7a3e a6a32e60bfa22080 f2e0dc632e9c579f 

After Iota:
033b00eb373e7d98 31fb50cbfe01957c a2e222132979b1ac d53a03814d5c8188 f2d9a1eebf228da5 
2dee2b6711b00d26 a9859205921199bf e8f2557ac944849e 3d319ab985df52c2 e93995c2cadc375d 
4b3a145e0190d000 bb76d03aa5b80ed8 c9664bde71f87990 647ba83bb4ea5dbd f3f54636b3f715a5 
54fe249839d1f4d0 78ee4ec97a28d1ef 5b28879cbc361a71 36dd04c93c701208 fa20b7a93d2b2e0a 
1b9d891796a26330 e09cf0c55516d6c8 4aacde6d5c4b7a3e a6a32e60bfa22080 f2e0dc632e9c579f 

After Theta:
97f6939132332e70 a536c3b1fb0cc694 362fb1692c74e244 41f790fb4851d260 66143294ba2fde4d 
c7673854a61386e2 430c813625b2127b 027b46497ee70f5a d7b8898a327cd906 03b086f17d7fbc99 
84214a66f95ea301 746d8e025d767dd9 067d15e689360a91 ab60f6034c242ebc 3cee180e4b3966a4 
3186ee57f69f6a33 1d968406b5664f0c 3e504d5373788492 53a5ce06f33e8ceb 9f587d66f265b0e9 
cfdb77024c46cab7 34da0ed08ff27f4f 9eea207886afd3b9 72e5d07565468907 26a62276f478fe18 

After RhoPi:
97f6939132332e70 7f69f6a333186ee5 8ece70a94c270dc5 12623655be7edbb8 61085299be57a8c0 
2127b430c813625b ed08ff27f4f34da0 1b6380975d9f765d b0cc694a536c3b1f 860ecb42035ab327 
b0548833e8af3449 b17d8b4963a71221 a6e6f109247ca09a ed1925fb9c3d6809 57e9dccf75103c43 
c0de67d19d6a74b9 9b20daf71131464f e5d0756546890772 7b01a612175e55b0 a3a4c083ef21f690 
889dbd1e3f8609a9 879dc301c9672cd4 ca52e8bf79359850 e99f587d66f265b0 0ec21bc5f5fef264 

After Chi:
07a69b92129f3a70 6f1cf6eb301c7ce4 2a4a01a16c478d47 5f7332e4326f9bb8 30e94614ca57a480 
61add3f0dd5322eb e708af91e4e309ee 5a7384f31f1e713d a2cceb4a502e2eaf 260acb42897b71b7 
b855103dca2b3d49 b5e08a49abe13ab1 ace479931d48389a 6d877d96fc9d4809 5babc78b65ce3c27 
d7bc65509d5b52e9 e340ee552329046e e15c6565428b02f7 696180128f52cfb8 c2ac809be520fe10 
a89c993ef78649a2 079dca050d842dd4 db7368a968adea48 4913117727f245b7 88c49287f4f6e143 

After Iota:
87a69b92129fba79 6f1cf6eb301c7ce4 2a4a01a16c478d47 5f7332e4326f9bb8 30e94614ca57a480 
61add3f0dd5322eb e708af91e4e309ee 5a7384f31f1e713d a2cceb4a502e2eaf 260acb42897b71b7 
b855103dca2b3d49 b5e08a49abe13ab1 ace479931d48389a 6d877d96fc9d4809 5babc78b65ce3c27 
d7bc65509d5b52e9 e340ee552329046e e15c6565428b02f7 696180128f52cfb8 c2ac809be520fe10 
a89c993ef78649a2 079dca050d842dd4 db7368a968adea48 4913117727f245b7 88c49287f4f6e143 

After Theta:
822292c5acc29af3 6a98ffbc8e415c6e 2fce08f6d21aadcd 5af73bb38c32bb32 356d4f43740a840a 
e23d782da00dc090 6498044c99bdeb95 d9e32f2e62409346 215c40972d70ccd4 a59a609ff42593cc 
1c9e157418c6f3d9 112b8f00790cf421 082f7cdacfa5f60a c94c78df2e708699 ff60c2c2b723f2b7 
2b8a4c6efbdc4c30 1f76c76b45ae1ab7 1d6a4c5b240c1c2e 9557a92ce9d5d161 3e9aa9a583a7e0c9 
8c2547860cf5c5bf 232414bdf6f7a1c9 ffcab61193de6655 6daacfcfdc81c9aa ac7d4c3f0f856d5e 

After RhoPi:
822292c5acc29af3 efbdc4c302b8a4c6 c47af05b401b8121 3067ae2dfc612a3c 4727855d0631bcf6 
deb956498044c99b 4bdf6f7a1c923241 4ae3c01e433d0844 e415c6e6a98ffbc8 5b8fbb63b5a2d70d 
2fb050417be6d67d 7e7047b690d56e69 b64818385c3ad498 8cbcb989024d1b67 ef332affe55b08c9 
259d3aba2c32aaf5 199a842b8812e5ae aacfcfdc81c9aa6d 3c6f9738434ce4a6 657664b5ee776718 
530fc3e15b57ab1f ffec185856e47e56 3d0dd02a1028d5b5 c93e9aa9a583a7e0 9669827fd0964f32 

After Chi:
a32292c5d7608c97 db9dc44782fde8ee 7072e87b5c1955b9 38cf9724fe212a1b e31785c14668b436 
deb47cf38454e11b 4a55ef731490b3c7 426407dac2fc2221 d456c0d6e88f1f48 5bcbff63bf86b01d 
7db2910028a3d777 98145fe6c6317439 a348081a4c1a8108 4dacb108a6ce1827 7d3aa8b5f5db00eb 
a5bd2abe88b2ba15 198b40a8880a652e 6abdef8dc1daaa6d 0c2eb33c1b2cecba 247061b5e856d7dc 
0f9687e95b53ea17 ffae33604ae66c57 378cd02e130cddf1 0d2eda6ba40d7620 8ee1b85d61140c3b 

After Iota:
a32292c5d7608c1d db9dc44782fde8ee 7072e87b5c1955b9 38cf9724fe212a1b e31785c14668b436 
deb47cf38454e11b 4a55ef731490b3c7 426407dac2fc2221 d456c0d6e88f1f48 5bcbff63bf86b01d 
7db2910028a3d777 98145fe6c6317439 a348081a4c1a8108 4dacb108a6ce1827 7d3aa8b5f5db00eb 
a5bd2abe88b2ba15 198b40a8880a652e 6abdef8dc1daaa6d 0c2eb33c1b2cecba 247061b5e856d7dc 
0f9687e95b53ea17 ffae33604ae66c57 378cd02e130cddf1 0d2eda6ba40d7620 8ee1b85d61140c3b 

After Theta:
5568c38a1aa312e7 2dd795084f3e7614 8638b93491dacb43 ce85c66b33e2b4e1 155dd48e8bab2acc 
e1506e6cd6a33b68 75b1fdec466769b4 7d801545900bf852 ebb2d249ba78c53b 642fedfced716a6e 
d90094cb49a294be 3ca65a2da73037f0 07fa0dd12d1bc2c1 e91eb4c3c7cf5bee d988ad7e94da4322 
5b33f8dcf66fc3cb e70592caf6d71cf0 94333defbf07d3b3 f2a0615e65f19564 dafeb3d7968bae02 
576888c20ad0fae8 a7503c4b1b657ca8 6f72df05428fcd0e 55d0d540f58e66df d61fb77630971cc4 

After RhoPi:
5568c38a1aa312e7 cf66fc3cb5b33f8d c2a0dcd9ad4676d1 105687d742bb4446 b6402532d268a52f 
769b475b1fdec466 c4b1b657ca8a7503 29968b69cc0dfc0f f3e76142dd795084 787382c9657b6b8e 
de16083fd06e8968 31c5c9a48ed65a1c df7e0fa76728667b 005516402fe149f6 47e68737b96f82a1 
2bccbe32ac9e540c 18a77d765a49374f d0d540f58e66df55 5a61e3e7adf7748f c569c39d0b8cd667 
eddd8c25c7313587 5b3115afd29b4864 523a2eacab305577 02dafeb3d7968bae 90bfb7f3b5c5a9b9 

After Chi:
dd6ccbaeda831bef fe22b59cb1e73591 14c8d85f8e6674a1 104691d7603b4d34 b1c420044a6c250e 
5753f15b334e9062 cc9382059a835040 2917cb39444b650b a9c780e55d6f648d f87ac24167fb3fc8 
1a07083a934fa8eb 72d5c92d0e44123c dd5421af46386659 00cf0a507de1c2d6 5770b3550d2eab39 
3becfdb8b41c566c 9ce195667f6900c6 505590a48a20fdd5 4a65e2a3adde30cf e329c39d49a4d261 
cf4e8874c26df187 5ba017ec98930866 7b2c2d8ceb39dd79 e17b9eb34ad69b2e d88c353a90d6e339 

After Iota:
dd6ccbaeda831b67 fe22b59cb1e73591 14c8d85f8e6674a1 104691d7603b4d34 b1c420044a6c250e 
5753f15b334e9062 cc9382059a835040 2917cb39444b650b a9c780e55d6f648d f87ac24167fb3fc8 
1a07083a934fa8eb 72d5c92d0e44123c dd5421af46386659 00cf0a507de1c2d6 5770b3550d2eab39 
3becfdb8b41c566c 9ce195667f6900c6 505590a48a20fdd5 4a65e2a3adde30cf e329c39d49a4d261 
cf4e8874c26df187 5ba017ec98930866 7b2c2d8ceb39dd79 e17b9eb34ad69b2e d88c353a90d6e339 

After Theta:
cd8c27b41f61bb31 eec25986740595c7 042834454b84d4f7 00a67dcda5d9ed62 a124cc1e8f8e8558 
0525559eabe2c8cc 9ee526c0022f08ee 7b616ffcdce73da5 fbb12420c5c33c23 aa0c6684ff576766 
454440700e03c525 2d96816793087ff2 821769e5db740b97 5f8c421ae0adaf18 0833fb1f9062c6f7 
75bf973fc86e5a12 d2b2ffe1031b0cb8 1e06fa23f652f1ab 04368824d1ac3cb1 ad7aa91a35d6de1f 
bd527e4df9e8dc8d 29bce1d5a316256c 0930dbb5d0bcf073 9367688a7153b624 aa90c303ab53ce33 

After RhoPi:
cd8c27b41f61bb31 fc86e5a1275bf973 0a4aab3d57c59198 6fcf46e46dea93f2 5151101c0380f149 
f08ee9ee526c0022 1d5a316256c29bce 65a059e4c21ffc8b 40595c7eec259867 5c69597ff0818d86 
a05cbc10bb4f2edb 2141a22a5c26a7b8 47eca5e3563c0df4 85bff3739cf695ed 5e783984986ddae8 
049a3587962086d1 67847f76248418b8 67688a7153b62493 210d7056d78c2fc6 b3dac4014cfb9b4b 
30c0ead4f38ceaa4 e1067f63f20c58de 307a3e3a15628493 1fad7aa91a35d6de a8319a13fd5d9d9a 

After Chi:
cddc33a4b66295e8 dc8767a92f7fdd43 08060f3e43e590ec ea69e5e57d38967a 5341309c0beca321 
f40ce869564c8022 5bde6c36764283ce 45a053f4c39ddc88 60595c7aaf2db265 fdeb9d7eb4138c85 
901c7640dac346ff a143a22b8e2ee7fe 57fe91e9527c8df4 9b1ff9da94c745f5 565923962969de78 
c99630a79a4197c0 7b04fff621d7b999 6d680b741133359b 414f7412b2462ee6 e29ac40d4e7bfb0a 
00c2229eb380eaa6 e05e6f21a28c5a52 55da6efa9578e890 1fbd62b39a30dedb a419d3700d5c911c 

After Iota:
cddc33a4366215e1 dc8767a92f7fdd43 08060f3e43e590ec ea69e5e57d38967a 5341309c0beca321 
f40ce869564c8022 5bde6c36764283ce 45a053f4c39ddc88 60595c7aaf2db265 fdeb9d7eb4138c85 
901c7640dac346ff a143a22b8e2ee7fe 57fe91e9527c8df4 9b1ff9da94c745f5 565923962969de78 
c99630a79a4197c0 7b04fff621d7b999 6d680b741133359b 414f7412b2462ee6 e29ac40d4e7bfb0a 
00c2229eb380eaa6 e05e6f21a28c5a52 55da6efa9578e890 1fbd62b39a30dedb a419d3700d5c911c 

After Theta:
2cbe8c7dd421c14a 3de5d870cd3c09e8 e964b0e7a1a64447 0b0b5a3c9f7b42d1 b2238f45e9af778a 
03b659be0c1f83c6 ac64dde12c11802a b21ae22399cedf6c 97e3edadf57eb181 0a512ca9ee408f61 
1f82889b8f5f3b27 2edd5cf0dbb29a26 d8606f3207e0f02c 14810701c15b382d d9c7dd4d7cf5a3a0 
7fb48a65074e0ffe cd264534bcd821a7 db4ab1b68c3cada5 f76dced02f49b6d8 54b87ecfd3746334 
3c064a30bd40fea3 dc9a078fac4c4e57 691e06549bb8fc95 23790a1d94f0cade 98ddbbde039c8519 

After RhoPi:
2cbe8c7dd421c14a 5074e0ffe7fb48a6 076cb37c183f078c 85ea07f519e03251 c7e0a226e3d7cec9 
1802aac64dde12c1 78fac4c4e57dc9a0 b7573c36eca6898b d3c09e83de5d870c d3e693229a5e6c10 
078166c30379903f 4b25873d0d32223f 6d18795b4bb69563 6b888e673b7db2c8 dc7e4ab48f032a4d 
da05e936db1eedb9 d63032fc7db5beaf 790a1d94f0cade23 8380e0ad9c168a40 f685a21616b4793e 
6ef780e721466637 1b38fba9af9eb474 3d17a6bdde2ac88e 3454b87ecfd37463 2944b2a7b9023d84 

After Chi:
2b3fc87cd6004174 5371e3c6eff96ab9 4f64f2351b2f13ec ade2079138c00291 cbf8eab2e6d6cc84 
c00623f295d87f41 eceaf40495f85520 a75538b25ceec38b 53c0fe0b5a5f8f0c f16733208aea3d22 
2373660223399239 422d4e3c8f38226f 690ddb72459695ef 5fdc963578bcc6eb d53e5a1526012ecd 
da0de52e0f3f6cf1 967432aa3dd4f62d 7b620cd4f0dfd923 022ae72c8c368850 3025a2165461bb77 
7ef7a265289874b6 33b2ffa9af9a3574 8d04aabf3aaa408d 6654207c09cef16f 3942a3a7a10a1d94 

After Iota:
2b3fc87c5600417e 5371e3c6eff96ab9 4f64f2351b2f13ec ade2079138c00291 cbf8eab2e6d6cc84 
c00623f295d87f41 eceaf40495f85520 a75538b25ceec38b 53c0fe0b5a5f8f0c f16733208aea3d22 
2373660223399239 422d4e3c8f38226f 690ddb72459695ef 5fdc963578bcc6eb d53e5a1526012ecd 
da0de52e0f3f6cf1 967432aa3dd4f62d 7b620cd4f0dfd923 022ae72c8c368850 3025a2165461bb77 
7ef7a265289874b6 33b2ffa9af9a3574 8d04aabf3aaa408d 6654207c09cef16f 3942a3a7a10a1d94 

After Theta:
e654f80b5b9a1b42 9e1ad3b1e2633085 820fc24216b549d0 608937e6355a58ad 0693dac5eb4c96b8 
94546987874d1240 b8b8be71876d3821 f30772c74e7bae8a 0792b47e48cae20d a5357955987f5023 
004478b99b84284d 611a50873785981b 4a3ac5c9fd2b2f9b 7ceb888ec0017c9f f60944ae9ebc94b9 
6612331292cc7a07 2a6be496a027e0db c77ddae86d2ccfd5 be35311011c59ea6 8c3a742ac992ad81 
d9835557cb7ae812 94c6089b4c78a9d0 2a705d8dd948dc29 c120d74eea2c6dcb 9e36549542e88130 

After RhoPi:
e654f80b5b9a1b42 292cc7a076612331 28a8d30f0e9a2481 be5bd74096cc1aaa 40111e2e66e10a13 
d3821b8b8be71876 89b4c78a9d094c60 469421cde16606d8 26330859e1ad3b1e 6d9535f24b5013f0 
597cda51d62e4fe9 107e1210b5aa4e84 d0da599fab8efbb5 1dcb1d39eeba2bcc a46e1495382ec6ec 
220238b3d4d7c6a6 5c41a0f2568fc919 20d74eea2c6dcbc1 c4476000be4fbe75 b4b15ac1126fcc6a 
952550ba204c278d 3ec12895d3d79297 6b17ad325ae01a4f 818c3a742ac992ad 94d5e55661fd408e 

After Chi:
ee28385b0f925ccb 3966d7b056c321b5 b8e28b1d0412dda4 a793c26098de1a6a c07b1e2b56cfce1f 
f1803b298b369870 c5b56768df0ccd79 669127ade5070698 e6376859f1e8af2f 7d047fb249111bf2 
cc599a59f6266ee0 32fe1a1534fa5c02 9bdaf88ff90eebbb 1c43074dee3a2b44 a42ab18359bec668 
405290b28f45dee4 5d6d67d272afe839 207f1ce72877ef41 fa14a5002a4bb677 f4b140e9146fc67b 
84a7533aa02927b9 be51289f5adfded7 2d038df2bb841817 81ac326d4be8b3b9 b951c48668ed516e 

After Iota:
ee28385b8f92dc40 3966d7b056c321b5 b8e28b1d0412dda4 a793c26098de1a6a c07b1e2b56cfce1f 
f1803b298b369870 c5b56768df0ccd79 669127ade5070698 e6376859f1e8af2f 7d047fb249111bf2 
cc599a59f6266ee0 32fe1a1534fa5c02 9bdaf88ff90eebbb 1c43074dee3a2b44 a42ab18359bec668 
405290b28f45dee4 5d6d67d272afe839 207f1ce72877ef41 fa14a5002a4bb677 f4b140e9146fc67b 
84a7533aa02927b9 be51289f5adfded7 2d038df2bb841817 81ac326d4be8b3b9 b951c48668ed516e 

After Theta:
520ee0e9fe6c1177 85400f02273dec82 04c453af75ec1093 1bb51ad2e920d75d 7c5dc69927310328 
43ed1f8f80c804bf 77d843ced4f251b6 d4fc030beef99a57 545a4cfffa1633e0 cf695b1442ef873d 
6204ea832891da8c 9ca36acfea4de86e 3587885527b95fd7 b21e7797308d9f28 0a77c15987097204 
c3565fc7c7fdedcd de69a8a73a17db10 a37bd39260cfdc68 79106a7562f3855e 77b58f9c5cd7f552 
a7cb2c2e6d356661 9d3d578b97c39f0f 0e6ff2e6769859cf a2c04d7986f4f261 9a3dbb92a5f110b6 

After RhoPi:
520ee0e9fe6c1177 7c7fdedcdc3565fc 87da3f1f0190097e 7369ab330d3e5961 18813aa0ca2476a3 
251b677d843ced4f 78b97c39f0f9d3d5 28dab3fa937a1ba7 73dec8285400f022 886f34d4539d0bed 
cafeb9ac3c42a93d 26229d7baf608498 24c19fb8d146f7a7 f00c2fbbe6695f53 4c2ce78737f9733b 
4eac5e70abcf220d c67c0a8b499fff42 c04d7986f4f261a2 3bcb9846cf94590f 41aeba376a35a5d2 
6ee4a97c442da68f 814ef82b30e12e40 1a649cc40ca1f177 5277b58f9c5cd7f5 3da56c510bbe1cf7 

After Chi:
98ea7869c62e1147 7a7d5f9ed33561f4 83db331f4194ed7e f3698ca0af575630 5c81f9a3ee4406b1 
211b212d07b1ef4f b8e57eb9b066a897 e8d6d3fcb7ca1ba7 781d586c5d94f02e 89ed2ce41b998f2d 
eabe18a078622dbf 27206d5b9f008498 3ee11bf8d94767f2 b0380a32f621d9a3 702da3c736736b1e 
5ea61ef1118f337d ba4d0c5f858bbefe 45d75a9df5e269aa 1ac39276ceb6510f 41aea897aa35c7d2 
4bf5ae68443d4a87 81ced80a1029bc41 32641c249ecbe3f6 52e1f587cc5c77f7 bdcb68051a2715bb 

After Iota:
18ea7869c62e11cc 7a7d5f9ed33561f4 83db331f4194ed7e f3698ca0af575630 5c81f9a3ee4406b1 
211b212d07b1ef4f b8e57eb9b066a897 e8d6d3fcb7ca1ba7 781d586c5d94f02e 89ed2ce41b998f2d 
eabe18a078622dbf 27206d5b9f008498 3ee11bf8d94767f2 b0380a32f621d9a3 702da3c736736b1e 
5ea61ef1118f337d ba4d0c5f858bbefe 45d75a9df5e269aa 1ac39276ceb6510f 41aea897aa35c7d2 
4bf5ae68443d4a87 81ced80a1029bc41 32641c249ecbe3f6 52e1f587cc5c77f7 bdcb68051a2715bb 

After Theta:
0e2e7e6d56aa2049 6cb9599a43b15071 951f351bd110dcfb e5ad8aa43fd367b5 4a45ffa77ec03734 
096acf2beec3da58 909490bf59149d80 c0a73dfa5eb82eb0 506cb66ab4e6c539 a19cc2e2f2ebba3a 
9ec405e434b8eb2a 535a701fd3da420d 4a9b06bc959da167 c4421776bafb1f36 0457be837aa9ad8b 
4327368fd6b0a1ed a7cc242142b42c6e 585672e332ddfb3a 0742ba080989c39f 5c2f80e96d0a5542 
2cec1f6c6a61a3fd e6d7690e3e75553b 557dad20b0970a8c 35f84483e2009e8d dad2d901347bfcc1 

After RhoPi:
0e2e7e6d56aa2049 fd6b0a1ed4327368 12d59e57dd87b4b0 63530d1fe96760fb a7b101790d2e3aca 
49d80909490bf591 90e3e75553be6d76 d69c07f4f6908354 3b150716cb9599a4 3753e61210a15a16 
ed0b3a54d835e4ac a8f9a8de8886e7dc c665bbf674b0ace5 9cf7e97ae0bac302 4b85462abed69058 
4101313873e0e857 d8a72a0d96cd569c f84483e2009e8d35 0bbb5d7d8f9b6221 a6cf6bcb5b15487f 
b6404d1eff3076b4 608af7d06f5535b1 fe9dfb00dcd12917 425c2f80e96d0a55 86730b8bcbaee8ea 

After Chi:
aa2d4c39c69e2065 d57302945c32f1e0 12b42655dda79811 e7b1e577c94d22f9 ef350151a378ba82 
49d808216acbfdc2 c0e5e55445f77d76 ee9c07f4f69e8244 381d1313c494b985 9319cfd351a01231 
5b4b76525425f20c 88f17d0ee196c6fd c0fcc3f6a8f18ce7 dcb3cbfa80decb56 4bb5462a3e7c30d8 
492f0359736ae81e 45c6220306ef14d4 f80487b501981995 2ab85d628f99028b 874f6bbb5f155a7f 
f7904c1ef631a324 600a12916cd939a7 3a95faa0fec12a53 5a582d80ebfd9351 9631ed89db2fa8fe 

After Iota:
2a2d4c39c69ea0ec d57302945c32f1e0 12b42655dda79811 e7b1e577c94d22f9 ef350151a378ba82 
49d808216acbfdc2 c0e5e55445f77d76 ee9c07f4f69e8244 381d1313c494b985 9319cfd351a01231 
5b4b76525425f20c 88f17d0ee196c6fd c0fcc3f6a8f18ce7 dcb3cbfa80decb56 4bb5462a3e7c30d8 
492f0359736ae81e 45c6220306ef14d4 f80487b501981995 2ab85d628f99028b 874f6bbb5f155a7f 
f7904c1ef631a324 600a12916cd939a7 3a95faa0fec12a53 5a582d80ebfd9351 9631ed89db2fa8fe 

After Theta:
d201449d0b48791a 2d5f0a3091e42816 ea982ef1107141e7 1f9dedd3049bfb0f 171909f56eae6374 
a4360e0a00352b95 2d0be37f2f09ab21 037201df9c605413 d5f31538ae6a6fd2 7ef7c9f83b5ec466 
25db607e5190201e f6616b22e42314ef be6cd5daad445ef5 a223ddd6856b1944 352550063bc9e2ca 
0fa38e6f797dbd78 034aaf350cf841b2 be880a830b8f4cf3 6c34d054858e57ed c1c3e68d55020f19 
6457c59408dcbc42 f3cd9b1b923426c1 a952732a002c3535 c99fa40a15108c37 05f6640325c2b798 

After RhoPi:
d201449d0b48791a f797dbd780fa38e6 486c1c14006a572b a046e5e21322be2c 8976d81f94640807 
9ab212d0be37f2f0 b1b923426c1f3cd9 985ac8b908c53bfd 1e428162d5f0a309 d901a5579a867c20 
22f7adf366aed56a 54c17788838a0f3f 06171e99e77d1015 c8077e7181504c0d 161a9ad4a9399500 
0a90b1cafdad869a 4dfa5abe62a715cd 9fa40a15108c37c9 eeeb42b58ca25111 37f61e3f3bdba609 
9900c970ade6017d 46a4aa00c7793c59 27d5bab98dd05c64 19c1c3e68d55020f fbdf27e0ed7b1199 

After Chi:
f244e9be4bc07c10 b3d78f5f037a3bc0 4e690a14e752572b 60439bf31322f228 8f6cc29fb55d8907 
92b202d82736f060 b8832b740c3a2c19 01fac8bd18451c35 38aa81e6d952b219 f8e5a17c88445e29 
b3f7e5c366ecd40f 56c5d78806d2272f 2646ae316a2d5831 d907ff3380054e03 de13bb146d198490 
4891b547ffa5fe98 fce90b696225156b d78c0e1110a634c2 4eed66b59e80ed31 37d6c6202bdfae0f 
91b2db3019d1839d 468c8a00ab7c3840 b7c77a10855574b0 07c1c3e64985030e abde02a0e7f965b9 

After Iota:
7244e9be4bc0fc13 b3d78f5f037a3bc0 4e690a14e752572b 60439bf31322f228 8f6cc29fb55d8907 
92b202d82736f060 b8832b740c3a2c19 01fac8bd18451c35 38aa81e6d952b219 f8e5a17c88445e29 
b3f7e5c366ecd40f 56c5d78806d2272f 2646ae316a2d5831 d907ff3380054e03 de13bb146d198490 
4891b547ffa5fe98 fce90b696225156b d78c0e1110a634c2 4eed66b59e80ed31 37d6c6202bdfae0f 
91b2db3019d1839d 468c8a00ab7c3840 b7c77a10855574b0 07c1c3e64985030e abde02a0e7f965b9 

After Theta:
69ab80ce16fa0d30 a838e62f5e40cae3 55866364ba68a608 7bacf2834e18030b 9483abefe8677824 
7aa687fae0bfd8b2 5097ae56cbb304cb e9ee4d9fdfcc34e7 d0be04c41edb9acb 10f1245e4fcd76fb 
6ded051c7440c06d 88df3757147e334d f85c4eee78814c53 071d1fec92a95a61 00095bcb7fb590f2 
153cb9d72ba3ccaf a14407f9b623275c 8a210281c4a006f5 13406a254a86df06 6a7bcab0ffd99c38 
4ad7a0a83287c83c 9de9f198802a73e1 6ca20188ae033f11 dca4b87e62d348af 70bb7938ccaf2e18 

After RhoPi:
69ab80ce16fa0d30 72ba3ccaf153cb9d f54d0ff5c17fb164 41943e41e256bd05 5b7b41471d10301b 
304cb5097ae56cbb 198802a73e19de9f 37cdd5c51f8cd362 e40cae3a838e62f5 ae50a203fcdb1193 
0a629fc2e27773c4 ac331b25d3453042 0389400deb144205 b9367f7f30d39fa7 019f88b65100c457 
44a950dbe0c2680d 73597a17c09883db a4b87e62d348afdc 8ff64954ad30838e 300616f759e5069c 
de4e332bcb861c2e 40012b796ff6b21e afbfa19de092520e 386a7bcab0ffd99c 43c491793f35dbec 

After Chi:
63898a0c96e81e74 d68925ca3017ebdd f54d0ffd216fb161 58a66f04d2072007 5af449f31c10f45f 
74c5f5107a6564b2 4ac062b53e815d06 93fdeba70fc47eba e2ccae3a0eae62fd 9e50b442f43e131b 
9024bce2e97367e6 ac331a4dfc230046 088ec190cb861207 893e4df5201cc7b7 425f09be77101d37 
6508d01ff4ba691d 41e36e955099ca5a f4f87002d2250ebc ce624d55ef30a78f 283d56f159e5268f 
ce0a062aa3837ca5 4901295c61fea61c ad3f719dfe12100c 9c62fbf0b1779b6c e7c43379dffeda6c 

After Iota:
e3898a0c96e89e76 d68925ca3017ebdd f54d0ffd216fb161 58a66f04d2072007 5af449f31c10f45f 
74c5f5107a6564b2 4ac062b53e815d06 93fdeba70fc47eba e2ccae3a0eae62fd 9e50b442f43e131b 
9024bce2e97367e6 ac331a4dfc230046 088ec190cb861207 893e4df5201cc7b7 425f09be77101d37 
6508d01ff4ba691d 41e36e955099ca5a f4f87002d2250ebc ce624d55ef30a78f 283d56f159e5268f 
ce0a062aa3837ca5 4901295c61fea61c ad3f719dfe12100c 9c62fbf0b1779b6c e7c43379dffeda6c 

After Theta:
10d3d09ba76e7812 25d37f5d01910db9 0617556a10e95705 abfc3593e381c663 a9ae13642d96123b 
492a353520572a6f 772fa29064b313db ae122b8255f63067 df236e1f549c2c20 a3bf7467ae0c5dc6 
2dd970c1d96508f8 11ced66ecc356f58 b5730db3fb907d19 34c381d6100aa8a9 ffa2c59d47067229 
39d5dfafd8add150 1d3e61257c8e7217 a8257fb2fe32b6f1 92bf42e5c3271fc2 74e0594175f29ec2 
7c79de9ef05e717b fb72f1e83223abc2 1f4ca929adcf1dd2 2e112344e2aa96b2 55b7ebcd8c23d7b2 

After RhoPi:
10d3d09ba76e7812 fd8add15039d5dfa 92546a6a40ae54de f782f38bdbe3cef4 0b765c307659423e 
313db772fa29064b 1e83223abc2fb72f 73b59bb30d5bd604 1910db925d37f5d0 0b8e9f3092be4739 
83e8cdab986d9fdc 30baab50874ab828 65fc656de3504aff 48ae0957d8c19eb8 e78ee90fa65494d6 
5cb864e3f85257e8 85841be46dc3ea93 112344e2aa96b22e c0eb080554549a61 038cc757f86b27c7 
faf36308f5ec956d 3ff458b3a8e0ce45 4d90b65848eea6b8 c274e0594175f29e 8efdd19eb831771a 

After Chi:
92139812a72ae186 ddb2545500dd55fa 961c0e26a2ae5c25 b72cf3ce5b23c4dc ef763c3f5219d2f8 
6d2d97329a3b466b 9b87329ed4aef5bc 63b69b3105dd6604 9951db925923f591 0b8e9960ca956438 
21abcea39dc11fd9 0acaeb43076abc6c 296cd775a3384e6f 4abae90fd9e0fe26 6bfff987a644c4ce 
5cb8f470fa503ffa 458e9ee06edefb29 83670cc0aa96e268 f5691b87ced69601 028ecb77be2327e3 
dbdf4468aded9324 3df57a9914c26c40 2c3127c945bf24b8 ca64e8494561c39e 8e75529e3897721b 

After Iota:
12139812a72ae106 ddb2545500dd55fa 961c0e26a2ae5c25 b72cf3ce5b23c4dc ef763c3f5219d2f8 
6d2d97329a3b466b 9b87329ed4aef5bc 63b69b3105dd6604 9951db925923f591 0b8e9960ca956438 
21abcea39dc11fd9 0acaeb43076abc6c 296cd775a3384e6f 4abae90fd9e0fe26 6bfff987a644c4ce 
5cb8f470fa503ffa 458e9ee06edefb29 83670cc0aa96e268 f5691b87ced69601 028ecb77be2327e3 
dbdf4468aded9324 3df57a9914c26c40 2c3127c945bf24b8 ca64e8494561c39e 8e75529e3897721b 

After Theta:
939fc32297b003ab 5c3e0f653047b757 179055169234be88 36a0a8fe6bb92671 6efa670f62833055 
2a5b5e981a3716f2 dcf1fb3454a2a525 24c0529b85d1369d de271238d92fa508 4cf850ca4a9934a1 
fd05df8cd8e47511 d664fa6c424fd6a4 f5c2c65ae61d24a7 9614f8209cc594ee b751e8a8e361ae06 
63e551b2beab3c7b 7ad33b222a25f8a8 bc3aa902ee6de1e9 ca34be458a2d9580 3dd36eb5fad82462 
b5a7e9e8fbc7f987 538dd71942e806e3 42498a4913954e1b a41c45c9134ba93d e00dff1e6ebd18b8 

After RhoPi:
939fc32297b003ab 2beab3c7b63e551b 54b6bd30346e2de4 47de3fcc3dad3f4f 7f4177e336391d44 
2a525dcf1fb3454a 71942e806e3538dd 993e9b1093f5a935 047b7575c3e0f653 543d699d911512fc 
e9253fae1632d730 bc82a8b491a5f440 05dcdbc3d3787552 014a6e1744da7493 caa70da124c52489 
c8b145b2b0194697 f4a11bc4e2471b25 1c45c9134ba93da4 7c104e62ca774b0a 724ce26d4151fcd7 
7fc79baf462e3803 d6ea3d151c6c35c0 9c3d8a0cc155bbe9 623dd36eb5fad824 33e143292a64d285 

After Chi:
52bae10297b0919b a7e833f327be911b 5076fdf3746679a6 46de35ce39b73fcf f5c373c312f93945 
2ac21ddfbfba45cd 31b53dc00c7733f8 813f9b009b74a191 786b751549c5fd5b 64758bd1d005caaa 
de63a5a35014ef30 bec88ca58d8dd080 85e4d9cf532cf71b 0367ff1b7152e4b7 cb060ca10ee12689 
48a905b22189453f dda1990640555b3e 5cc7fc237f8339a0 79d262e2c2726c41 3e4cd6af5548f197 
578787624e2d7c43 86fe3115546d1d04 1535880c42c43bf8 621c935f77ba1834 33dd4b35ab60d03d 

After Iota:
52bae10297b01191 a7e833f327be911b 5076fdf3746679a6 46de35ce39b73fcf f5c373c312f93945 
2ac21ddfbfba45cd 31b53dc00c7733f8 813f9b009b74a191 786b751549c5fd5b 64758bd1d005caaa 
de63a5a35014ef30 bec88ca58d8dd080 85e4d9cf532cf71b 0367ff1b7152e4b7 cb060ca10ee12689 
48a905b22189453f dda1990640555b3e 5cc7fc237f8339a0 79d262e2c2726c41 3e4cd6af5548f197 
578787624e2d7c43 86fe3115546d1d04 1535880c42c43bf8 621c935f77ba1834 33dd4b35ab60d03d 

After Theta:
cb9b8ca4711d438c 3ec95e55c113c306 c957905592cb2bbb dfff5868df1a6dd2 6ce21e65f4546b58 
66a77237b290af41 7dd05228015dd974 cd5af4e8965e4b1d 340e1afd44ef17d7 2810e439dd2f2026 
449649cdf3a67b8a 243d60cb2e3f443a 1f1135a1f09e63a1 99921375d2e0700d 51f3e0cfad53b233 
4e9ccae2d8326ac7 db945656b9ee74c6 5af2337386381658 7fe7adb23bc943b9 387919ffacf3de6f 
f5a481a719053978 24dd37d00345583f b7168ec915ec7ec3 c03f959a20925d0f 91fe4df0fc489506 

After RhoPi:
cb9b8ca4711d438c 2d8326ac74e9ccae cd4ee46f65215e82 38c829cbc7ad240d 912592737ce99ee2 
dd9747dd05228015 7d00345583f24dd3 0f5832cb8fd10e89 113c3063ec95e55c 636dca2b2b5cf73a 
f31d08f889ad0f84 4abc82ac96595dde e70c702cb0b5e466 6bd3a259792c7735 f63f61db8b47648a 
b6477928772ffcf5 e2fae681c35fa89d 3f959a20925d0fc0 09bae9703806ccc9 34dba5bffeb0d1be 
937c3f122541a47f 6a3e7c19f5aa7646 7997d151ad61b388 6f387919ffacf3de a04390e774bc8098 

After Chi:
e9938484f9904c0c 2f3fa40460e0dca2 2d4aa44b5505bee4 520babd3d685362c 0537b3a3fcea9e62 
d9d536dd73207064 dd425054c2f4edd2 17c9b8cb8d990509 11147943ec976d94 63ad4e0f5fec660e 
f2250eea89ed0f8e 42b89ab4a2f90b9c a70e317d9d95546e 0dd3b250be844423 763f719b8b4b648a 
fec4f98c2733bf75 e77be425c31e2035 bbddbe0ed25d43c2 197ae9b23807c8c8 25ffa7aff6f1cfdc 
87787c4b2163246e 3a3e6c4876b87717 7b87c3d127b1b381 6e0c6939d7bc328e c20bd8ef77a8e180 

After Iota:
6993848479904c06 2f3fa40460e0dca2 2d4aa44b5505bee4 520babd3d685362c 0537b3a3fcea9e62 
d9d536dd73207064 dd425054c2f4edd2 17c9b8cb8d990509 11147943ec976d94 63ad4e0f5fec660e 
f2250eea89ed0f8e 42b89ab4a2f90b9c a70e317d9d95546e 0dd3b250be844423 763f719b8b4b648a 
fec4f98c2733bf75 e77be425c31e2035 bbddbe0ed25d43c2 197ae9b23807c8c8 25ffa7aff6f1cfdc 
87787c4b2163246e 3a3e6c4876b87717 7b87c3d127b1b381 6e0c6939d7bc328e c20bd8ef77a8e180 

After Theta:
c09a349db78359ba 8636141daef3c91e 844314529b16ab58 fb021bca18962390 ac3e03ba32f98bde 
3df167b713a617c0 3966013ea2728a76 f3ede9a1ed1f62ad f53028298c110a30 87891f653f6a01aa 
ae0d3c91f7d62b86 1e90a8cfdcc22f94 fb260306e3ae7066 51fb802bc0bf602b 2a1743e0f5704082 
47375b6d0481a84c 5e8846c4e0ac370c 022e1ceff1ef54fb a0894b531bb5dff1 9c0c054ed543d8e5 
602aa88715d0f3e4 dd6cb884420ba09d 9cd5171d1302640b 895ebdf5e30fe504 25590c23431b360a 

After RhoPi:
c09a349db78359ba d0481a84c47375b6 7be2cf6e274c2f80 38ae879f23015544 ab834f247df58ae1 
28a763966013ea27 884420ba09ddd6cb a42a33f7308be507 ef3c91e8636141da 862f44236270561b 
738337d93018371d 2218a294d8b55ac4 dfe3dea9f6045c39 b7a687b47d8ab7cf 813205ce6a8b8e89 
6a6376bbfe341129 21461ea605053182 5ebdf5e30fe50489 c015e05fb015a8fd 2c4721f604379431 
4308d0c6cd828956 4542e87c1eae0810 0ee8cbe62f7ab0f8 e59c0c054ed543d8 1e247d94fda806aa 

After Chi:
939a20d4a78b4ca2 f250988014537db2 20230366e14837b8 282c818b3f8be341 aa934ee8757e0261 
20c723b4ae37ea07 89023c980cddf7c9 a43612b5396ae587 af2df1a3e37449ea aa6a64136644462b 
728bb79d319abf4b 661842ccc21f52d4 dfa3d4add61eec49 922e8bb4334af4cf 931259ce93038c03 
eaf152a2cc354181 b14e0c26c5544424 2fbff1eb0fe10b89 d83763c59115bcf9 8dc423d604621c70 
6b2d93c48d922b53 4d46c84617228a59 8ae0fb773ff970ff 228c1c650eb54342 1a087d97ffa852b0 

After Iota:
139a20d4278bcc23 f250988014537db2 20230366e14837b8 282c818b3f8be341 aa934ee8757e0261 
20c723b4ae37ea07 89023c980cddf7c9 a43612b5396ae587 af2df1a3e37449ea aa6a64136644462b 
728bb79d319abf4b 661842ccc21f52d4 dfa3d4add61eec49 922e8bb4334af4cf 931259ce93038c03 
eaf152a2cc354181 b14e0c26c5544424 2fbff1eb0fe10b89 d83763c59115bcf9 8dc423d604621c70 
6b2d93c48d922b53 4d46c84617228a59 8ae0fb773ff970ff 228c1c650eb54342 1a087d97ffa852b0 

After Theta:
96fcd1814ebee334 773669d57d6652a5 a545f233887d18af ad4a70de56becc56 2ff5bfbd1c4b2d76 
f788b0e83df67f3b 5e4dafc49f1c62f5 737981e9aaab70bb 786262ff70b5dcd6 7d25f74ff585d317 
39d8f14d08c51589 2d4b041cfb40f816 94f0927def41468b d97dcd640a155e0d d8411f1eaa5c26c1 
08e2232ae14eb894 535d7daee82fbd31 cdac8063229af29c 3a24124dbc6e45ec 6fd7525e2919e565 
cc72941b2eaf4be4 ea19cf99b41feaee 2dbffca89cc41048 85d31bbaad8823f5 bd577a485c953207 

After RhoPi:
96fcd1814ebee334 ae14eb89408e2232 ef1161d07becfe77 d9757a5f266394a0 4e763c5342314562 
c62f55e4dafc49f1 f99b41feaeeea19c 52c1073ed03e058b d6652a5773669d57 98a9aebed77417de 
0a345ca78493ef7a 2a2f919c43e8c57d c64535e5399b5900 e607a6aaadc2edcd 62082416dffe544e 
49b78dc8bd874482 bb9acf0c4c5fee16 d31bbaad8823f585 e6b2050aaf06ecbe 7d98ad5a94e1bcad 
de9217254c81ef55 3b0823e3d54b84d8 fef4712cb5d8bfd6 656fd7525e2919e5 f497dd3fd6174c5d 

After Chi:
9eecd9824abd453e ac307b89018e6653 6b155111526da677 f977fef7aae3f428 2c763c534abb0562 
87acd4ace3f84971 680b0ffea2f98b9e 43db8d36501ea10e d6d52b5771629d65 853927f6d775bf7f 
9c344e82c493442f 2a2fb17fd2e8c5b5 eaa174e50c435352 e74a74fafdebfc8c e20f74339de8141e 
49db4d48bfb944a2 3f8e07044cdbcc34 d21aba7dc207b5a4 7ea22d078f4468be 77f88d1a94c1bd8f 
9e911341dcc1e794 6a8323957b2b0554 ee34770235cabe5e 636fd7520f2d10b2 641e5f9343535ec1 

After Iota:
1eecd9824abdc5be ac307b89018e6653 6b155111526da677 f977fef7aae3f428 2c763c534abb0562 
87acd4ace3f84971 680b0ffea2f98b9e 43db8d36501ea10e d6d52b5771629d65 853927f6d775bf7f 
9c344e82c493442f 2a2fb17fd2e8c5b5 eaa174e50c435352 e74a74fafdebfc8c e20f74339de8141e 
49db4d48bfb944a2 3f8e07044cdbcc34 d21aba7dc207b5a4 7ea22d078f4468be 77f88d1a94c1bd8f 
9e911341dcc1e794 6a8323957b2b0554 ee34770235cabe5e 636fd7520f2d10b2 641e5f9343535ec1 

After Theta:
fc9ba31efaf354a4 4e470115b1c0f749 89622b8de223376d 1b00846b1aad6532 ce0146cffaf59478 
389bf2b0ee88c915 d73c29e2af890bfa fcecab2a5d6e216a 69e20d4b7c121d01 3a0e01eada053f1b 
398eb41f265ad5d3 8f954be230215449 4f1b8e78ee8ac2ae 42f08e671f226d70 47b58eae7f2185e2 
2a8b58b6793e5b22 5cde12fa8a5cd3b4 b14aaf830480aa24 1df238f949c3773e 14a898e45246a20f 
2a142010042ce637 de0610c4a3c604f7 5ab14453ed27bffd d7eae403d7c01111 d09b6cc29bbe5f62 

After RhoPi:
fc9ba31efaf354a4 6793e5b222a8b58b 7137e561dd11922a 80216731b950a100 ce63ad07c996b574 
90bfad73c29e2af8 0c4a3c604f7de061 e552f88c08551263 1c0f7494e470115b da2e6f097d452e69 
56157278dc73c774 4b115c6f1119bb6c 060901544962955f b2aca975b885abf3 93dffead58a229f6 
1f29386ee7c3be47 43a02d3c41a96f82 eae403d7c01111d7 47338f9136b82178 5aca64360108d635 
db30a6ef97d8b426 48f6b1d5cfe430bc 1b3febd651e33805 0f14a898e45246a2 e83807ab6814fc6c 

After Chi:
ba9bf116e69291a0 2482a5bd32a8ae87 733ee4319c331736 2281ee50a1d50ba0 cfb23da3c934b4e2 
9997a575e11e12fb 0cea1d700fdda4e3 0db6fa0f884412e3 591c7214e2481153 922e6f1b7c4df868 
9605f4f9cc6bc754 4347ccae9f5dab50 1712e9545880bd5f baa8897d78c7ed71 33effd2430b601be 
3ba2397e8fe0fec7 64a1691e61a1ea81 8ae407f64c0193fd c712c8b02fb88078 5c89cc32808ad725 
db14aa8e97d49e7e 40bea99582b170dc 9f7ff35a51a73844 131ab81ca07256f9 f83445a35c55f665 

After Iota:
ba9bf116669291a1 2482a5bd32a8ae87 733ee4319c331736 2281ee50a1d50ba0 cfb23da3c934b4e2 
9997a575e11e12fb 0cea1d700fdda4e3 0db6fa0f884412e3 591c7214e2481153 922e6f1b7c4df868 
9605f4f9cc6bc754 4347ccae9f5dab50 1712e9545880bd5f baa8897d78c7ed71 33effd2430b601be 
3ba2397e8fe0fec7 64a1691e61a1ea81 8ae407f64c0193fd c712c8b02fb88078 5c89cc32808ad725 
db14aa8e97d49e7e 40bea99582b170dc 9f7ff35a51a73844 131ab81ca07256f9 f83445a35c55f665 

After Theta:
f29242e32f737c5b 6c8b16487b49437d 3b3757c4d5d2facc 6a885da5e834e65a 87bb8e5680d55918 
0fac8ca8c678fe81 9ad134ad28bb4899 9b8dd3d2af22fe99 cf275bc9c52efd29 041546c65b2b1412 
59040dd42e0c2b58 8c4635837d3a475c d8131079bae75153 75a970509aa0017d fcee0409d2d1edb2 
af4387d9bded2fa6 f040d7b953ac3be0 1e05b9517e0c429c 53f376171db55119 c8687295b2870644 
95403f49db77603c 0eea3c52ce128e9e d12b669d1d04c606 5d4e2ddbecd1a8bb b660d06410f60827 

After RhoPi:
f29242e32f737c5b 9bded2fa6af4387d 1f5919518cf1fd02 4edbbb01e4aa01fa 164103750b830ad6 
b48999ad134ad28b c52ce128e9e0eea3 118d60df4e91d723 b49437d6c8b16487 f078206bdca9d61d 
3a8a9ec09883cdd7 d9babe26ae97d661 a2fc1885383c0b72 374f4abc8bfa666e 8263036895b34e8e 
c2e3b6aa232a7e6e dfa539e4eb7938a5 4e2ddbecd1a8bb5d b8284d5000bebad4 69ccb4d510bb4bd0 
3419043d8209ed98 5f9dc0813a5a3db6 395a035564621eee 44c8687295b28706 10551b196cac5048 

After Chi:
f89044a3a7f2710f 834cccfc6ce3283d bd290151bcddf552 4d90f329e7e00392 144200750a910254 
74e8b9873062e0a3 c329e0e8a888c627 5d8ca3b78f11672e 3cb43296c8b5fc17 99f494fedca1d74d 
0e929ed518824c47 d9a27e27be95d373 93ae18941c7e0fd0 738f6a9e1efa636c 92720860f9b75e86 
0061f4680e586e2d 5fe72b9eabdd38ec 482cc3ec59395a5d b23bde5160b6ba2c 6fccb4b113b84146 
30109d3192016f18 1bbde181bb5afb34 39de63db26621ccf f4cc6ca49da3e303 f06d3b13b8848441 

After Iota:
789044a327f2f107 834cccfc6ce3283d bd290151bcddf552 4d90f329e7e00392 144200750a910254 
74e8b9873062e0a3 c329e0e8a888c627 5d8ca3b78f11672e 3cb43296c8b5fc17 99f494fedca1d74d 
0e929ed518824c47 d9a27e27be95d373 93ae18941c7e0fd0 738f6a9e1efa636c 92720860f9b75e86 
0061f4680e586e2d 5fe72b9eabdd38ec 482cc3ec59395a5d b23bde5160b6ba2c 6fccb4b113b84146 
30109d3192016f18 1bbde181bb5afb34 39de63db26621ccf f4cc6ca49da3e303 f06d3b13b8848441 

Starting
789044a327f2f107 834cccfc6ce3283d bd290151bcddf552 4d90f329e7e00392 144200750a910254 
74e8b9873062e0a3 c329e0e8a888c627 5d8ca3b78f11672e 3cb43296c8b5fc17 99f494fedca1d74d 
0e929ed518824c47 d9a27e27be95d373 93ae18941c7e0fd0 738f6a9e1efa636c 92720860f9b75e86 
0061f4680e586e2d 5fe72b9eabdd38ec 482cc3ec59395a5d b23bde5160b6ba2c 6fccb4b113b84146 
30109d3192016f18 1bbde181bb5afb34 39de63db26621ccf f4cc6ca49da3e303 f06d3b13b8848441 

After Theta:
f058b51f0a32cb46 0b843d404123127c 35e1f0ed911dcf13 c5580295ca2039d3 9c8af1c927513815 
2108f6e590969710 96c9af8a087cb194 086cecd52fe5109d 69547df468418ba4 cc14db9c7c55a0fe 
d5252f900408c95a 0215cf62a21f566e 4819a9d100f48acd a838dbdb0270e671 49c5b925e53ddb9b 
88a6ff4807411c61 d72020bea2c44aa0 c0ebc8cc50202811 3afcd57169afc860 e70bbf911aa1330a 
c4031f6f28c9c3b2 efae63df0192579e cdcde1859caab065 00dfeefa276b4fa9 047eb94d024c28eb 

After RhoPi:
f058b51f0a32cb46 807411c6188a6ff4 4211edcb212d2e20 79464e1d962018fb b5494be401023256 
cb19496c9af8a087 3df0192579eefae6 8573d8a887d59b80 123127c0b843d404 506b90105f516225 
a4566a40cd4e8807 af0f876c88ee7899 98a040502381d791 b3b354bf94427421 555832e6e6f0c2ce 
ae2d35f90c075f9a 31748d2a8fbe8d08 dfeefa276b4fa900 6ded81387338d41c 4073a78ab0052b94 
ae5340930a3ac11f 6938b724bca7bb73 c7249d44e056722b 0ae70bbf911aa133 30536e71f15683fb 

After Chi:
d41e971f4f34c346 027b978e988a6fed 5a91ed9b012d6a31 d8c41e22922038da b0596902a1a2b29c 
c1305cd59af9f71f 2d8011277efe7fe6 c23d628fcf9bb380 5e7da6c0db7b5418 504815184f544b35 
a4042a42cf760802 e707b568b8ef4aea 98a04510a39185ba b1b15e3814405502 65587a97a7a242a5 
fe2580f50c0755da b1308de88fb6c98c dfff9aac6a66a500 1cedc5387518ccd4 c57ba60eb0051b90 
a55208f39af2e19e 54b8bf05ddc32b71 42468d646686e3ab 08d62a7fb9596537 7071fe61af07c3da 

After Iota:
d41e971f4f34c347 027b978e988a6fed 5a91ed9b012d6a31 d8c41e22922038da b0596902a1a2b29c 
c1305cd59af9f71f 2d8011277efe7fe6 c23d628fcf9bb380 5e7da6c0db7b5418 504815184f544b35 
a4042a42cf760802 e707b568b8ef4aea 98a04510a39185ba b1b15e3814405502 65587a97a7a242a5 
fe2580f50c0755da b1308de88fb6c98c dfff9aac6a66a500 1cedc5387518ccd4 c57ba60eb0051b90 
a55208f39af2e19e 54b8bf05ddc32b71 42468d646686e3ab 08d62a7fb9596537 7071fe61af07c3da 

After Theta:
5e6440d807bb0446 88014049d005a8ec d0eb3a5c49a2ad30 52bec9e5daafffdb 3a23bec5e92d759d 
3bcc3bd5b03d1a28 d77c7627543a92d1 38c1058fe55f5eb7 a481c1c0f1bfb92f aab472186590a602 
16455fe92950f072 5546c0c35ec9b29a 2ae130bb45b77dca 03f02b93f266ad72 d7190f3c4184bad5 
6778a378043e9a7c 286dae65878f062a 46a2b921625f6aa6 85b0e6b57d210372 5c268583b83cd436 
24fdc8217c1a9637 d5177fd73b2b5cd8 c3e94db6806e9402 8979eaad5fb1129e f1de3eb349efb473 

After RhoPi:
5e6440d807bb0446 8043e9a7c6778a37 779877ab607a3450 0be0d4b1b927ee41 859157fa4a543c1c 
a92d1d77c7627543 fd73b2b5cd8d5177 51b030d7b26ca695 005a8ec88014049d 151436d732c3c783 
bbee51570985da2d 8759d2e24d156986 42c4bed54c8d4572 04163f957d7adce3 374a0161f4a6db40 
d6afa4206e50b61c f725f49038381e37 79eaad5fb1129e89 15c9f93356b901f8 5fffb6a57d93cbb5 
8facd27bed1cfc77 bae321e78830975a fb17a4b5d674e88e 365c268583b83cd4 aad1c8619642980a 

After Chi:
4ca600d80f3e8e6a 824ba9e5c667a2b7 75dcf9ab2cfb7532 0fe4e5a4c44d3623 a7db56da8e70245c 
ed2cb957a1325153 8d5796a5fda54746 689a31dd037e3c1c 11934eea82950585 5da180533bd2c736 
b2ee030c8889924e 8f9bd385cd15e8ce c0d1be750ae92574 26023911fc7ae0e7 974a492176e6cb4a 
86efa4a06cf3b61c f7253c907e7f1612 7d62fe5591188ad9 1c6929036ebec3f9 5affa13f3587efa1 
2ea5cf5c2d5c8d76 c7d333f781b8c61a fb37a4e144706a0b 36462ccd83a83c48 bad5e864a6c15b89 

After Iota:
4ca600d80f3e0ee8 824ba9e5c667a2b7 75dcf9ab2cfb7532 0fe4e5a4c44d3623 a7db56da8e70245c 
ed2cb957a1325153 8d5796a5fda54746 689a31dd037e3c1c 11934eea82950585 5da180533bd2c736 
b2ee030c8889924e 8f9bd385cd15e8ce c0d1be750ae92574 26023911fc7ae0e7 974a492176e6cb4a 
86efa4a06cf3b61c f7253c907e7f1612 7d62fe5591188ad9 1c6929036ebec3f9 5affa13f3587efa1 
2ea5cf5c2d5c8d76 c7d333f781b8c61a fb37a4e144706a0b 36462ccd83a83c48 bad5e864a6c15b89 

After Theta:
5bd33d160f9e993a 953e942bc6c73565 62a9c4652c5be2e0 1891d86ac4eda1f1 b0ae6b148ed0b38e 
67fa6726857f72f3 078148d4d9e864e6 e24cefac27331fbc 9b45909ba6d82625 d7775e221f9fe496 
62400f29df7d77ea 5f35dfa09ae10d6a 107fb2505d1dc0d0 f6ac3534ab8e0543 47e4450421122eee 
f7a683ab32e04f08 866c1b9b206cef06 0c2bd95ecf0b73cd 6d200e0830ad3aed 2bb686346b9416b5 
4286e6d4aace1ddd abf01a7f062a56b1 97148d69c3e2faa0 5a650545043aace3 d6f6c1ec2153cb22 

After RhoPi:
5bd33d160f9e993a b32e04f08f7a683a cff4ce4d0afee5e6 a55670eeea143736 989003ca77df5dfa 
864e6078148d4d9e a7f062a56b1abf01 cd77e826b8435a97 6c73565953e942bc 8343360dcd903677 
ee068083fd9282e8 154e232962df1703 bd9e16e79a1857b2 33beb09ccc7ef389 f17d504b8a46b4e1 
c10615a75dada401 04c4b368b21374db 650545043aace35a 1a9a55c702a1fb56 db43e23123b0d589 
b07b0854f2c8b5bd c8fc88a0842245dd ac523b42ce3ac2b9 b52bb686346b9416 5ddd78887e7f925b 

After Chi:
33d3bd95e68c1b5a a32005f88fbf6838 ff7cd88c08e6e0c6 b6dad06a66028637 e8ac43887599dd7a 
874e755c14a0699f a770f2e5fb1adfd9 8d76a92698e7fadf 6473131a51684aea 8941943dec20777f 
de7f88d35fd29354 dd762ba966ff1607 35cc2ca55e0a5713 969f129cf834f789 f5e148c3d609b6b3 
8a8620a550bbac03 37c6b738b94b5cf9 26a181093a68c61c 1ace15afc8b5d876 5b43e17322309829 
3477483ce2c9f139 cc2ceaa5e422d2dc ac511b607e3bd8a8 fd0ab0972582d49e 5e9e4c8df67fb05e 

After Iota:
b3d3bd95e68c9bd0 a32005f88fbf6838 ff7cd88c08e6e0c6 b6dad06a66028637 e8ac43887599dd7a 
874e755c14a0699f a770f2e5fb1adfd9 8d76a92698e7fadf 6473131a51684aea 8941943dec20777f 
de7f88d35fd29354 dd762ba966ff1607 35cc2ca55e0a5713 969f129cf834f789 f5e148c3d609b6b3 
8a8620a550bbac03 37c6b738b94b5cf9 26a181093a68c61c 1ace15afc8b5d876 5b43e17322309829 
3477483ce2c9f139 cc2ceaa5e422d2dc ac511b607e3bd8a8 fd0ab0972582d49e 5e9e4c8df67fb05e 

After Theta:
c4b8ab07d98be645 d44b136ab0b815ad 8817ce1e37e19d53 c1b1c6f85905fba2 9fc7551a4a9ea0ef 
9dc02d5ff4db0708 bdfeaae61b61b14e 97f8f125789c9448 7efd4b19b113247d 93cfcc3e0c5b19e8 
2adce5fbe7fd0f2b 29d54681ded08a78 c16f418de625cb6c 623c7fb4401b6bf6 014225eb6e262acc 
30017ee24ffa0062 8d41e97fa60af098 9c26df4e25296a7d a0494be8d7f47417 e1c4bf343d713448 
8de84c723f481747 75b3eeeb39a334a2 15ce1f2ea3ba3ed6 4495b4d9f80332e0 e70148c32bfe5620 

After RhoPi:
c4b8ab07d98be645 24ffa006230017ee 3b805abfe9b60e11 91fa40ba3c6f4263 cab7397ef9ff43ca 
1b14ebdfeaae61b6 eeb39a334a275b3e 7551a077b4229e0a 0b815add44b136ab 4c46a0f4bfd30578 
2e5b660b7a0c6f31 40be70f1bf0cea9c 9c4a52d4fb384dbe e3c495e27251225f dd1f6b0ae70f9751 
7d1afe8e82f40929 648fafdfa9633622 95b4d9f80332e044 3fda200db5fb311e 0bf74583638df0b2 
5230caff958839c0 802844bd6dc4c559 54692a7a83be7f1d 48e1c4bf343d7134 4f3f30f8316c67a2 

After Chi:
e0f3af07c98be844 24f3c0c69608b76e b38a083fa2ae4fa5 71bec5980e2f4237 5bae7274b9f3d1cb 
4a14735b6a5e61be cab2153d4a444f1c 74e5295fb4203e4a 179b7ad0c11b27ab 4ea6a475bf5365da 
2c7b667a6f045ff1 c09e30d1fb882bc5 dc0370d67bb452a7 a3e551507255627f 99175b72f76f9051 
f992df8ecaf7cf2c 40580fddab632484 be34897d6b32e044 aec0200dbdb9335d 8b774c85ab1ef0fa 
49348a27b7ac3872 4a285e8c25e38d49 10388a3a97beef17 42e0defa74ad45bc 4b7fb078376c6392 

After Iota:
60f3af07498b6844 24f3c0c69608b76e b38a083fa2ae4fa5 71bec5980e2f4237 5bae7274b9f3d1cb 
4a14735b6a5e61be cab2153d4a444f1c 74e5295fb4203e4a 179b7ad0c11b27ab 4ea6a475bf5365da 
2c7b667a6f045ff1 c09e30d1fb882bc5 dc0370d67bb452a7 a3e551507255627f 99175b72f76f9051 
f992df8ecaf7cf2c 40580fddab632484 be34897d6b32e044 aec0200dbdb9335d 8b774c85ab1ef0fa 
49348a27b7ac3872 4a285e8c25e38d49 10388a3a97beef17 42e0defa74ad45bc 4b7fb078376c6392 

After Theta:
20b5bc2ddb5fb175 64b5d3ec04dc6e5f f3cc1b15307a9694 31f8d6b29cfb9b06 1be8615e2b2708fa 
83a6fbf774aacbb7 03009d9154b0e515 bd57a1f3aad49443 de29f27cdfef8da2 87142cd9a1a7cfd3 
c5979caabd759dfe 2972ca0129f9e9ca 35ef8a06a9c590a8 4a09ab80a024a070 70fba1a2251e525e 
c6f093f72c95e395 7f3a43a44d01083d 8156c5048d50ccfd 91a26c745bdb1fe4 b41500fc4d7cdc43 
d0481fa43e4ff6de d354cb0fac0043e5 89441fb91e5d21bb db9c4b79fd4e8b10 d20325fbbe8fad3e 

After RhoPi:
20b5bc2ddb5fb175 72c95e395c6f093f 074df7eee955976f 21f27fb6f68240fd b165e72aaf5d677f 
0e51503009d9154b b0fac0043e5d354c 5cb2804a7e7a728a 4dc6e5f64b5d3ec0 1ebf9d21d2268084 
2c8541af7c50354e 9e60d8a983d4b4a7 091aa199fb02ad8a 5e87ceab52510ef5 2e90ddc4a20fdc8f 
8e8b7b63fc92344d f1b45bc53e4f9bfd 9c4b79fd4e8b10db d5c0501250382504 f7360c63f1ad6539 
c97eefa3eb4fb480 ce1f743444a3ca4b 8578ac9c23e86fa1 43b41500fc4d7cdc 1c50b366869f3f4e 

After Chi:
0031bda2af5f9171 7cc94690ddef899c 0645d67f68551a6f 33f375bfe68240c8 9165a7ee8f543b74 
8c5b6a70895b154a d16ec34002563e14 c8f3d82e7af362db cc86f5e64b751fc0 cf999d028386a1b4 
6df1c52f7f1db5ce 906bfc99c374f4a5 082a2599da62c2aa 5cb3cbabfe14562d 26d06ec0a41dc6c9 
ae0a6b6fec823538 c17451cc26039ac9 9e4e2a9f869e8095 f5823aa452ba2525 5613486bd8ed2508 
c73eafb3ebcfb08a 4e2df43066b3fe0b ddcaac9c35c20f21 0fb09540f51042dc 12caab67d6bdbfce 

After Iota:
0031bda2af5f11fa 7cc94690ddef899c 0645d67f68551a6f 33f375bfe68240c8 9165a7ee8f543b74 
8c5b6a70895b154a d16ec34002563e14 c8f3d82e7af362db cc86f5e64b751fc0 cf999d028386a1b4 
6df1c52f7f1db5ce 906bfc99c374f4a5 082a2599da62c2aa 5cb3cbabfe14562d 26d06ec0a41dc6c9 
ae0a6b6fec823538 c17451cc26039ac9 9e4e2a9f869e8095 f5823aa452ba2525 5613486bd8ed2508 
c73eafb3ebcfb08a 4e2df43066b3fe0b ddcaac9c35c20f21 0fb09540f51042dc 12caab67d6bdbfce 

After Theta:
6420476e465742ab 18d8bc5c34e7dacd 62542cb3815d493e 57e28f730f8a1399 f5745d22665c6825 
4bd7e7e4826ccab4 16e24ed40961e1ea 0f7f55ba71c4bd25 0b0a78724042c03e 0815109688b17e4a 
5e6a1932ca801cad a3f0208476e95dc6 3bb1f9846fff6bc9 6f2817b64b89ff4e 154bb2dd11806faa 
b29e405ae6a75f79 dde07af92c26f088 82da01aa8cbbead4 e9161191589f4f64 4a87635ed2c84f49 
25c83378cbe06ca8 acdb68fb469c2229 3f3c305715edd303 ed46098bd53f9efe f03c37acf69263ec 

After RhoPi:
6420476e465742ab ae6a75f79b29e405 97afcfc904d99568 c65f0365412e419b 579a864cb2a0072b 
1e1ea16e24ed4096 8fb469c2229acdb6 fc08211dba5771a8 4e7dacd18d8bc5c3 446ef03d7c961378 
fb5e49dd8fcc237f 12a1659c0aea49f3 551977d5a905b403 fd56e9c712f4943d f6e9819f9e182b8a 
322b13e9ec9d22c2 5807c1614f0e4808 46098bd53f9efeed 0bdb25c4ffa73794 142732afc51ee61f 
0deb3da498fb3c0f 42a9765ba2300df5 74899971a097d5d1 494a87635ed2c84f 2054425a22c5f928 

After Chi:
85600fffcd5761c2 be6b71eb9349e444 96be990905d9116b 775d4263535a51a7 e51b87ce30a82fa9 
1e3fb34e44fc4016 c7b2e9a3679ecdbe fe08a91daccd3b44 4cf4a8d16088e643 4468c21d3d90d76d 
f69e65d99fae3f72 10095386aada4c06 659967f52904b513 bd566be412a45c76 d6b9c1cfbcd932aa 
522b51a3aa996062 f445c0c55607a808 c52fcd5d3bd6fec5 8dce25c0fe8b3604 43adb6ab553ee01c 
17f59da4b8533c1b 433d7e5b82a20447 1c89b9651a91b551 416a2bf3d2534c0f 2030326b6ed3e978 

After Iota:
85600fff4d5761c3 be6b71eb9349e444 96be990905d9116b 775d4263535a51a7 e51b87ce30a82fa9 
1e3fb34e44fc4016 c7b2e9a3679ecdbe fe08a91daccd3b44 4cf4a8d16088e643 4468c21d3d90d76d 
f69e65d99fae3f72 10095386aada4c06 659967f52904b513 bd566be412a45c76 d6b9c1cfbcd932aa 
522b51a3aa996062 f445c0c55607a808 c52fcd5d3bd6fec5 8dce25c0fe8b3604 43adb6ab553ee01c 
17f59da4b8533c1b 433d7e5b82a20447 1c89b9651a91b551 416a2bf3d2534c0f 2030326b6ed3e978 

After Theta:
f2487e8474d8463d c9430090aac6c3ba e196e8723c563695 007533186ad57659 9233f6b509270857 
f00f66fd98d2fb83 29823c10bbb0762b 10387cae70e380d1 a2c47d62bca65dd6 aa5817aee1be6cf8 
83c2624594e279df 6555541aa1960aab 10c560692248f3be c80a6c7819e81adb a3e5c653b7957407 
e8fc2c272154982d 4e92bd41ddca5047 7ff8b0d9b01b068a 371958447546ce4b f97acb2fdef31853 
c5311795a4c50968 91f9f46a9e343134 ce4d335406078022 93aea1c2cec5797c f2f4b85a7245dc0b 

After RhoPi:
f2487e8474d8463d 72154982de8fc2c2 e01ecdfb31a5f707 ad26284b462988bc e0f0989165389e77 
0762b29823c10bbb 46a9e34313491f9f 555506a86582aad9 ac6c3bac9430090a 23a7495ea0eee528 
479df0862b034912 0cb74391e2b1b4af b360360d14fff161 e1f2b9c38e034440 03c011672699aa03 
088ea8d9c966e32b cbbad4588fac5794 aea1c2cec5797c93 363c0cf40d6de405 aaecb200ea6630d5 
2e169c917702fcbd f47cb8ca76f2ae80 dad4249c215e48cf 53f97acb2fdef318 a9605ebb86f9b3e2 

After Chi:
b2d53e827cda063d 7a0349123e3f62e2 423efdfe21d8a627 ecb4a8084c2accfc e0b088b063299474 
0f60bac1e3a5a992 85a1770b1e455c8f 59d4c66aa482a64b ba603f98955ca90f 8b8beb5e6888f5fc 
618de4861d035586 38f36b1392e31caf e334121d34f9f12d a033cbc8ac915758 02c05ddc22002921 
d8c6caddc9bee12b c9bb955807a117d6 8eab0badd5d8cb93 9a3a0cf44d4ceca1 ea7c32008b663cc0 
2b341c897403f53f f0d41a8b77b2b39d cf95269c655c4017 53b1696fbfcef21a aa671ff5063fd2ea 

After Iota:
32d53e82fcda86bc 7a0349123e3f62e2 423efdfe21d8a627 ecb4a8084c2accfc e0b088b063299474 
0f60bac1e3a5a992 85a1770b1e455c8f 59d4c66aa482a64b ba603f98955ca90f 8b8beb5e6888f5fc 
618de4861d035586 38f36b1392e31caf e334121d34f9f12d a033cbc8ac915758 02c05ddc22002921 
d8c6caddc9bee12b c9bb955807a117d6 8eab0badd5d8cb93 9a3a0cf44d4ceca1 ea7c32008b663cc0 
2b341c897403f53f f0d41a8b77b2b39d cf95269c655c4017 53b1696fbfcef21a aa671ff5063fd2ea 

After Theta:
1a8bd64b6aaabfb2 525da1dba84f5bec 6a601537b7a89f29 c4ea40c1da5af5f2 c8ee6079f559ad7a 
38fe072f448a3f99 b23fcae5b96aca84 6e4a7b8403ad3040 8dfe827632733f04 bc1556b0cfa763f7 
5c53ee59026e803c 052d61cc8d8ec915 deea18c22b942497 9dedc117b3fc82e2 3f1e57033d6dfc9b 
1b396d48420e6bdd 0a4432cd8c119d20 4d54ac385e684165 59c5ab61c6fc6657 2983959500d6b636 
c97d23f831922dd2 129d25fa32236b70 2ddc19ed20cd98fa b1f8561efa5f2af7 482e208443ae0a07 

After RhoPi:
1a8bd64b6aaabfb2 8420e6bdd1b396d4 71fc0e5e89147f32 c18c916e964be91f 1714fb96409ba00f 
aca84b23fcae5b96 5fa32236b70129d2 4b58732363b24541 84f5bec525da1dba 9005221966c608ce 
a124bef750c6115c 5300a9bdbd44f94b 70bcd082ca9aa958 29ee100eb4c101b9 66cc7d16ee0cf690 
6c38df8ccaeb38b5 67e091bfd04ec64e f8561efa5f2af7b1 e08bd9fe41714ef6 b5ebe589d48183b4 
882110eb8281d20b 67e3cae067adbf93 81e7d566b5eb23b9 362983959500d6b6 f0555ac33e9d8fde 

After Chi:
1b8f629f6aeabffa 84206f34d9f746dd 41588ede011cd72a e8869164064ae91e 71dca690c893561f 
e0b00a2b76877337 7b433234f70b2fd6 c31a7d5b769213e0 44f4773564ea53fc 0126a290764709ea 
2125be9450c6d356 5303e3fd9ae5c0da 711d11866a5ba950 3fce120f20c191b9 26d86754c410fada 
7eb2198ca2c11505 e7e0b5a2405cc60a 884e14e2573eabb3 210fc994433a67ff b2eb449d9483a3b5 
2c0119cb1685920f 3c60cae241ad9691 8be7a447d74923f8 3258ad14b490c216 70545aca18d9871e 

After Iota:
9b8f629f6aea3ff3 84206f34d9f746dd 41588ede011cd72a e8869164064ae91e 71dca690c893561f 
e0b00a2b76877337 7b433234f70b2fd6 c31a7d5b769213e0 44f4773564ea53fc 0126a290764709ea 
2125be9450c6d356 5303e3fd9ae5c0da 711d11866a5ba950 3fce120f20c191b9 26d86754c410fada 
7eb2198ca2c11505 e7e0b5a2405cc60a 884e14e2573eabb3 210fc994433a67ff b2eb449d9483a3b5 
2c0119cb1685920f 3c60cae241ad9691 8be7a447d74923f8 3258ad14b490c216 70545aca18d9871e 

After Theta:
7872c3ec8da477b3 67ddce473eb90e9d a2a52fade6529f6a 0b7b3017e104a15e 922107e32fdd1e5f 
1347cdc2830cc14c 88b4f5dd02809dad 30edbab28319a19b b703b0dc9161e187 f2d1657983ccbb91 
39ee45ff7140bfac 4bc81896bb63ac20 69d6eaed4bddc5aa 2705e9640147fd43 3e139c3fe5969620 
d78a2158be380067 4ed88d765ca5d368 21762c364bc7bed1 8837f1405fc3729d 1bd37c49887ab6d7 
21a2450c8d2f0cf2 31c39625da07086c 8644f8804ce3bd05 3ffbf1d32f3a5ceb 7df7060d837319e3 

After RhoPi:
7872c3ec8da477b3 8be380067d78a215 268f9b8506198298 64697867910d1228 0e7b917fdc502feb 
09dad88b4f5dd028 625da07086c31c39 f20625aed8eb0812 eb90e9d67ddce473 b4276c46bb2e52e9 
ee2d534eb7576a5e 15297d6f3294fb55 6c978f7da242ec58 b6eaca0c66866cc3 71de82c3227c4026 
280bf86e53b106fe 3c30f6e0761b922c fbf1d32f3a5ceb3f f4b200a3fea19382 0942bc16f6602fc2 
c18360dcc678df7d 07c27387fcb2d2c4 1f8cbf74797e4884 d71bd37c49887ab6 cb4595e60f32ee47 

After Chi:
9e57c0a83da65de5 9ec3dd094d6c4151 2a1e11d4241966d0 70037a6f930f1aa8 4fa313fedc002fed 
09d870ab0ffdd488 4a4d22f0c2c81c11 616675acc0f70b35 ab80e975e5fd7773 bc2750526f2e7d29 
2fad53de331fb35f 16eb7c68ba34bb95 689ba32de360ecd8 b5e31950678e04f7 b3db83232b6e8023 
107b7b4e5a35267c b41176e07753b23d dbf2d3ae3c5d6927 d4d228a06ea4938a 0d78bc0f26202e6a 
c00b78df84215f75 67de53f77e31ceec cf8c9b5ea19c4086 5c8b52ec25589ee5 7b41f9e62c1cbe47 

After Iota:
9e57c0a83da65d6f 9ec3dd094d6c4151 2a1e11d4241966d0 70037a6f930f1aa8 4fa313fedc002fed 
09d870ab0ffdd488 4a4d22f0c2c81c11 616675acc0f70b35 ab80e975e5fd7773 bc2750526f2e7d29 
2fad53de331fb35f 16eb7c68ba34bb95 689ba32de360ecd8 b5e31950678e04f7 b3db83232b6e8023 
107b7b4e5a35267c b41176e07753b23d dbf2d3ae3c5d6927 d4d228a06ea4938a 0d78bc0f26202e6a 
c00b78df84215f75 67de53f77e31ceec cf8c9b5ea19c4086 5c8b52ec25589ee5 7b41f9e62c1cbe47 

After Theta:
bb6de675614d3f3e bbf9fbd411872300 0f24370978f20481 55395cb2cfe478f9 6a99352380eb4dbc 
b338389f59775aaf f0ad6ac494429236 db863d98967d8512 1160a141b377f954 06c7186639a4f30e 
569d58500770fba4 6fdb77e68e5bf36e 11aba8a3d70fa423 ccd312de53e14c0c caeb88ad1f01c8d8 
d8b85b5ed90fa5c0 7cd256f0f4693181 1331f3bebf67ea9b 1c1108b0ed9e1036 c5bb9c1fa51aadd6 
4c6df9b8ea2680a5 ebb8d2901036113c 43ea1a39cf9b9f56 d0edd38b4b5f4135 f7277881421b6197 

After RhoPi:
bb6de675614d3f3e ed90fa5c0d8b85b5 6670713eb2eeb55f c75134052a636fcd 15a7561401dc3ee9 
29236f0ad6ac4944 2901036113cebb8d f6ddf9a396fcdb9b 1872300bbf9fbd41 c0be692b787a3498 
7d21188d5d451eb8 7921b84bc7902408 7d7ecfd5362663e7 18f66259f6144b6e cdcfab21f50d1ce7 
161db3c206c38221 ff2a822c1428366e edd38b4b5f4135d0 896f29f0a6066669 c8f1f2aa72b9659f 
de205086d865fdc9 195d7115a3e0391b d48e03ad36f1aa64 d6c5bb9c1fa51aad 1b1c6198e693cc38 

After Chi:
ef6df6f0680c2986 bdb04256c99b81b5 6f52776a92ec953b c7d576556a632de3 18e6d41484d9368e 
2b3fcc48d42ec945 af0b014503e6a9eb 765cf9a9dfbdcf8b 997b39abbf9d9940 c08e39a17aca5580 
b501588985616370 7974c95a64502d19 6d72cf711696e9c3 4e76f055efb553ea dec3aa31710f94c7 
375015b327cb8017 1baa08641823b2ca cfa3fb59df4f20cb 887f2df186440329 cc52e4ae73f5575e 
de22598c4ec5bd89 195c7034b1a40313 44038b2c32e1e0e4 cee7bb968a398aad db0448b39eb1cc28 

After Iota:
ef6df6f0680c290e bdb04256c99b81b5 6f52776a92ec953b c7d576556a632de3 18e6d41484d9368e 
2b3fcc48d42ec945 af0b014503e6a9eb 765cf9a9dfbdcf8b 997b39abbf9d9940 c08e39a17aca5580 
b501588985616370 7974c95a64502d19 6d72cf711696e9c3 4e76f055efb553ea dec3aa31710f94c7 
375015b327cb8017 1baa08641823b2ca cfa3fb59df4f20cb 887f2df186440329 cc52e4ae73f5575e 
de22598c4ec5bd89 195c7034b1a40313 44038b2c32e1e0e4 cee7bb968a398aad db0448b39eb1cc28 

After Theta:
2ec9ce1c2b40f63e 7c147aba8ad75e85 aef64f86d1a04a0b 06714eb9292ff2d3 d942ecf8c795e9be 
aae7a449dbd52ea6 2ed369440c1d4e08 f78491a8d0462868 18a351aab0667ea3 415651a07531b263 
50743385626f8c56 9c01a256835ec23f 8807a47df19806e5 ab039b5908bbbccc 3bb6c13d96017be1 
2bdeb216fcc6d167 0724afc1c32ee3ba d32d5cfc044271bb 94f18a545d495259 d0dc430ba8f8062e 
bc2eb546e051b633 7b509cfe1f3008a9 260f67e69c75eb5e aceb575c24ad8117 b908a4793025c792 

After RhoPi:
2ec9ce1c2b40f63e 6fcc6d1672bdeb21 55cf4893b7aa5d4d 37028db19de175aa 941d0ce1589be315 
d4e082ed369440c1 cfe1f3008a97b509 006895a0d7b08fe7 ad75e857c147aba8 dd039257e0e19771 
c0372c403d23ef8c 77b27c368d02505d f80884e377a65ab9 1246a34118a1a3de 3af5af1307b3f34e 
4a8ba92a4b329e31 cfd463146a35560c eb575c24ad8117ac cdac845dde665581 5fe5a60ce29d7252 
291e4c0971e4ae42 2776d827b2c02f7c b3e31e57a6fb650b 2ed0dc430ba8f806 05594681d4c6c98d 

After Chi:
2edee21c22635932 5fde612077bdab75 adcf48d097ac0d55 25008eb1854175fc b6e921e15f89831b 
de6803c7748450f0 47a5f000e8a2b309 033fcda45fb18ae3 60ddec4b0701ffa9 9803925b00ed9761 
e12368410de7cfce 5790e4151dc2792d e8a886b075dc3aba 3016fb4319290bd8 3aedef9213f17ac3 
4c4a2b3e4132ce0d 875c46042a08960d af5b1ca4bc810fe8 dcae85ed4a275029 cfe1ae6cea845042 
f93e4ce86570ae83 a7574a273ac23b74 b3c38b77e6ebe7a9 a6a5bc054bae7206 4c5bd49774a6dded 

After Iota:
2edee21ca263d93b 5fde612077bdab75 adcf48d097ac0d55 25008eb1854175fc b6e921e15f89831b 
de6803c7748450f0 47a5f000e8a2b309 033fcda45fb18ae3 60ddec4b0701ffa9 9803925b00ed9761 
e12368410de7cfce 5790e4151dc2792d e8a886b075dc3aba 3016fb4319290bd8 3aedef9213f17ac3 
4c4a2b3e4132ce0d 875c46042a08960d af5b1ca4bc810fe8 dcae85ed4a275029 cfe1ae6cea845042 
f93e4ce86570ae83 a7574a273ac23b74 b3c38b77e6ebe7a9 a6a5bc054bae7206 4c5bd49774a6dded 

After Theta:
edd287d1acc4072a 9cd204ed791a7564 6ec32d1d990bd344 e60ceb7c8be6abed 75e5442c512e5d0a 
388e5b11327d2388 a143a8d6ae5bc071 e5d995721948f99b 863bb49d41f88cd1 7ee5ca8d4614e419 
6d0b9c0c27ac611a dbb810583789d7f9 648072fd5f97946e bc3e0f0e3362a50c b6c51bdf39bad417 
1603ff5e22b08825 dd159264498ad025 f512c8c4df0349c0 86e7518d29a51601 95a87a0c8906166a 
1070df8e231deaf8 4e19d9417caf7f0f 5a8d1811a086a3d2 4feb2f630dc3367d a51547f132cb9996 

After RhoPi:
edd287d1acc4072a e22b088251603ff5 711cb62264fa4710 7118ef57c08386fc 9b42e70309eb1846 
bc071a143a8d6ae5 9417caf7f0f4e19d ee04160de275fe76 91a75649cd204ed7 12ee8ac93224c568 
bca373240397eafc 761968ecc85e9a23 89be069381ea2591 6655c86523e66f97 4351e92d468c08d0 
31a534a2c030dcea 119a30c77693a83f eb2f630dc3367d4f 078719b152865e1f cd57dbcc19d6f917 
51fc4cb2e665a945 f6d8a37be7375a82 10b144b97429d795 6a95a87a0c890616 fb972a3518539065 

After Chi:
ed72e6f1add68732 8023288a596a25d7 70a6b6b065704691 17486773e245a7fc da5386274d6310d6 
bd031e96faad7ee7 9595daf4c675c181 8c057701a061a638 902547d99d205edf 9ee898092b76346f 
fcfb3b3425d2cbf9 9059ebd4497ac8a3 992e0223b5e3a701 0e45682f2fef6f97 71d1c91c468d08b0 
9da7b7e3c8b0dac0 11b9384766d38d4a 8a23d10fc3e47d4f 168f5eb49284def7 cd171ece187ef115 
41f954b6f46cc180 e2cc610e47a39a8a 9eb144b4f62c6ff3 ea32b87201a94e15 fb3b22fd2a57554d 

After Iota:
ed72e6f12dd68738 8023288a596a25d7 70a6b6b065704691 17486773e245a7fc da5386274d6310d6 
bd031e96faad7ee7 9595daf4c675c181 8c057701a061a638 902547d99d205edf 9ee898092b76346f 
fcfb3b3425d2cbf9 9059ebd4497ac8a3 992e0223b5e3a701 0e45682f2fef6f97 71d1c91c468d08b0 
9da7b7e3c8b0dac0 11b9384766d38d4a 8a23d10fc3e47d4f 168f5eb49284def7 cd171ece187ef115 
41f954b6f46cc180 e2cc610e47a39a8a 9eb144b4f62c6ff3 ea32b87201a94e15 fb3b22fd2a57554d 

After Theta:
9543d41416154f44 f8121a6f62a9edab 089784555eb38eed 6f795596d9866f80 a262b4c276a0d8aa 
79df60e82414ab4a 5149a48a18cc142c 48d9097f7ed87395 54f939a743998b72 5a34e677f5cfe1c2 
edef6a24c1c7b258 814dbac4ad6fb102 883a533351f6dea0 1f51393fcbfa1636 60c5980ca2987111 
4ea41315a4a346fe c2ba9cb10ac01174 592075f9aff7e171 c58cfa42fe9742c9 1e14ba38746d6d2b 
3d8579586ec5620e 9eb04ce0dd0a3904 e2cd695a6c85cc7d 964e959c9b00ed9b 87470f13b0fef6c3 

After RhoPi:
9543d41416154f44 5a4a346fe4ea4131 f3bec1d048295694 c3762b1071ec2bca 3b7bda893071ec96 
c142c5149a48a18c ce0dd0a39049eb04 536eb12b5bec40a0 2a9edabf8121a6f6 ba615d4e58856008 
b6f50441d2999a8f 44bc22aaf59c7768 f35fefc2e2b240eb 6425fdfb61ce5523 42e63ef166b4ad36 
485fd2e85938b19f 316e4a9f2734e873 4e959c9b00ed9b96 9c9fe5fd0b1b0fa8 0cdf00def2ab2db3 
c3c4ec3fbdb0e1d1 2c18b30194530e22 d309da8362aa898a 2b1e14ba38746d6d 68d399dfd73f8709 

After Chi:
a3f6d45556845547 5afa1667817e5559 53af8f10e83b56df 87570e5011227acb 7bfdf838164161a0 
894817bc9368809c ff4f98b692696317 5feea1325ba1dbb4 b204dabb8b30ac7e b6785d40c88e6089 
357528567619dacf 48ac93aa65df7168 6257adc280b040e3 4725edf951aa3566 22e6a7f063a02f3e 
5c5cc2e85b3dbf9b 632c4ef1479ca962 6e239dcb08eccd82 5cffcefd4a930d2a 1ff742ded2eb4525 
83c4ed3f35f84159 a81d73818452a426 d349eaa8716e89aa 0396c415b875e959 e8d39c999fbb8701 

After Iota:
a3f6d455d684d5cc 5afa1667817e5559 53af8f10e83b56df 87570e5011227acb 7bfdf838164161a0 
894817bc9368809c ff4f98b692696317 5feea1325ba1dbb4 b204dabb8b30ac7e b6785d40c88e6089 
357528567619dacf 48ac93aa65df7168 6257adc280b040e3 4725edf951aa3566 22e6a7f063a02f3e 
5c5cc2e85b3dbf9b 632c4ef1479ca962 6e239dcb08eccd82 5cffcefd4a930d2a 1ff742ded2eb4525 
83c4ed3f35f84159 a81d73818452a426 d349eaa8716e89aa 0396c415b875e959 e8d39c999fbb8701 

After Theta:
eb08ab4903b33ed1 1204697b5449be44 1b51f00c3d0cbdc2 cfa9714cc41591d6 33038724c3768abd 
2bdb14996933af85 5ddc9b9368324c0e fd7da217a1faf4ad 1097d99e716b8367 14eb5e6532d54f90 
3c57ba76776c08ef 418e018a64aaa348 6b753fe281c592c3 4e077fd950dfe746 2bc435d062d5fd1e 
01bbc7ea34554b9d 3ecb4bf328f45d64 33c498c967843984 0118cbff25fbf92c 421047dcbd83b123 
3d8c065bc888486f 165598e57922ad10 6d0101cc8c1e809c bdde2f714505e06f 569b77fd62cb8e37 

After RhoPi:
eb08ab4903b33ed1 a34554b9d01bbc7e 57b62932d2675f0a de44424379ec6032 cf15ee9d9ddb023b 
24c0e5ddc9b93683 8e57922ad1016559 638062992aa8d210 449be441204697b5 b21f65a5f9947a2e 
2c961b5ba9ff140e da8f8061e865ee10 92cf087308678931 f6885e87ebd2b7f5 0f404e368080e646 
7fe4bf7f25802319 706ce212fb33ce2d de2f714505e06fbd bfeca86ff3a32703 2b23ad9f52e29988 
ddff58b2e38dd5a6 c57886ba0c5abfa3 1c930dda2af4cc0e 23421047dcbd83b1 53ad7994cb553e40 

After Chi:
e31eb14b23f53edd f3cd54f8f87f367e c7f92150d220562b 6c4458c5b27c4072 c255e48f9ddb867b 
77a041f9cdb91592 ae37f038c2136574 2fa0139d2f28b49c 4dff4429306797b7 923cc42cabf663a6 
ac8d5bdb6bf2c0a8 5f9f84c9ec2ddf92 925f04e922730933 f68a4e87e7ce3745 5fcc1e360995c006 
5de41c3625b20948 5269b2132b32ce71 9d0b5165d5e37cbd 63e8ea6fd2e34701 a7332b96466899b3 
d93f1c262b85d5a4 c96a04b80d5afea2 3c934f53027c4c1e 23d9b447dcbf1434 63a778b4ab514644 

After Iota:
631eb14b23f53e56 f3cd54f8f87f367e c7f92150d220562b 6c4458c5b27c4072 c255e48f9ddb867b 
77a041f9cdb91592 ae37f038c2136574 2fa0139d2f28b49c 4dff4429306797b7 923cc42cabf663a6 
ac8d5bdb6bf2c0a8 5f9f84c9ec2ddf92 925f04e922730933 f68a4e87e7ce3745 5fcc1e360995c006 
5de41c3625b20948 5269b2132b32ce71 9d0b5165d5e37cbd 63e8ea6fd2e34701 a7332b96466899b3 
d93f1c262b85d5a4 c96a04b80d5afea2 3c934f53027c4c1e 23d9b447dcbf1434 63a778b4ab514644 

After Theta:
5c4e6ec6069e6be8 cc9d8b75dd1463c0 f8a9feddf74b0395 53148748971715cc fd053b02b8b0d3c5 
1e8c2fc47c5b4f0d c71b9e0573f13feb 468c7da09ecaee03 24d32a148185cd28 fb10aa111a143939 
29c304f04f313aaf dad1dbe2c8ee2595 17115bc206b0f334 73c411acc30dcd42 da82411d2d563a01 
4c9ea100c8df82d2 43130f25c65f45eb 8c71ec53388ef727 729257593f8ecc9b b64996a0ab051229 
7d14d3cd28768087 6d41cb530ea9ab81 98b880b8018f193d 87f27bacdf4c4117 c78cb75fa8a21367 

After RhoPi:
5c4e6ec6069e6be8 0c8df82d24c9ea10 3d185f88f8b69e1a 6943b4043be8a69e ca70c13c13cc4eab 
13febc71b9e0573f b530ea9ab816d41c b476f8b23b896576 d1463c0cc9d8b75d f5a1898792e32fa2 
8799a0b88ade1035 c54ff6efba581caf a6711dee4f18e3d8 31f6827b2bb80d1a c78c9ecc5c405c00 
eb27f1d9936e524a b9a5049a65429030 f27bacdf4c411787 08d66186e6a139e2 2e2b98a6290e912e 
2dd7ea2884d9f1e3 3b504823a5aac740 ec0ae2c34f17f414 29b64996a0ab0512 ec42a8446850e4e7 

After Chi:
d84f6e4e04806be8 4cc2ec482681e2b3 3f195ac4bca61c92 49f3367719c8ae9c c87cd7745fcc1eab 
7bd8ed30a8c01575 8d90ea8afd14540c e47c58a33bc87171 d9465d880dd987bd dd8289a5b3edae8c 
8349aa988e4fb194 c71fbece3af05bef aa715fee4c0e03c8 10d68a6b2bb2090a 07ccbe8c1c1038c1 
bb2ff51f91685842 bd28b4966503b820 e36bb1d7fce11d8d 4897d586fde19b6e 2c1bd99e3a829b26 
2e677a193db9e5f4 8a604ab13dbcd34c 6c6c42f14c1e9570 b9b2419e60bb1453 d9c3a0c7e873c5e7 

After Iota:
584f6e4e0480eb61 4cc2ec482681e2b3 3f195ac4bca61c92 49f3367719c8ae9c c87cd7745fcc1eab 
7bd8ed30a8c01575 8d90ea8afd14540c e47c58a33bc87171 d9465d880dd987bd dd8289a5b3edae8c 
8349aa988e4fb194 c71fbece3af05bef aa715fee4c0e03c8 10d68a6b2bb2090a 07ccbe8c1c1038c1 
bb2ff51f91685842 bd28b4966503b820 e36bb1d7fce11d8d 4897d586fde19b6e 2c1bd99e3a829b26 
2e677a193db9e5f4 8a604ab13dbcd34c 6c6c42f14c1e9570 b9b2419e60bb1453 d9c3a0c7e873c5e7 

After Theta:
ddb4eb276003ab6f c93969214202a2bd bae2dfadd8255c9c cc08b31e7d4bee92 4d87521d3b4f5ea5 
23b92a4eee4400f3 d5f12df4bb90418a bc1d9fdd7d4c64f7 81279af64b5d923b 85e34edbf569bb0a 
9678d921c1b453e2 d22ecd77750bb999 bf402c5703f5e1be 05e7f9d26449eb7c 12fdcd3553ebdab7 
1227ac41d7dd64c3 1420edc823b684a1 4a63e889ba54210c e19f8cd8bb54a7ef 851380c07c37a7a7 
fbb1f5dc431752bc 5fb6c57443126404 b9bacd3432b02238 6c64ce5b1e15a31b 0c152f0296dd72af 

After RhoPi:
ddb4eb276003ab6f 1d7dd64c31227ac4 4772549ddc8801e6 e218ba95e7dd8fae a59e3648706d14f8 
0418ad5f12df4bb9 574431264045fb6c 8bb35ddd42ee6674 202a2bdc93969214 508a1076e411db42 
af0df5fa0162b81f d716fd6ec12ae4e5 1374a8421894c7d1 767f75f53193def0 58111c5cdd669a19 
9b176a94fdfc33f1 b2477024f35ec96b 64ce5b1e15a31b6c fce93224f5be02f3 97dd259811663cfa 
4bc0a5b75cabc305 e25fb9a6aa7d7b56 4874ed3d7a95361d a7851380c07c37a7 178d3b6fd5a6ec2a 

After Chi:
76b1bb8761231b69 9d6f1a04b0087e45 5736f49fc4988067 b44deeb4c7dcc34e ad8f3a40690b14e1 
140aa75bee434859 770531267211f266 ef390ec147cd7e58 a8aa29dc57ba9217 d74631f6e411ffa0 
efcd70d90161781b 970e74ecc90bd6f1 1b440c637280e3c0 757b747531d3ebf4 5811063b19e65a19 
0f232094ddfc1b9b af67366ce25cc9eb 63cc4b9e91ab1a8e bcf19a31d23f8afb 37cf2198312f2c2a 
4bc8a1ef4e778395 a05f9884ea38fa7e c0f5e47d78f3500d a7a712c8d07e27b7 478d3b5951b62728 

After Iota:
f6b1bb8761239b6a 9d6f1a04b0087e45 5736f49fc4988067 b44deeb4c7dcc34e ad8f3a40690b14e1 
140aa75bee434859 770531267211f266 ef390ec147cd7e58 a8aa29dc57ba9217 d74631f6e411ffa0 
efcd70d90161781b 970e74ecc90bd6f1 1b440c637280e3c0 757b747531d3ebf4 5811063b19e65a19 
0f232094ddfc1b9b af67366ce25cc9eb 63cc4b9e91ab1a8e bcf19a31d23f8afb 37cf2198312f2c2a 
4bc8a1ef4e778395 a05f9884ea38fa7e c0f5e47d78f3500d a7a712c8d07e27b7 478d3b5951b62728 

After Theta:
da4c4e2cec3ee1b2 b192efaf3d15049d 7bcb01344985fabf 98b01b1f4ac1b996 8172cfebe4166e39 
acfad28270980330 cff544ffeccab90f 57c97b18d9163531 105a5c05c961d97e 6fb6442f7acab4c9 
8d7a3dd1f3630d95 f5b939e43b09a37f 79f3416b8082964e 17cc397dc3d19e7a 3aa64b33ebe42f97 
d75fb382f5cbb5af 771ba57aca6b67df bbb0d888b99cb4ba 648d0927fa0824cf efb3b28e1918821e 
492b44f175a58874 a2bc7d9ad1eaf19f c216016343215bec a544f7d6ebac2c56 456ede476a642cc9 

After RhoPi:
da4c4e2cec3ee1b2 2f5cbb5afd75fb38 59f5a504e1300661 8bad2c43a2495a27 635e8f747cd8c365 
ab90fcff544ffecc d9ad1eaf19fa2bc7 6e4e790ec268dffd d15049db192efaf3 efbb8dd2bd6535b3 
14b273cf9a0b5c04 de5809a24c2fd5fb 11733969757761b1 25ec636458d4c55f 90adf6610b00b1a1 
24ff410499ec91a1 3b2fc20b4b80b92c 44f7d6ebac2c56a5 1cbee1e8cf3d0be6 83732d3160363e95 
b791da990b32515b e754c9667d7c85f2 3faf9059b8e605cb 1eefb3b28e191882 bed910bdeb2ad325 

After Chi:
ce6e4d2c663ee1b2 290cba5ab9702f00 48c4a565d4272661 af010e67e2995f2b 735afd557ed84365 
8bddfcff55ab7f6d f88adca61a7a03c3 2acabf8c4a60c9f9 c942c9539e07f053 ece984c2dd533ba7 
87b2e95698191c5e 1a0800c67853d129 2a7b397965b560fb 27ad717658d4d55f ac25e6ed80087081 
6cb345207de03101 3327f013cb81c324 04a7f3efed3c5485 9dbeeda9ef7d49c3 c275a27174e63ed5 
96016a4a1b734f17 37f5cdc37df68535 19a5c853baaedc57 4ebff22a973fb852 3278103f6a0fe7b7 

After Iota:
4e6e4d2c663e61b0 290cba5ab9702f00 48c4a565d4272661 af010e67e2995f2b 735afd557ed84365 
8bddfcff55ab7f6d f88adca61a7a03c3 2acabf8c4a60c9f9 c942c9539e07f053 ece984c2dd533ba7 
87b2e95698191c5e 1a0800c67853d129 2a7b397965b560fb 27ad717658d4d55f ac25e6ed80087081 
6cb345207de03101 3327f013cb81c324 04a7f3efed3c5485 9dbeeda9ef7d49c3 c275a27174e63ed5 
96016a4a1b734f17 37f5cdc37df68535 19a5c853baaedc57 4ebff22a973fb852 3278103f6a0fe7b7 

After Theta:
7295646bcaefd566 15f7931d15a19bd6 743f8c2278f692b7 93fa27204e48ebfd 4fa1d412d209f7b3 
00b2d33a78c51b56 73e5f363371467f8 a1a59049670eadc2 422de696b3699468 6786ab07f03d5f9c 
f274291b5f71c191 6fcec08bbf3b0ce6 5fbdf934a2ddbd34 526bb13b9fbc0890 d9e326a04760ad4e 
d9d719cc62f5aa72 8643acffd4945857 b1c3af03f229cff6 28dab145f068d2b0 7711fe9d6bf3a5a6 
7502210df5e5779e d4f686849360bdbc faa683145438e4de adbcb96d79a980db d17b5b788499df3e 

After RhoPi:
7295646bcaefd566 c62f5aa72d9d719c 0165a674f18a36ac 6faf2bbcf3a81108 7c9d0a46d7dc7064 
467f873e5f363371 6849360bdbcd4f68 f3b022efcec3399b 5a19bd615f7931d1 2bc321d67fea4a2c 
ede9a2fdefc9a516 a1fc6113c7b495bb 07e4539fed63875e 9641259c3ab70a86 1c726f7d53418a2a 
28be0d1a56051b56 328d0845bcd2d66d bcb96d79a980dbad d89dcfde04482935 91d7fb27f44e409c 
d6de212677cfb45e db3c64d408ec15a9 504b4827decd3e87 a67711fe9d6bf3a5 9e1aac1fc0f57e71 

After Chi:
db1544aa6a265160 479b1bb729ade10f 0521f764d0aab0e8 ebef2b20d32e1b0e 68ad446fd7ddf066 
46698a3c4f322931 7a483e4fe38f0d2c 4ba90e8fce43613a 128577235b3110e0 aa46b1d4dbe40ab8 
3ba982d9ce03011e 68cc0583c798943b 47a65399bb2ea35c b02335bca394d806 127a6b6553f0b44b 
08bf4953de255a76 368e126699c3b679 bd9dcb298882db85 9115e5de66c8293d f152f967e3464098 
d2b4a23262df964f f37c40dcdaac1bc9 a2db48acd08c3794 b66785bf913ad374 9d588d8fe8d77479 

After Iota:
5b1544aa6a2651e0 479b1bb729ade10f 0521f764d0aab0e8 ebef2b20d32e1b0e 68ad446fd7ddf066 
46698a3c4f322931 7a483e4fe38f0d2c 4ba90e8fce43613a 128577235b3110e0 aa46b1d4dbe40ab8 
3ba982d9ce03011e 68cc0583c798943b 47a65399bb2ea35c b02335bca394d806 127a6b6553f0b44b 
08bf4953de255a76 368e126699c3b679 bd9dcb298882db85 9115e5de66c8293d f152f967e3464098 
d2b4a23262df964f f37c40dcdaac1bc9 a2db48acd08c3794 b66785bf913ad374 9d588d8fe8d77479 

After Theta:
6daf1ecfbf62f200 712141d2fce942ef 339bad0105ee1308 dd557145066ab8ee 5e171e0a02995386 
b1b1593e5d427637 8d90ed4df1ff522a bc71dd8ddc333e3c e55da42149414fe6 5d9e62d6c99455be 
3335e798b9fce23e 605060c2b067771b 4f3a36d8ccd1407c b8bf50fdd46b3b26 1ae60e24240f576b 
ee7c87adbed03a7d d04ddc98f936d672 5b5e05d7e877bb8e 77d62b20063d4936 1791379983b32093 
0484a0fa07901ebf 254c4214bfe39339 74eb4a64b5c3bf64 60578777f4755b84 4b688f478d98fc89 

After RhoPi:
6daf1ecfbf62f200 dbed03a7dee7c87a 6362b27cba84ec6f d03c80f5f8242507 8ccd79e62e7f388f 
f522a8d90ed4df1f 214bfe39339254c4 141830ac19ddc6d8 ce942ef712141d2f 396826ee4c7c9b6b 
8a03e279d1b6c666 9cdd68082f709841 afd0ef771cb6bc0b c7763770ccf8f2f1 e1dfb23a75a5325a 
6400c7a926cefac5 29fcdcabb4842928 578777f4755b8460 a87eea359d935c5f d571ddbaaae28a0c 
23d1e3663f2252da 635cc1c48481eaed 78280a654e19785c 931791379983b320 76798b5b265156f9 

After Chi:
67ae5cef6e40f260 477903a7d287407b c8a27d2fbea6d46c d15e91f534ccc7d7 4c5ae9f61ffe189f 
9122ad59289ce79e 006b6a9aa31675ec 441f202c7894c6b8 e69ce6f203171121 2d486b6ec63e136f 
89d2c23fc896c67c dedd694c2f715a84 87f8e77616b6c417 d4772672ccf851d1 c3d7b07b71b466ab 
282edb20a68e5ac5 b15dde88eee2293a 54c5c7ecc5df0043 e856eaf5fdb75858 5df5ad1ea2cca20a 
b3d143763fb65fc5 435e3ddca591fe69 6c300ae54f407acc 9d97bf359b93ab08 47598d536651d599 

After Iota:
67ae5cef6e40726a 477903a7d287407b c8a27d2fbea6d46c d15e91f534ccc7d7 4c5ae9f61ffe189f 
9122ad59289ce79e 006b6a9aa31675ec 441f202c7894c6b8 e69ce6f203171121 2d486b6ec63e136f 
89d2c23fc896c67c dedd694c2f715a84 87f8e77616b6c417 d4772672ccf851d1 c3d7b07b71b466ab 
282edb20a68e5ac5 b15dde88eee2293a 54c5c7ecc5df0043 e856eaf5fdb75858 5df5ad1ea2cca20a 
b3d143763fb65fc5 435e3ddca591fe69 6c300ae54f407acc 9d97bf359b93ab08 47598d536651d599 

After Theta:
1cdbce202a8b7a93 3c0c9168964c4882 b3d7efe0fa6ddc95 aa2b033a7007cf2e 372f7b395b351066 
6afc432599f50180 fbb584e6127f93f2 bfc1ce50c9fd20a6 1d42088eb27ef73f d69685127757f571 
677ba3135b308324 30740860bcd71fdc 6951865a8510814f 3ade475e5f5e1489 2d7ed157e21223f3 
639b8d7ebbd87eb2 fae888d6f3b40d4d 1f7091b2d8892434 a3e3bcabe0e17c2f 1640fb40bf9a867d 
21267211bfd8a441 d1a90cbb25ff05ed fec73b82cf2e8148 0f608e521bfd508c d5aebc34e63f2e1d 

After RhoPi:
1cdbce202a8b7a93 ebbd87eb2639b8d7 d5f8864b33ea0300 8dfec52209093390 19dee8c4d6cc20c9 
f93f2fbb584e6127 cbb25ff05edd1a90 1d02182f35c7f70c 64c48823c0c91689 a6fd74446b79da06 
840a7b4a8c32d428 9ebf7f07d36ee4ad 65b11248683ee123 07394327f4829aff 9740a47f639dc167 
957c1c2f85f47c77 dee7e3a84111d64f 608e521bfd508c0f 23af2faf0a449d6f 0f9e5d54560674e0 
af0d398fcb87756b 65afda2afc42447e ece56cd44198dcbd 7d1640fb40bf9a86 5a5a1449dd5fd5c7 

After Chi:
18db9e60aebbee9b ffb0a7eca71b5cfa b549840b7bd20323 8ec786263d0bbbe6 08de68ffd64821a8 
e84b2b9e598a4970 8bf2df585ecc08d2 1d0c583ca087fb00 4442a4abca8d1389 ae632d447f7bee86 
ae0b5acac631d520 bfb767056f2ce49d e9d03e8c68b6b193 5b290377b439987f c700a476eac44060 
85aeda0fa5fc76e7 54f7e66943286ece 7196d010cf328f0f a347aaaf0344bc7f 0e1ab5d0548654e8 
4e2918149bc3744f 65ad823aa486467e e4e774f0459d28b1 1d1648fa807f9e8f fc7b0049f46e0fc1 

After Iota:
98db9e602ebbee91 ffb0a7eca71b5cfa b549840b7bd20323 8ec786263d0bbbe6 08de68ffd64821a8 
e84b2b9e598a4970 8bf2df585ecc08d2 1d0c583ca087fb00 4442a4abca8d1389 ae632d447f7bee86 
ae0b5acac631d520 bfb767056f2ce49d e9d03e8c68b6b193 5b290377b439987f c700a476eac44060 
85aeda0fa5fc76e7 54f7e66943286ece 7196d010cf328f0f a347aaaf0344bc7f 0e1ab5d0548654e8 
4e2918149bc3744f 65ad823aa486467e e4e774f0459d28b1 1d1648fa807f9e8f fc7b0049f46e0fc1 

After Theta:
9ffd7227041cea04 f8964bab8dbc586f b26f684c517507b6 89e16a6117acbf73 0ff884b8fcef253d 
74fb30457e17d214 1742c483795193b6 81bc43e7871a6064 d8f2bf70ed1088ed 32d3369f58e675e2 
21ba99cd284e6def 3006a40281535c52 6661fd8b86c9095c d498c0705a4620b0 48b1677104bbf8af 
bdf632972739394a 6caf0ef1c1ed2163 49ce38884df7c0a2 9b1f42378181f3d2 36425d48d6431b45 
ebcd4da1d7855df2 c049d78fe8c06fc3 4103214509db010c b8f21d4fcc39b732 599f55fcb828267c 

After RhoPi:
9ffd7227041cea04 72739394abdf6329 e9f6608afc2fa428 0ebc2aef975e6a6d c86ea6734a139b7b 
193b61742c483795 78fe8c06fc3c049d 01a900a054d7148c dbc586ff8964bab8 b1b6578778e0f690 
484ae3330fec5c36 937b42628ba83db5 109bef8144939c71 f10f9e1c69819206 ed8086208190a284 
46f0303e7a5363e8 111dbb1e57ee1da2 f21d4fcc39b732b8 60382d2310586a4c 597ee713c2d4c22f 
d57f2e0a099f1667 e9162cee20977f15 12e3f3bc94f43fe2 4536425d48d6431b cb4cda7d6399d788 

After Chi:
dfbdf02407b8a226 f172d1f4a85f5a09 f9e48f8bfc2f2c59 2eb632eff7df6a6b 846e2653cb039b7f 
1f8b71785c5b145d 78fa351aa87a049f e3ad00ec6df33604 dbf5a7dc993cd2f0 a1c836943aa4b6bb 
d945ed330e604831 7b794682abb95fa0 10795fb1c0d39133 f409dc4021079315 6f809e4ca099b704 
4c70601b7e538be8 037c280edca61d8a 1b094fce51bcb2b0 6ab0058187504228 595cc311cad6ca5c 
d57d2f5a21df03f6 e19a20ec74b77b81 12eaf39c94242f66 9477c64d40f6d38b fadc8bf95379b308 

After Iota:
5fbdf02487b822a7 f172d1f4a85f5a09 f9e48f8bfc2f2c59 2eb632eff7df6a6b 846e2653cb039b7f 
1f8b71785c5b145d 78fa351aa87a049f e3ad00ec6df33604 dbf5a7dc993cd2f0 a1c836943aa4b6bb 
d945ed330e604831 7b794682abb95fa0 10795fb1c0d39133 f409dc4021079315 6f809e4ca099b704 
4c70601b7e538be8 037c280edca61d8a 1b094fce51bcb2b0 6ab0058187504228 595cc311cad6ca5c 
d57d2f5a21df03f6 e19a20ec74b77b81 12eaf39c94242f66 9477c64d40f6d38b fadc8bf95379b308 

After Theta:
ead8ea3621ef902e 4417cbe60e08e880 4c8195995a789ed0 9bd328fd5188d8e2 310b3c416d5429f6 
b1e1a7867a66f4d8 d690e3e48e47e41a 4dc7d6124bced681 759f7122bf013275 0fa2e06a1c99563e 
e877ba6249b553f0 4a4b11d3ec6c4461 214b08e087068af2 c53b8b1166d288d4 5eb2c91de74cacc5 
f4f1b52a3f41467f bbfdfd3f9db4d01d a3889aff10ae7f27 d231d0b0c6428fbf e1dd16208bc407cb 
49739bde4139e497 7d94946814519ce0 8ee44718f4c2c807 087972c9201034ea 66d23f7d339f5469 

After RhoPi:
ead8ea3621ef902e a3f41467ff4f1b52 63c34f0cf4cde9b1 f209cf24ba4b9cde 3a1dee98926d54fc 
7e41ad690e3e48e4 46814519ce07d949 92c474fb1b111852 e08e8804417cbe60 0eddfefe9fceda68 
3457910a58470438 640caccad3c4f682 fe215cfe4f471135 1f58492f3b5a0537 616403c772238c7a 
1618c851f7fa463a 264eaeb3ee2457e0 7972c9201034ea08 c588b369446a629d 11b1c537a651faa3 
8fdf4ce7d51a59b4 abd65923bce99598 f105b550a7d8c42c cbe1dd16208bc407 3e8b81a8726558f8 

After Chi:
eacefa3471ae9436 83f8bca5ee8f3dd0 0fe24708b08be894 ed598e0f80499dc9 5b3def99f24c50ee 
7c49e538a9860ae6 44c34728e227d829 9396f5fb0b21f25a 200e3a44055cdce8 1e4c3ace1b9ea8e9 
bd9095ac58471dbc ed9cfdcac30d769a 7e2468aee88f1511 153905391bdb8135 4f6e034f22078c22 
76186a41d71fc630 266eaaf7ad225da2 7bb0832c4031c399 f580b149de2a7a45 11a5ab272659fea7 
9bde49aedb0a1174 efd7183bbce95591 610185a3acc8d46e cb67dd1661bfe627 3a4b91ce7fe7d2f8 

After Iota:
6acefa3471ae14b6 83f8bca5ee8f3dd0 0fe24708b08be894 ed598e0f80499dc9 5b3def99f24c50ee 
7c49e538a9860ae6 44c34728e227d829 9396f5fb0b21f25a 200e3a44055cdce8 1e4c3ace1b9ea8e9 
bd9095ac58471dbc ed9cfdcac30d769a 7e2468aee88f1511 153905391bdb8135 4f6e034f22078c22 
76186a41d71fc630 266eaaf7ad225da2 7bb0832c4031c399 f580b149de2a7a45 11a5ab272659fea7 
9bde49aedb0a1174 efd7183bbce95591 610185a3acc8d46e cb67dd1661bfe627 3a4b91ce7fe7d2f8 

After Theta:
a456cc18185919cb 4d608a89877830ad c17a7124d97ce5e9 23c1b823e9be90b4 95a5d9b59bbb5d93 
c407884b601be073 fc8d2a5b2bba32bc 2bd89888c2bc18cf 98405737ccc1367d a60257bdd203427c 
b708712482faf0fb e704194219b09bdd 74bc8c263232f856 1fa1e1b1c1666c72 45f6e7c7f8ba6165 
ca2e5d2237e1fdb9 9a589d944ddc662b c786b44fa0cff810 49b6862a3ed441cc ad939c44c6a7c52e 
f55dd044a22bd437 815481d1c5c890d2 0f821c49d5e9112d a5e444fc189e2364 54c8082406c617bb 

After RhoPi:
a456cc18185919cb 237e1fdb9ca2e5d2 880f1096c037c0e7 25115ea1bfaaee82 edc21c4920bebc3e 
a32bcfc8d2a5b2bb 1d1c5c890d281548 c10650866c26f779 77830ad4d608a898 15cd2c4eca26ee33 
97c2b3a5e4613191 0bd38926cbe72f4e 9f419ff0218f0d68 6262230af0633caf f4889687c10e24ea 
c547da88398936d0 26cfb3080ae6f998 e444fc189e2364a5 f0d8e0b336390fd0 7d216847837047d3 
020901b185eed532 a8bedcf8ff174c2c 66d66eed764e5697 2ead939c44c6a7c5 98095ef7480d09f2 

After Chi:
b096fc3d3c1918cb 21bd9efd5e65cfd4 964e9fe6c1bec8e7 25717fab9fc9faa5 0dc28ec821b6bcf6 
e32e87c0cb2db4fb 39106e810d28c5d8 a102308ef20697fc e71bca65d010abc8 1cec440ec856ad22 
95cab2946007f0b3 83e3c5d63ef62b6a 9dd39d1541c31f7a 6c473006b0a59caa 7480803789032cca 
6111168021983e19 258fb00b0a46584a 6c4dec0a1e12e4c5 f1c8ac928d1147d2 18e3684fa3c2f3df 
01200271474a7702 b4be9cf8fe1f5c24 27d62eed5a4e618f 7c2f93c804c6a7dd 88047ef1820d4bf3 

After Iota:
b096fc3dbc1918ca 21bd9efd5e65cfd4 964e9fe6c1bec8e7 25717fab9fc9faa5 0dc28ec821b6bcf6 
e32e87c0cb2db4fb 39106e810d28c5d8 a102308ef20697fc e71bca65d010abc8 1cec440ec856ad22 
95cab2946007f0b3 83e3c5d63ef62b6a 9dd39d1541c31f7a 6c473006b0a59caa 7480803789032cca 
6111168021983e19 258fb00b0a46584a 6c4dec0a1e12e4c5 f1c8ac928d1147d2 18e3684fa3c2f3df 
01200271474a7702 b4be9cf8fe1f5c24 27d62eed5a4e618f 7c2f93c804c6a7dd 88047ef1820d4bf3 

After Theta:
d7630e2881427e26 46486ce8633ea938 f1bb6df3fce5ae0b 42848dbea2929c49 6a377cdd1cedda1a 
ea823f491bb804d6 30bcd608ddbd75f5 a8ae8807229327d1 eeb772ec00851be5 1540fc8718c31d0f 
96f0f9887a7c7db1 80d98eca248da668 9ee9d6095bb89278 6f7d7b1aaade11a8 77bacb2b9378a1c8 
3eeaf65cccad07d4 7a7450d7e7736187 33b60cd6f327dd08 ae334c4e60247e1f 471888934ef7ca12 
9f7494a6672ff2cd 2aea0a2fde7ad9eb b982b83a7a2be440 e27b051f24a32212 1650e826a268ce3c 

After RhoPi:
d7630e2881427e26 cccad07d43eeaf65 d5047e92377009ad 33397f966cfba4a5 65bc3e621e9f1f6c 
d75f530bcd608ddb a2fde7ad9eb2aea0 3663b28923699a20 33ea93846486ce86 c3bd3a286bf3b9b0 
c493c4f74eb04add 8ddb6f9fe72d705f ade64fba10676c19 ba201c8a4c9f46a2 15f2205cc15c1d3d 
89cc048fc3f5c669 a37cbdd6ee5d8010 7b051f24a32212e2 bd8d556f08d437be 25389285091b7d45 
3a09a89a338f0594 0ef75965726f1439 f37473b76869a8dd 12471888934ef7ca 5503f21c630c743c 

After Chi:
d7e38adc83d23c22 c1c8d86f22e3ff3a 5c8033a027766db4 bb39739c64e2a485 71fe3e369e931b61 
de1353034c2509fb 80d977ed96e22ea0 6462a28d806988c2 3667d2e164c6ff9a e3b5a8a963f0d9f0 
f6926ce77eba4b49 81582fbef70f6476 2d962f29582ec404 b862140adf9586e2 45f14044a3581d05 
4cae02af43b5bc4b 63743dceefdd2b54 7f051324b43213c2 9cb532796465379b 05849ee715887605 
3a15f9997faf844d 2cc27ee5ee7f14b9 d117f3be68603add 12859888934abdc8 d702f214026cd4ac 

After Iota:
57e38adc03d2bc2a c1c8d86f22e3ff3a 5c8033a027766db4 bb39739c64e2a485 71fe3e369e931b61 
de1353034c2509fb 80d977ed96e22ea0 6462a28d806988c2 3667d2e164c6ff9a e3b5a8a963f0d9f0 
f6926ce77eba4b49 81582fbef70f6476 2d962f29582ec404 b862140adf9586e2 45f14044a3581d05 
4cae02af43b5bc4b 63743dceefdd2b54 7f051324b43213c2 9cb532796465379b 05849ee715887605 
3a15f9997faf844d 2cc27ee5ee7f14b9 d117f3be68603add 12859888934abdc8 d702f214026cd4ac 

